<?xml version="1.0" encoding="UTF-8"?>
<!-- Generated by org.testng.reporters.JUnitXMLReporter -->
<testsuite hostname="IN-BLR-SHRVSL1" name="Default test" tests="1" failures="0" timestamp="14 Nov 2018 12:05:25 GMT" time="0.02" errors="0">
  <testcase name="@BeforeSuite setUpClass" time="0.0" classname="CDMNext.runner.TestRunner">
    <failure type="cucumber.runtime.DuplicateStepDefinitionException" message="Duplicate step definitions in CDMNext.StepDefinations.SearchTest.user_has_successful_logged_in() in file:/C:/Users/mnadiya/Documents/cucumber_project/target/classes/ and CDMNext.StepDefinations.Exceldatacomparision.user_has_successful_logged_in() in file:/C:/Users/mnadiya/Documents/cucumber_project/target/classes/">
      <![CDATA[cucumber.runtime.DuplicateStepDefinitionException: Duplicate step definitions in CDMNext.StepDefinations.SearchTest.user_has_successful_logged_in() in file:/C:/Users/mnadiya/Documents/cucumber_project/target/classes/ and CDMNext.StepDefinations.Exceldatacomparision.user_has_successful_logged_in() in file:/C:/Users/mnadiya/Documents/cucumber_project/target/classes/
	at cucumber.runtime.RuntimeGlue.addStepDefinition(RuntimeGlue.java:33)
	at cucumber.runtime.java.JavaBackend.addStepDefinition(JavaBackend.java:151)
	at cucumber.runtime.java.MethodScanner.scan(MethodScanner.java:68)
	at cucumber.runtime.java.MethodScanner.scan(MethodScanner.java:41)
	at cucumber.runtime.java.JavaBackend.loadGlue(JavaBackend.java:86)
	at cucumber.runtime.Runtime.<init>(Runtime.java:92)
	at cucumber.runtime.Runtime.<init>(Runtime.java:70)
	at cucumber.runtime.Runtime.<init>(Runtime.java:66)
	at cucumber.api.testng.TestNGCucumberRunner.<init>(TestNGCucumberRunner.java:42)
	at CDMNext.runner.TestRunner.setUpClass(TestRunner.java:26)
	at sun.reflect.NativeMethodAccessorImpl.invoke0(Native Method)
	at sun.reflect.NativeMethodAccessorImpl.invoke(NativeMethodAccessorImpl.java:62)
	at sun.reflect.DelegatingMethodAccessorImpl.invoke(DelegatingMethodAccessorImpl.java:43)
	at java.lang.reflect.Method.invoke(Method.java:498)
	at org.testng.internal.MethodInvocationHelper.invokeMethod(MethodInvocationHelper.java:85)
	at org.testng.internal.Invoker.invokeConfigurationMethod(Invoker.java:510)
	at org.testng.internal.Invoker.invokeConfigurations(Invoker.java:211)
	at org.testng.internal.Invoker.invokeConfigurations(Invoker.java:138)
	at org.testng.SuiteRunner.privateRun(SuiteRunner.java:298)
	at org.testng.SuiteRunner.run(SuiteRunner.java:261)
	at org.testng.SuiteRunnerWorker.runSuite(SuiteRunnerWorker.java:52)
	at org.testng.SuiteRunnerWorker.run(SuiteRunnerWorker.java:86)
	at org.testng.TestNG.runSuitesSequentially(TestNG.java:1191)
	at org.testng.TestNG.runSuitesLocally(TestNG.java:1116)
	at org.testng.TestNG.run(TestNG.java:1024)
	at org.testng.remote.AbstractRemoteTestNG.run(AbstractRemoteTestNG.java:114)
	at org.testng.remote.RemoteTestNG.initAndRun(RemoteTestNG.java:251)
	at org.testng.remote.RemoteTestNG.main(RemoteTestNG.java:77)
]]>
    </failure>
  </testcase> <!-- @BeforeSuite setUpClass -->
  <testcase name="feature" time="0.0" classname="CDMNext.runner.TestRunner">
    <skipped/>
  </testcase> <!-- feature -->
</testsuite> <!-- Default test -->
