<?xml version="1.0" encoding="UTF-8"?>
<!-- Generated by org.testng.reporters.JUnitXMLReporter -->
<testsuite hostname="IN-BLR-SHRVSL1" name="Test" tests="1" failures="1" timestamp="24 May 2018 12:50:07 GMT" time="156.212" errors="0">
  <testcase name="feature" time="155.379" classname="CDMNext.runner.TestRunner">
    <failure type="cucumber.runtime.CucumberException" message="java.lang.AssertionError: BLS OR Best Lending Rate doesnot exists in the Country: Lithuania
Name: BL Forecast: Current Account Balance: % of GDP
Unit: %
Frequency: Yearly
First date: 12/01/2016
Last date: 12/01/2019
Num of observations: 4
Last change %: -100
Last value: -1.60
Last updated: 03/28/2018
Source: Bank of Lithuania
Series id: 398181207
Economic classification: 
Indicator: ">
      <![CDATA[cucumber.runtime.CucumberException: java.lang.AssertionError: BLS OR Best Lending Rate doesnot exists in the Country: Lithuania
Name: BL Forecast: Current Account Balance: % of GDP
Unit: %
Frequency: Yearly
First date: 12/01/2016
Last date: 12/01/2019
Num of observations: 4
Last change %: -100
Last value: -1.60
Last updated: 03/28/2018
Source: Bank of Lithuania
Series id: 398181207
Economic classification: 
Indicator: 
	at cucumber.api.testng.TestNGCucumberRunner.runCucumber(TestNGCucumberRunner.java:69)
	at CDMNext.runner.TestRunner.feature(TestRunner.java:31)
Caused by: java.lang.AssertionError: BLS OR Best Lending Rate doesnot exists in the Country: Lithuania
Name: BL Forecast: Current Account Balance: % of GDP
Unit: %
Frequency: Yearly
First date: 12/01/2016
Last date: 12/01/2019
Num of observations: 4
Last change %: -100
Last value: -1.60
Last updated: 03/28/2018
Source: Bank of Lithuania
Series id: 398181207
Economic classification: 
Indicator: 
	at CDMNext.StepDefinations.SearchTest.user_verify_keyword_search_results(SearchTest.java:231)
	at ✽.Then User verify keyword search results(src/test/java/CDMNext/Features/search.Feature:578)
... Removed 25 stack frames]]>
    </failure>
  </testcase> <!-- feature -->
</testsuite> <!-- Test -->
