<?xml version="1.0" encoding="UTF-8"?>
<testng-results skipped="0" failed="0" total="1" passed="1">
  <reporter-output>
  </reporter-output>
  <suite name="Default suite" duration-ms="128762" started-at="2022-06-06T06:04:51Z" finished-at="2022-06-06T06:07:00Z">
    <groups>
      <group name="cucumber">
        <method signature="TestRunner.feature(cucumber.api.testng.CucumberFeatureWrapper)[pri:0, instance:CDMNext.runner.TestRunner@5a1c0542]" name="feature" class="CDMNext.runner.TestRunner"/>
      </group> <!-- cucumber -->
    </groups>
    <test name="Default test" duration-ms="128762" started-at="2022-06-06T06:04:51Z" finished-at="2022-06-06T06:07:00Z">
      <class name="CDMNext.runner.TestRunner">
        <test-method status="PASS" signature="setUpClass()[pri:0, instance:CDMNext.runner.TestRunner@5a1c0542]" name="setUpClass" is-config="true" duration-ms="750" started-at="2022-06-06T11:34:50Z" finished-at="2022-06-06T11:34:51Z">
          <reporter-output>
          </reporter-output>
        </test-method> <!-- setUpClass -->
        <test-method status="PASS" signature="feature(cucumber.api.testng.CucumberFeatureWrapper)[pri:0, instance:CDMNext.runner.TestRunner@5a1c0542]" name="feature" duration-ms="128274" started-at="2022-06-06T11:34:52Z" description="Runs Cucumber Feature" data-provider="features" finished-at="2022-06-06T11:37:00Z">
          <params>
            <param index="0">
              <value>
                <![CDATA[Verify Comparables feature]]>
              </value>
            </param>
          </params>
          <reporter-output>
          </reporter-output>
        </test-method> <!-- feature -->
        <test-method status="PASS" signature="tearDownClass()[pri:0, instance:CDMNext.runner.TestRunner@5a1c0542]" name="tearDownClass" is-config="true" duration-ms="3051" started-at="2022-06-06T11:37:00Z" finished-at="2022-06-06T11:37:03Z">
          <reporter-output>
          </reporter-output>
        </test-method> <!-- tearDownClass -->
      </class> <!-- CDMNext.runner.TestRunner -->
    </test> <!-- Default test -->
  </suite> <!-- Default suite -->
</testng-results>
