
<!DOCTYPE html>
<html>


<head>
	<meta charset='utf-8' /> 
	<meta name='description' content='' />
	<meta name='robots' content='noodp, noydir' />
	<meta name='viewport' content='width=device-width, initial-scale=1' />
	<meta id="timeStampFormat" name="timeStampFormat" content='MMM d, yyyy hh:mm:ss a'/>
	
	<link href='https://fonts.googleapis.com/css?family=Source+Sans+Pro:400,600' rel='stylesheet' type='text/css' />
	<link href="https://fonts.googleapis.com/icon?family=Material+Icons" rel="stylesheet" />

		<link href='https://cdn.rawgit.com/anshooarora/extentreports-java/b4a58fcfd1e137bd9287244035a7c80d3d73b3af/dist/css/extent.css' type='text/css' rel='stylesheet' />
	
	<title>ExtentReports</title>

	<style type='text/css'>
	</style>
</head>

	<body class='extent standard default hide-overflow bdd-report'>
		<div id='theme-selector' alt='Click to toggle theme. To enable by default, use theme configuration.' title='Click to toggle theme. To enable by default, use theme configuration.'>
			<span><i class='material-icons'>desktop_windows</i></span>
		</div>

<nav>
	<div class="nav-wrapper">
		<a href="#!" class="brand-logo blue darken-3">Extent</a>

		<!-- slideout menu -->
		<ul id='slide-out' class='side-nav fixed hide-on-med-and-down'>
			<li class='waves-effect active'><a href='#!' view='test-view' onclick="configureView(0);chartsView('test');"><i class='material-icons'>dashboard</i></a></li>
						<li class='waves-effect'><a href='#!' view='category-view' onclick="configureView(1)"><i class='material-icons'>label_outline</i></a></li>
			<li class='waves-effect'><a href='#!' view='exception-view' onclick="configureView(2)"><i class='material-icons'>bug_report</i></a></li>
			<li class='waves-effect'><a href='#!' onclick="configureView(-1);chartsView('dashboard');" view='dashboard-view'><i class='material-icons'>track_changes</i></i></a></li>
		</ul>

		<!-- report name -->
		<span class='report-name'>ExtentReports</span>
		
		<!-- report headline -->
		<span class='report-headline'></span>

		<!-- nav-right -->
		<ul id='nav-mobile' class='right hide-on-med-and-down nav-right'>
			<li>
                <a href='#!'>
                    <span class='label suite-start-time blue darken-3'>May 4, 2022 07:26:53 PM</span>
				</a>
			</li>
			<li>
                <a href='#!'>
                    <span class='label blue darken-3'>3.1.5</span>
				</a>
			</li>
		</ul>
	</div>
</nav>

		<!-- container -->
		<div class='container'>

<div id='test-view' class='view'>
				
	<section id='controls'>
		<div class='controls grey lighten-4'>
			<!-- test toggle -->
			<div class='chip transparent'>
				<a class='dropdown-button tests-toggle' data-activates='tests-toggle' data-constrainwidth='true' data-beloworigin='true' data-hover='true' href='#'>
					<i class='material-icons'>warning</i> Status
				</a>
				<ul id='tests-toggle' class='dropdown-content'>
											<li status='pass'><a href='#!'>Pass <i class='material-icons green-text'>check_circle</i></a></li>
						<li status='fail'><a href='#!'>Fail <i class='material-icons red-text'>cancel</i></a></li>
						<li status='skip'><a href='#!'>Skip <i class='material-icons cyan-text'>redo</i></a></li>
					<li class='divider'></li>
					<li status='clear' clear='true'><a href='#!'>Clear Filters <i class='material-icons'>clear</i></a></li>
				</ul>
			</div>
			<!-- test toggle -->

			<!-- category toggle -->
			<div class='chip transparent'>
				<a class='dropdown-button category-toggle' data-activates='category-toggle' data-constrainwidth='false' data-beloworigin='true' data-hover='true' href='#'>
					<i class='material-icons'>local_offer</i> Category
				</a>
				<ul id='category-toggle' class='dropdown-content'>
					<li><a href='#'>@SeriesTab1</a></li>
					<li class='divider'></li>
					<li class='clear'><a href='#!' clear='true'>Clear Filters</a></li>
				</ul>
			</div>
			<!-- category toggle -->

			<!-- clear filters -->
			<div class='chip transparent hide'>
				<a class='' id='clear-filters' alt='Clear Filters' title='Clear Filters'>
					<i class='material-icons'>close</i> Clear
				</a>
			</div>
			<!-- clear filters -->

			<!-- enable dashboard -->
			<div id='toggle-test-view-charts' class='chip transparent'>
				<a class='pink-text' id='enable-dashboard' alt='Enable Dashboard' title='Enable Dashboard'>
					<i class='material-icons'>track_changes</i> Dashboard
				</a>
			</div>
			<!-- enable dashboard -->

			<!-- search -->
			<div class='chip transparent' alt='Search Tests' title='Search Tests'>
				<a href="#" class='search-div'>
					<i class='material-icons'>search</i> Search
				</a>

				<div class='input-field left hide'>
					<input id='search-tests' type='text' class='validate browser-default' placeholder='Search Tests...'>
				</div>
				
			</div>
			<!-- search -->
		</div>
	</section>


<div id='test-view-charts' class='subview-full'>
	<div id='charts-row' class='row nm-v nm-h'>
		<div class='col s12 m4 l4 np-h'>
			<div class='card-panel nm-v'>
				<div class='left panel-name'>Features</div>
				<div class='chart-box'>
					<canvas id='parent-analysis' width='100' height='80'></canvas>
				</div>
				<div class='block text-small'>
					<span class='tooltipped' data-position='top' data-tooltip='0%'><span class='strong'>0</span> feature(s) passed</span>
				</div>
				<div class='block text-small'>
					<span class='strong tooltipped' data-position='top' data-tooltip='100%'>1</span> feature(s) failed, <span class='strong tooltipped' data-position='top' data-tooltip='0%'>0</span> others
				</div>
			</div>
		</div>
		
		<div class='col s12 m4 l4 np-h'>
			<div class='card-panel nm-v'>
				<div class='left panel-name'>Scenarios</div>
				<div class='chart-box'>
					<canvas id='child-analysis' width='100' height='80'></canvas>
				</div>
				<div class='block text-small'>
					<span class='tooltipped' data-position='top' data-tooltip='69.643%'><span class='strong'>39</span> scenario(s) passed</span>
				</div>
				<div class='block text-small'>
					<span class='strong tooltipped' data-position='top' data-tooltip='30.357%'>17</span> scenario(s) failed, <span class='strong tooltipped' data-position='top' data-tooltip='0%'>0</span> others
				</div>
			</div>
		</div>
		
		<div class='col s12 m4 l4 np-h'>
			<div class='card-panel nm-v'>
				<div class='left panel-name'>Steps</div>
				<div class='chart-box'>
					<canvas id='grandchild-analysis' width='100' height='80'></canvas>
				</div>
				<div class='block text-small'>
					<span class='tooltipped' data-position='top' data-tooltip='81.25%'><span class='strong'>169</span> step(s) passed</span>
				</div>
				<div class='block text-small'>
					<span class='strong tooltipped' data-position='top' data-tooltip='8.173%'>17</span> step(s) failed, <span class='strong tooltipped' data-position='top' data-tooltip='10.577%'>22</span> others
				</div>
			</div>
		</div>
	</div>
</div>

	<div class='subview-left left'>
		
		<div class='view-summary'>
			<h5>Features</h5>
			<ul id='test-collection' class='test-collection'>
				
				
				<li class='test displayed active has-leaf fail' status='fail' bdd='true' test-id='1'>
					<div class='test-heading'>
						<span class='test-name'>Verifying SeriesTab functionality</span>
						<span class='test-time'>May 4, 2022 07:26:53 PM</span>
						<span class='test-status right fail'>fail</span>
					</div>
					<div class='test-content hide'>
<div class='scenario node' test-id='2' status='fail'>
	<div class='category-list'>
		<span class='category label white-text'>@SeriesTab1</span>
	</div>
	<span class='duration right label'>0h 1m 29s+703ms</span>
	<div class='desc'>
		<b>Scenario</b>
		<span class="desc-text">TC_SeriesTab_01:Verify indicator filter  for series tab</span>
	</div>
	<ul class='steps'>
		<li test-id='3' class='node and pass' status='pass'>
			
			<b>And</b>
			
			<span class="bdd-step-name">And Select indicator "Production" as "Steel Production"</span>
				<div class='pre'>passed</div>
			
		</li>
		<li test-id='4' class='node and pass' status='pass'>
			
			<b>And</b>
			
			<span class="bdd-step-name">And Select indicator "Tourism Sector" as "Tourism Revenue"</span>
				<div class='pre'>passed</div>
			
		</li>
		<li test-id='5' class='node when pass' status='pass'>
			
			<b>When</b>
			
			<span class="bdd-step-name">When Click on "Apply filter"</span>
				<div class='pre'>passed</div>
			
		</li>
		<li test-id='6' class='node then fail' status='fail'>
			
			<b>Then</b>
			
			<span class="bdd-step-name">Then Result should be displayed as per selection</span>
				<div class='pre'><textarea>java.lang.AssertionError: Steel Production OR Tourism Revenue does not exists in Region
Greece
Name
Travel Revenue: 2009 Price
Unit
EUR mn
Frequency
Monthly
First obs. date
11/01/2011
Last obs. date
12/01/2021
Observations 122
Last value
155.90
Last update time
03/14/2022
Source
Bank of Greece
Series id
284444604
Indicator
Tourism Sector > Tourism Income and Spending
More
(K) Key series
	at org.testng.Assert.fail(Assert.java:94)
	at CDMNext.StepDefinations.SeriesTab.result_should_be_displayed_as_per_selection(SeriesTab.java:1000)
	at ✽.Then Result should be displayed as per selection(SeriesTab.feature:8)
</textarea></div>
			
		</li>
	</ul>
</div>
<div class='scenario node' test-id='7' status='pass'>
	<div class='category-list'>
		<span class='category label white-text'>@SeriesTab1</span>
	</div>
	<span class='duration right label'>0h 0m 54s+784ms</span>
	<div class='desc'>
		<b>Scenario</b>
		<span class="desc-text">TC_SeriesTab_03:Verifying "Unselect all" option for series level</span>
	</div>
	<ul class='steps'>
		<li test-id='8' class='node given pass' status='pass'>
			
			<b>Given</b>
			
			<span class="bdd-step-name">Given User enters seriesID "146381801;1380601;245178303"</span>
				<div class='pre'>passed</div>
			
		</li>
		<li test-id='9' class='node when pass' status='pass'>
			
			<b>When</b>
			
			<span class="bdd-step-name">When User right click on any series</span>
				<div class='pre'>passed</div>
			
		</li>
		<li test-id='10' class='node then pass' status='pass'>
			
			<b>Then</b>
			
			<span class="bdd-step-name">Then User can able to see "Unselect all" option from dropdown menu</span>
				<div class='pre'>passed</div>
			
		</li>
	</ul>
</div>
<div class='scenario node' test-id='11' status='pass'>
	<div class='category-list'>
		<span class='category label white-text'>@SeriesTab1</span>
	</div>
	<span class='duration right label'>0h 0m 54s+690ms</span>
	<div class='desc'>
		<b>Scenario</b>
		<span class="desc-text">TC_SeriesTab_05:Verifying "Copy" option for series level</span>
	</div>
	<ul class='steps'>
		<li test-id='12' class='node given pass' status='pass'>
			
			<b>Given</b>
			
			<span class="bdd-step-name">Given User enters seriesID "1380601;245178303"</span>
				<div class='pre'>passed</div>
			
		</li>
		<li test-id='13' class='node when pass' status='pass'>
			
			<b>When</b>
			
			<span class="bdd-step-name">When User right click on any series</span>
				<div class='pre'>passed</div>
			
		</li>
		<li test-id='14' class='node then pass' status='pass'>
			
			<b>Then</b>
			
			<span class="bdd-step-name">Then User can able to see "Copy" option from dropdown menu</span>
				<div class='pre'>passed</div>
			
		</li>
	</ul>
</div>
<div class='scenario node' test-id='15' status='pass'>
	<div class='category-list'>
		<span class='category label white-text'>@SeriesTab1</span>
	</div>
	<span class='duration right label'>0h 1m 0s+587ms</span>
	<div class='desc'>
		<b>Scenario</b>
		<span class="desc-text">TC_SeriesTab_06:Verifying "Copy data" option for series level</span>
	</div>
	<ul class='steps'>
		<li test-id='16' class='node given pass' status='pass'>
			
			<b>Given</b>
			
			<span class="bdd-step-name">Given User enters seriesID "146381801;228912101"</span>
				<div class='pre'>passed</div>
			
		</li>
		<li test-id='17' class='node when pass' status='pass'>
			
			<b>When</b>
			
			<span class="bdd-step-name">When User right click on any series</span>
				<div class='pre'>passed</div>
			
		</li>
		<li test-id='18' class='node then pass' status='pass'>
			
			<b>Then</b>
			
			<span class="bdd-step-name">Then User can able to see "Copy data" option from dropdown menu</span>
				<div class='pre'>passed</div>
			
		</li>
	</ul>
</div>
<div class='scenario node' test-id='19' status='pass'>
	<div class='category-list'>
		<span class='category label white-text'>@SeriesTab1</span>
	</div>
	<span class='duration right label'>0h 0m 56s+741ms</span>
	<div class='desc'>
		<b>Scenario</b>
		<span class="desc-text">TC_SeriesTab_07:Verifying "Series Info" option for series level</span>
	</div>
	<ul class='steps'>
		<li test-id='20' class='node given pass' status='pass'>
			
			<b>Given</b>
			
			<span class="bdd-step-name">Given User enters seriesID "261975301;237211603"</span>
				<div class='pre'>passed</div>
			
		</li>
		<li test-id='21' class='node when pass' status='pass'>
			
			<b>When</b>
			
			<span class="bdd-step-name">When User right click on any series</span>
				<div class='pre'>passed</div>
			
		</li>
		<li test-id='22' class='node then pass' status='pass'>
			
			<b>Then</b>
			
			<span class="bdd-step-name">Then User can able to see "Series Info" option from dropdown menu</span>
				<div class='pre'>passed</div>
			
		</li>
	</ul>
</div>
<div class='scenario node' test-id='23' status='pass'>
	<div class='category-list'>
		<span class='category label white-text'>@SeriesTab1</span>
	</div>
	<span class='duration right label'>0h 1m 4s+899ms</span>
	<div class='desc'>
		<b>Scenario</b>
		<span class="desc-text">TC_SeriesTab_08:Verifying "View as Chart" option for series level</span>
	</div>
	<ul class='steps'>
		<li test-id='24' class='node given pass' status='pass'>
			
			<b>Given</b>
			
			<span class="bdd-step-name">Given User enters seriesID "357567097;357567537"</span>
				<div class='pre'>passed</div>
			
		</li>
		<li test-id='25' class='node when pass' status='pass'>
			
			<b>When</b>
			
			<span class="bdd-step-name">When User right click on any series</span>
				<div class='pre'>passed</div>
			
		</li>
		<li test-id='26' class='node then pass' status='pass'>
			
			<b>Then</b>
			
			<span class="bdd-step-name">Then User can able to see "View as Chart" option from dropdown menu</span>
				<div class='pre'>passed</div>
			
		</li>
	</ul>
</div>
<div class='scenario node' test-id='27' status='pass'>
	<div class='category-list'>
		<span class='category label white-text'>@SeriesTab1</span>
	</div>
	<span class='duration right label'>0h 1m 11s+453ms</span>
	<div class='desc'>
		<b>Scenario</b>
		<span class="desc-text">TC_SeriesTab_09:Verifying "View as Map" option for series level</span>
	</div>
	<ul class='steps'>
		<li test-id='28' class='node given pass' status='pass'>
			
			<b>Given</b>
			
			<span class="bdd-step-name">Given User enters seriesID "7872901;7874601"</span>
				<div class='pre'>passed</div>
			
		</li>
		<li test-id='29' class='node when pass' status='pass'>
			
			<b>When</b>
			
			<span class="bdd-step-name">When User right click on any series</span>
				<div class='pre'>passed</div>
			
		</li>
		<li test-id='30' class='node then pass' status='pass'>
			
			<b>Then</b>
			
			<span class="bdd-step-name">Then User can able to see "View as Map" option from dropdown menu</span>
				<div class='pre'>passed</div>
			
		</li>
	</ul>
</div>
<div class='scenario node' test-id='31' status='pass'>
	<div class='category-list'>
		<span class='category label white-text'>@SeriesTab1</span>
	</div>
	<span class='duration right label'>0h 1m 0s+933ms</span>
	<div class='desc'>
		<b>Scenario</b>
		<span class="desc-text">TC_SeriesTab_10:Verifying "View as Table" option for series level</span>
	</div>
	<ul class='steps'>
		<li test-id='32' class='node given pass' status='pass'>
			
			<b>Given</b>
			
			<span class="bdd-step-name">Given User enters seriesID "7872901;7874601"</span>
				<div class='pre'>passed</div>
			
		</li>
		<li test-id='33' class='node when pass' status='pass'>
			
			<b>When</b>
			
			<span class="bdd-step-name">When User right click on any series</span>
				<div class='pre'>passed</div>
			
		</li>
		<li test-id='34' class='node then pass' status='pass'>
			
			<b>Then</b>
			
			<span class="bdd-step-name">Then User can able to see "View as Table" option from dropdown menu</span>
				<div class='pre'>passed</div>
			
		</li>
	</ul>
</div>
<div class='scenario node' test-id='35' status='pass'>
	<div class='category-list'>
		<span class='category label white-text'>@SeriesTab1</span>
	</div>
	<span class='duration right label'>0h 0m 59s+671ms</span>
	<div class='desc'>
		<b>Scenario</b>
		<span class="desc-text">TC_SeriesTab_11:Verifying "Download" option for series level</span>
	</div>
	<ul class='steps'>
		<li test-id='36' class='node given pass' status='pass'>
			
			<b>Given</b>
			
			<span class="bdd-step-name">Given User enters seriesID "268193601;69326701"</span>
				<div class='pre'>passed</div>
			
		</li>
		<li test-id='37' class='node when pass' status='pass'>
			
			<b>When</b>
			
			<span class="bdd-step-name">When User right click on any series</span>
				<div class='pre'>passed</div>
			
		</li>
		<li test-id='38' class='node then pass' status='pass'>
			
			<b>Then</b>
			
			<span class="bdd-step-name">Then User can able to see "Download" option from dropdown menu</span>
				<div class='pre'>passed</div>
			
		</li>
	</ul>
</div>
<div class='scenario node' test-id='39' status='pass'>
	<div class='category-list'>
		<span class='category label white-text'>@SeriesTab1</span>
	</div>
	<span class='duration right label'>0h 0m 56s+156ms</span>
	<div class='desc'>
		<b>Scenario</b>
		<span class="desc-text">TC_SeriesTab_12:Verifying "Footnotes" option for series level</span>
	</div>
	<ul class='steps'>
		<li test-id='40' class='node given pass' status='pass'>
			
			<b>Given</b>
			
			<span class="bdd-step-name">Given User enters seriesID "354673701;354674001"</span>
				<div class='pre'>passed</div>
			
		</li>
		<li test-id='41' class='node when pass' status='pass'>
			
			<b>When</b>
			
			<span class="bdd-step-name">When User right click on any series</span>
				<div class='pre'>passed</div>
			
		</li>
		<li test-id='42' class='node then pass' status='pass'>
			
			<b>Then</b>
			
			<span class="bdd-step-name">Then User can able to see "Footnotes" option from dropdown menu</span>
				<div class='pre'>passed</div>
			
		</li>
	</ul>
</div>
<div class='scenario node' test-id='43' status='pass'>
	<div class='category-list'>
		<span class='category label white-text'>@SeriesTab1</span>
	</div>
	<span class='duration right label'>0h 1m 5s+79ms</span>
	<div class='desc'>
		<b>Scenario</b>
		<span class="desc-text">TC_SeriesTab_13:Verifying "Add to Watchlist" option for series level</span>
	</div>
	<ul class='steps'>
		<li test-id='44' class='node given pass' status='pass'>
			
			<b>Given</b>
			
			<span class="bdd-step-name">Given User enters seriesID "3640701"</span>
				<div class='pre'>passed</div>
			
		</li>
		<li test-id='45' class='node when pass' status='pass'>
			
			<b>When</b>
			
			<span class="bdd-step-name">When User right click on any series</span>
				<div class='pre'>passed</div>
			
		</li>
		<li test-id='46' class='node then pass' status='pass'>
			
			<b>Then</b>
			
			<span class="bdd-step-name">Then User can able to see "Add to Watchlist" option from dropdown menu</span>
				<div class='pre'>passed</div>
			
		</li>
	</ul>
</div>
<div class='scenario node' test-id='47' status='pass'>
	<div class='category-list'>
		<span class='category label white-text'>@SeriesTab1</span>
	</div>
	<span class='duration right label'>0h 1m 4s+252ms</span>
	<div class='desc'>
		<b>Scenario</b>
		<span class="desc-text">TC_SeriesTab_14:Verifying "Copy selected links" option for series level</span>
	</div>
	<ul class='steps'>
		<li test-id='48' class='node given pass' status='pass'>
			
			<b>Given</b>
			
			<span class="bdd-step-name">Given User enters seriesID "322968702;213834902"</span>
				<div class='pre'>passed</div>
			
		</li>
		<li test-id='49' class='node when pass' status='pass'>
			
			<b>When</b>
			
			<span class="bdd-step-name">When User right click on any series</span>
				<div class='pre'>passed</div>
			
		</li>
		<li test-id='50' class='node then pass' status='pass'>
			
			<b>Then</b>
			
			<span class="bdd-step-name">Then User can able to see "Copy selected links" option from dropdown menu</span>
				<div class='pre'>passed</div>
			
		</li>
	</ul>
</div>
<div class='scenario node' test-id='51' status='pass'>
	<div class='category-list'>
		<span class='category label white-text'>@SeriesTab1</span>
	</div>
	<span class='duration right label'>0h 0m 55s+606ms</span>
	<div class='desc'>
		<b>Scenario</b>
		<span class="desc-text">TC_SeriesTab_15:Verifying "Show Dataset" option for series level</span>
	</div>
	<ul class='steps'>
		<li test-id='52' class='node given pass' status='pass'>
			
			<b>Given</b>
			
			<span class="bdd-step-name">Given User enters seriesID "258074801;406097377"</span>
				<div class='pre'>passed</div>
			
		</li>
		<li test-id='53' class='node when pass' status='pass'>
			
			<b>When</b>
			
			<span class="bdd-step-name">When User right click on any series</span>
				<div class='pre'>passed</div>
			
		</li>
		<li test-id='54' class='node then pass' status='pass'>
			
			<b>Then</b>
			
			<span class="bdd-step-name">Then User can able to see "Show Dataset" option from dropdown menu</span>
				<div class='pre'>passed</div>
			
		</li>
	</ul>
</div>
<div class='scenario node' test-id='55' status='pass'>
	<div class='category-list'>
		<span class='category label white-text'>@SeriesTab1</span>
	</div>
	<span class='duration right label'>0h 0m 52s+972ms</span>
	<div class='desc'>
		<b>Scenario</b>
		<span class="desc-text">TC_SeriesTab_16:Verifying "See in Database" option for series level</span>
	</div>
	<ul class='steps'>
		<li test-id='56' class='node given pass' status='pass'>
			
			<b>Given</b>
			
			<span class="bdd-step-name">Given User enters seriesID "5823601;5793201(CIUA)"</span>
				<div class='pre'>passed</div>
			
		</li>
		<li test-id='57' class='node when pass' status='pass'>
			
			<b>When</b>
			
			<span class="bdd-step-name">When User right click on any series</span>
				<div class='pre'>passed</div>
			
		</li>
		<li test-id='58' class='node then pass' status='pass'>
			
			<b>Then</b>
			
			<span class="bdd-step-name">Then User can able to see "See in Database" option from dropdown menu</span>
				<div class='pre'>passed</div>
			
		</li>
	</ul>
</div>
<div class='scenario node' test-id='59' status='pass'>
	<div class='category-list'>
		<span class='category label white-text'>@SeriesTab1</span>
	</div>
	<span class='duration right label'>0h 2m 43s+21ms</span>
	<div class='desc'>
		<b>Scenario</b>
		<span class="desc-text">TC_SeriesTab_19:Verifying "with release schedule" filter for series tab</span>
	</div>
	<ul class='steps'>
		<li test-id='60' class='node given pass' status='pass'>
			
			<b>Given</b>
			
			<span class="bdd-step-name">Given User enters "FDI"</span>
				<div class='pre'>passed</div>
			
		</li>
		<li test-id='61' class='node and pass' status='pass'>
			
			<b>And</b>
			
			<span class="bdd-step-name">And User has selects "More" as "With release schedule"</span>
				<div class='pre'>passed</div>
			
		</li>
		<li test-id='62' class='node when pass' status='pass'>
			
			<b>When</b>
			
			<span class="bdd-step-name">When Click on "Apply filter"</span>
				<div class='pre'>passed</div>
			
		</li>
		<li test-id='63' class='node then pass' status='pass'>
			
			<b>Then</b>
			
			<span class="bdd-step-name">Then User verify corresponding results for selected filter</span>
				<div class='pre'>passed</div>
			
		</li>
	</ul>
</div>
<div class='scenario node' test-id='64' status='pass'>
	<div class='category-list'>
		<span class='category label white-text'>@SeriesTab1</span>
	</div>
	<span class='duration right label'>0h 2m 28s+793ms</span>
	<div class='desc'>
		<b>Scenario</b>
		<span class="desc-text">TC_SeriesTab_20:Verifying "with suggestions for rebased/discontinued series " filter for series tab</span>
	</div>
	<ul class='steps'>
		<li test-id='65' class='node given pass' status='pass'>
			
			<b>Given</b>
			
			<span class="bdd-step-name">Given User enters "PSI"</span>
				<div class='pre'>passed</div>
			
		</li>
		<li test-id='66' class='node and pass' status='pass'>
			
			<b>And</b>
			
			<span class="bdd-step-name">And User has selects "More" as "With suggestions for rebased/discontinued series"</span>
				<div class='pre'>passed</div>
			
		</li>
		<li test-id='67' class='node when pass' status='pass'>
			
			<b>When</b>
			
			<span class="bdd-step-name">When Click on "Apply filter"</span>
				<div class='pre'>passed</div>
			
		</li>
		<li test-id='68' class='node then pass' status='pass'>
			
			<b>Then</b>
			
			<span class="bdd-step-name">Then User verify corresponding results for selected filter</span>
				<div class='pre'>passed</div>
			
		</li>
	</ul>
</div>
<div class='scenario node' test-id='69' status='pass'>
	<div class='category-list'>
		<span class='category label white-text'>@SeriesTab1</span>
	</div>
	<span class='duration right label'>0h 1m 58s+429ms</span>
	<div class='desc'>
		<b>Scenario</b>
		<span class="desc-text">TC_SeriesTab_21:Verifying "Forecast" filter for series tab</span>
	</div>
	<ul class='steps'>
		<li test-id='70' class='node given pass' status='pass'>
			
			<b>Given</b>
			
			<span class="bdd-step-name">Given Open "Series" tab</span>
				<div class='pre'>passed</div>
			
		</li>
		<li test-id='71' class='node and pass' status='pass'>
			
			<b>And</b>
			
			<span class="bdd-step-name">And User has selects "More" as "Forecast"</span>
				<div class='pre'>passed</div>
			
		</li>
		<li test-id='72' class='node when pass' status='pass'>
			
			<b>When</b>
			
			<span class="bdd-step-name">When Click on "Apply filter"</span>
				<div class='pre'>passed</div>
			
		</li>
		<li test-id='73' class='node and pass' status='pass'>
			
			<b>And</b>
			
			<span class="bdd-step-name">And Choose "Popularity" under "Sort By" option</span>
				<div class='pre'>passed</div>
			
		</li>
		<li test-id='74' class='node then pass' status='pass'>
			
			<b>Then</b>
			
			<span class="bdd-step-name">Then User verify corresponding results for selected filter</span>
				<div class='pre'>passed</div>
			
		</li>
	</ul>
</div>
<div class='scenario node' test-id='75' status='pass'>
	<div class='category-list'>
		<span class='category label white-text'>@SeriesTab1</span>
	</div>
	<span class='duration right label'>0h 1m 4s+892ms</span>
	<div class='desc'>
		<b>Scenario</b>
		<span class="desc-text">TC_SeriesTab_22:Verify 'Mouse over' icons for series level</span>
	</div>
	<ul class='steps'>
		<li test-id='76' class='node given pass' status='pass'>
			
			<b>Given</b>
			
			<span class="bdd-step-name">Given User enters "5724301"</span>
				<div class='pre'>passed</div>
			
		</li>
		<li test-id='77' class='node when pass' status='pass'>
			
			<b>When</b>
			
			<span class="bdd-step-name">When User Mouse hover on "See in Database" icon</span>
				<div class='pre'>passed</div>
			
		</li>
		<li test-id='78' class='node then pass' status='pass'>
			
			<b>Then</b>
			
			<span class="bdd-step-name">Then User can selects "Global Database"</span>
				<div class='pre'>passed</div>
			
		</li>
		<li test-id='79' class='node then pass' status='pass'>
			
			<b>Then</b>
			
			<span class="bdd-step-name">Then User can see the selected database in Databases tab</span>
				<div class='pre'>passed</div>
			
		</li>
	</ul>
</div>
<div class='scenario node' test-id='80' status='fail'>
	<div class='category-list'>
		<span class='category label white-text'>@SeriesTab1</span>
	</div>
	<span class='duration right label'>0h 0m 57s+708ms</span>
	<div class='desc'>
		<b>Scenario</b>
		<span class="desc-text">TC_SeriesTab_23:Verify 'Mouse over' icons for series level</span>
	</div>
	<ul class='steps'>
		<li test-id='81' class='node given pass' status='pass'>
			
			<b>Given</b>
			
			<span class="bdd-step-name">Given User enters "262498601"</span>
				<div class='pre'>passed</div>
			
		</li>
		<li test-id='82' class='node when fail' status='fail'>
			
			<b>When</b>
			
			<span class="bdd-step-name">When User Mouse hover on "See in Database" icon</span>
				<div class='pre'><pre>org.openqa.selenium.ElementNotInteractableException: element not interactable: [object HTMLDivElement] has no size and location
  (Session info: chrome=100.0.4896.127)
Build info: version: '3.4.0', revision: 'unknown', time: 'unknown'
System info: host: 'IN-BLR-L008', ip: '192.168.56.1', os.name: 'Windows 10', os.arch: 'amd64', os.version: '10.0', java.version: '1.8.0_202'
Driver info: org.openqa.selenium.chrome.ChromeDriver
Capabilities [{networkConnectionEnabled=false, chrome={chromedriverVersion=100.0.4896.20 (f9d71f93d32a6487809d6f35a9670c879fe97dfe-refs/branch-heads/4896@{#203}), userDataDir=C:\Users\nmaduru\AppData\Local\Temp\scoped_dir25204_68894798}, timeouts={implicit=0.0, pageLoad=300000.0, script=30000.0}, pageLoadStrategy=normal, unhandledPromptBehavior=dismiss and notify, strictFileInteractability=false, platform=ANY, proxy=Proxy(), goog:chromeOptions={debuggerAddress=localhost:51822}, webauthn:extension:credBlob=true, acceptInsecureCerts=true, browserVersion=100.0.4896.127, browserName=chrome, javascriptEnabled=true, platformName=windows, setWindowRect=true, webauthn:extension:largeBlob=true, webauthn:virtualAuthenticators=true}]
Session ID: e41acd55a0a50493257d4fe11d926283
	at sun.reflect.NativeConstructorAccessorImpl.newInstance0(Native Method)
	at sun.reflect.NativeConstructorAccessorImpl.newInstance(NativeConstructorAccessorImpl.java:62)
	at sun.reflect.DelegatingConstructorAccessorImpl.newInstance(DelegatingConstructorAccessorImpl.java:45)
	at java.lang.reflect.Constructor.newInstance(Constructor.java:423)
	at org.openqa.selenium.remote.http.W3CHttpResponseCodec.createException(W3CHttpResponseCodec.java:150)
	at org.openqa.selenium.remote.http.W3CHttpResponseCodec.decode(W3CHttpResponseCodec.java:115)
	at org.openqa.selenium.remote.http.W3CHttpResponseCodec.decode(W3CHttpResponseCodec.java:45)
	at org.openqa.selenium.remote.HttpCommandExecutor.execute(HttpCommandExecutor.java:164)
	at org.openqa.selenium.remote.service.DriverCommandExecutor.execute(DriverCommandExecutor.java:82)
	at org.openqa.selenium.remote.RemoteWebDriver.execute(RemoteWebDriver.java:637)
	at org.openqa.selenium.remote.RemoteWebDriver.perform(RemoteWebDriver.java:703)
	at org.openqa.selenium.interactions.Actions$BuiltAction.perform(Actions.java:631)
	at CDMNext.StepDefinations.SeriesTab.user_Mouse_hover_on_icon(SeriesTab.java:1318)
	at ✽.When User Mouse hover on "See in Database" icon(SeriesTab.feature:150)
</pre></div>
			
		</li>
		<li test-id='83' class='node then skip' status='skip'>
			
			<b>Then</b>
			
			<span class="bdd-step-name">Then User can selects "Global Key Series Database"</span>
				<div class='pre'>skipped</div>
			
		</li>
		<li test-id='84' class='node then skip' status='skip'>
			
			<b>Then</b>
			
			<span class="bdd-step-name">Then User can see the selected database in Databases tab</span>
				<div class='pre'>skipped</div>
			
		</li>
	</ul>
</div>
<div class='scenario node' test-id='85' status='fail'>
	<div class='category-list'>
		<span class='category label white-text'>@SeriesTab1</span>
	</div>
	<span class='duration right label'>0h 1m 3s+766ms</span>
	<div class='desc'>
		<b>Scenario</b>
		<span class="desc-text">TC_SeriesTab_25:Verify 'Mouse over' icons for series level</span>
	</div>
	<ul class='steps'>
		<li test-id='86' class='node given pass' status='pass'>
			
			<b>Given</b>
			
			<span class="bdd-step-name">Given User enters "5823501"</span>
				<div class='pre'>passed</div>
			
		</li>
		<li test-id='87' class='node when pass' status='pass'>
			
			<b>When</b>
			
			<span class="bdd-step-name">When User Mouse hover on "See in Database" icon</span>
				<div class='pre'>passed</div>
			
		</li>
		<li test-id='88' class='node then pass' status='pass'>
			
			<b>Then</b>
			
			<span class="bdd-step-name">Then User can selects "Global Database"</span>
				<div class='pre'>passed</div>
			
		</li>
		<li test-id='89' class='node then fail' status='fail'>
			
			<b>Then</b>
			
			<span class="bdd-step-name">Then User can see the selected database in Databases tab</span>
				<div class='pre'><pre>org.openqa.selenium.StaleElementReferenceException: stale element reference: element is not attached to the page document
  (Session info: chrome=100.0.4896.127)
For documentation on this error, please visit: http://seleniumhq.org/exceptions/stale_element_reference.html
Build info: version: '3.4.0', revision: 'unknown', time: 'unknown'
System info: host: 'IN-BLR-L008', ip: '192.168.56.1', os.name: 'Windows 10', os.arch: 'amd64', os.version: '10.0', java.version: '1.8.0_202'
Driver info: org.openqa.selenium.chrome.ChromeDriver
Capabilities [{networkConnectionEnabled=false, chrome={chromedriverVersion=100.0.4896.20 (f9d71f93d32a6487809d6f35a9670c879fe97dfe-refs/branch-heads/4896@{#203}), userDataDir=C:\Users\nmaduru\AppData\Local\Temp\scoped_dir25204_68894798}, timeouts={implicit=0.0, pageLoad=300000.0, script=30000.0}, pageLoadStrategy=normal, unhandledPromptBehavior=dismiss and notify, strictFileInteractability=false, platform=ANY, proxy=Proxy(), goog:chromeOptions={debuggerAddress=localhost:51822}, webauthn:extension:credBlob=true, acceptInsecureCerts=true, browserVersion=100.0.4896.127, browserName=chrome, javascriptEnabled=true, platformName=windows, setWindowRect=true, webauthn:extension:largeBlob=true, webauthn:virtualAuthenticators=true}]
Session ID: e41acd55a0a50493257d4fe11d926283
	at sun.reflect.NativeConstructorAccessorImpl.newInstance0(Native Method)
	at sun.reflect.NativeConstructorAccessorImpl.newInstance(NativeConstructorAccessorImpl.java:62)
	at sun.reflect.DelegatingConstructorAccessorImpl.newInstance(DelegatingConstructorAccessorImpl.java:45)
	at java.lang.reflect.Constructor.newInstance(Constructor.java:423)
	at org.openqa.selenium.remote.http.W3CHttpResponseCodec.createException(W3CHttpResponseCodec.java:150)
	at org.openqa.selenium.remote.http.W3CHttpResponseCodec.decode(W3CHttpResponseCodec.java:115)
	at org.openqa.selenium.remote.http.W3CHttpResponseCodec.decode(W3CHttpResponseCodec.java:45)
	at org.openqa.selenium.remote.HttpCommandExecutor.execute(HttpCommandExecutor.java:164)
	at org.openqa.selenium.remote.service.DriverCommandExecutor.execute(DriverCommandExecutor.java:82)
	at org.openqa.selenium.remote.RemoteWebDriver.execute(RemoteWebDriver.java:637)
	at org.openqa.selenium.remote.RemoteWebDriver.executeScript(RemoteWebDriver.java:573)
	at CDMNext.StepDefinations.SeriesTab.user_can_see_the_selected_database_in_Databases_tab(SeriesTab.java:1372)
	at ✽.Then User can see the selected database in Databases tab(SeriesTab.feature:166)
</pre></div>
			
		</li>
	</ul>
</div>
<div class='scenario node' test-id='90' status='fail'>
	<div class='category-list'>
		<span class='category label white-text'>@SeriesTab1</span>
	</div>
	<span class='duration right label'>0h 0m 57s+814ms</span>
	<div class='desc'>
		<b>Scenario</b>
		<span class="desc-text">TC_SeriesTab_27:Verify 'Mouse over' icons for series level</span>
	</div>
	<ul class='steps'>
		<li test-id='91' class='node given pass' status='pass'>
			
			<b>Given</b>
			
			<span class="bdd-step-name">Given User enters "376239567"</span>
				<div class='pre'>passed</div>
			
		</li>
		<li test-id='92' class='node when fail' status='fail'>
			
			<b>When</b>
			
			<span class="bdd-step-name">When User Mouse hover on "See in Database" icon</span>
				<div class='pre'><pre>org.openqa.selenium.ElementNotInteractableException: element not interactable: [object HTMLDivElement] has no size and location
  (Session info: chrome=100.0.4896.127)
Build info: version: '3.4.0', revision: 'unknown', time: 'unknown'
System info: host: 'IN-BLR-L008', ip: '192.168.56.1', os.name: 'Windows 10', os.arch: 'amd64', os.version: '10.0', java.version: '1.8.0_202'
Driver info: org.openqa.selenium.chrome.ChromeDriver
Capabilities [{networkConnectionEnabled=false, chrome={chromedriverVersion=100.0.4896.20 (f9d71f93d32a6487809d6f35a9670c879fe97dfe-refs/branch-heads/4896@{#203}), userDataDir=C:\Users\nmaduru\AppData\Local\Temp\scoped_dir25204_68894798}, timeouts={implicit=0.0, pageLoad=300000.0, script=30000.0}, pageLoadStrategy=normal, unhandledPromptBehavior=dismiss and notify, strictFileInteractability=false, platform=ANY, proxy=Proxy(), goog:chromeOptions={debuggerAddress=localhost:51822}, webauthn:extension:credBlob=true, acceptInsecureCerts=true, browserVersion=100.0.4896.127, browserName=chrome, javascriptEnabled=true, platformName=windows, setWindowRect=true, webauthn:extension:largeBlob=true, webauthn:virtualAuthenticators=true}]
Session ID: e41acd55a0a50493257d4fe11d926283
	at sun.reflect.NativeConstructorAccessorImpl.newInstance0(Native Method)
	at sun.reflect.NativeConstructorAccessorImpl.newInstance(NativeConstructorAccessorImpl.java:62)
	at sun.reflect.DelegatingConstructorAccessorImpl.newInstance(DelegatingConstructorAccessorImpl.java:45)
	at java.lang.reflect.Constructor.newInstance(Constructor.java:423)
	at org.openqa.selenium.remote.http.W3CHttpResponseCodec.createException(W3CHttpResponseCodec.java:150)
	at org.openqa.selenium.remote.http.W3CHttpResponseCodec.decode(W3CHttpResponseCodec.java:115)
	at org.openqa.selenium.remote.http.W3CHttpResponseCodec.decode(W3CHttpResponseCodec.java:45)
	at org.openqa.selenium.remote.HttpCommandExecutor.execute(HttpCommandExecutor.java:164)
	at org.openqa.selenium.remote.service.DriverCommandExecutor.execute(DriverCommandExecutor.java:82)
	at org.openqa.selenium.remote.RemoteWebDriver.execute(RemoteWebDriver.java:637)
	at org.openqa.selenium.remote.RemoteWebDriver.perform(RemoteWebDriver.java:703)
	at org.openqa.selenium.interactions.Actions$BuiltAction.perform(Actions.java:631)
	at CDMNext.StepDefinations.SeriesTab.user_Mouse_hover_on_icon(SeriesTab.java:1318)
	at ✽.When User Mouse hover on "See in Database" icon(SeriesTab.feature:178)
</pre></div>
			
		</li>
		<li test-id='93' class='node then skip' status='skip'>
			
			<b>Then</b>
			
			<span class="bdd-step-name">Then User can selects "Brazil Premium Database"</span>
				<div class='pre'>skipped</div>
			
		</li>
		<li test-id='94' class='node then skip' status='skip'>
			
			<b>Then</b>
			
			<span class="bdd-step-name">Then User can see the selected database in Databases tab</span>
				<div class='pre'>skipped</div>
			
		</li>
	</ul>
</div>
<div class='scenario node' test-id='95' status='fail'>
	<div class='category-list'>
		<span class='category label white-text'>@SeriesTab1</span>
	</div>
	<span class='duration right label'>0h 1m 3s+554ms</span>
	<div class='desc'>
		<b>Scenario</b>
		<span class="desc-text">TC_SeriesTab_29:Verify 'Mouse over' icons for series level</span>
	</div>
	<ul class='steps'>
		<li test-id='96' class='node given pass' status='pass'>
			
			<b>Given</b>
			
			<span class="bdd-step-name">Given User enters "360724907"</span>
				<div class='pre'>passed</div>
			
		</li>
		<li test-id='97' class='node when pass' status='pass'>
			
			<b>When</b>
			
			<span class="bdd-step-name">When User Mouse hover on "See in Database" icon</span>
				<div class='pre'>passed</div>
			
		</li>
		<li test-id='98' class='node then pass' status='pass'>
			
			<b>Then</b>
			
			<span class="bdd-step-name">Then User can selects "India Premium Database"</span>
				<div class='pre'>passed</div>
			
		</li>
		<li test-id='99' class='node then fail' status='fail'>
			
			<b>Then</b>
			
			<span class="bdd-step-name">Then User can see the selected database in Databases tab</span>
				<div class='pre'><pre>org.openqa.selenium.StaleElementReferenceException: stale element reference: element is not attached to the page document
  (Session info: chrome=100.0.4896.127)
For documentation on this error, please visit: http://seleniumhq.org/exceptions/stale_element_reference.html
Build info: version: '3.4.0', revision: 'unknown', time: 'unknown'
System info: host: 'IN-BLR-L008', ip: '192.168.56.1', os.name: 'Windows 10', os.arch: 'amd64', os.version: '10.0', java.version: '1.8.0_202'
Driver info: org.openqa.selenium.chrome.ChromeDriver
Capabilities [{networkConnectionEnabled=false, chrome={chromedriverVersion=100.0.4896.20 (f9d71f93d32a6487809d6f35a9670c879fe97dfe-refs/branch-heads/4896@{#203}), userDataDir=C:\Users\nmaduru\AppData\Local\Temp\scoped_dir25204_68894798}, timeouts={implicit=0.0, pageLoad=300000.0, script=30000.0}, pageLoadStrategy=normal, unhandledPromptBehavior=dismiss and notify, strictFileInteractability=false, platform=ANY, proxy=Proxy(), goog:chromeOptions={debuggerAddress=localhost:51822}, webauthn:extension:credBlob=true, acceptInsecureCerts=true, browserVersion=100.0.4896.127, browserName=chrome, javascriptEnabled=true, platformName=windows, setWindowRect=true, webauthn:extension:largeBlob=true, webauthn:virtualAuthenticators=true}]
Session ID: e41acd55a0a50493257d4fe11d926283
	at sun.reflect.NativeConstructorAccessorImpl.newInstance0(Native Method)
	at sun.reflect.NativeConstructorAccessorImpl.newInstance(NativeConstructorAccessorImpl.java:62)
	at sun.reflect.DelegatingConstructorAccessorImpl.newInstance(DelegatingConstructorAccessorImpl.java:45)
	at java.lang.reflect.Constructor.newInstance(Constructor.java:423)
	at org.openqa.selenium.remote.http.W3CHttpResponseCodec.createException(W3CHttpResponseCodec.java:150)
	at org.openqa.selenium.remote.http.W3CHttpResponseCodec.decode(W3CHttpResponseCodec.java:115)
	at org.openqa.selenium.remote.http.W3CHttpResponseCodec.decode(W3CHttpResponseCodec.java:45)
	at org.openqa.selenium.remote.HttpCommandExecutor.execute(HttpCommandExecutor.java:164)
	at org.openqa.selenium.remote.service.DriverCommandExecutor.execute(DriverCommandExecutor.java:82)
	at org.openqa.selenium.remote.RemoteWebDriver.execute(RemoteWebDriver.java:637)
	at org.openqa.selenium.remote.RemoteWebDriver.executeScript(RemoteWebDriver.java:573)
	at CDMNext.StepDefinations.SeriesTab.user_can_see_the_selected_database_in_Databases_tab(SeriesTab.java:1372)
	at ✽.Then User can see the selected database in Databases tab(SeriesTab.feature:194)
</pre></div>
			
		</li>
	</ul>
</div>
<div class='scenario node' test-id='100' status='fail'>
	<div class='category-list'>
		<span class='category label white-text'>@SeriesTab1</span>
	</div>
	<span class='duration right label'>0h 0m 57s+719ms</span>
	<div class='desc'>
		<b>Scenario</b>
		<span class="desc-text">TC_SeriesTab_30:Verify 'Mouse over' icons for series level</span>
	</div>
	<ul class='steps'>
		<li test-id='101' class='node given pass' status='pass'>
			
			<b>Given</b>
			
			<span class="bdd-step-name">Given User enters "324350701"</span>
				<div class='pre'>passed</div>
			
		</li>
		<li test-id='102' class='node when fail' status='fail'>
			
			<b>When</b>
			
			<span class="bdd-step-name">When User Mouse hover on "See in Database" icon</span>
				<div class='pre'><pre>org.openqa.selenium.ElementNotInteractableException: element not interactable: [object HTMLDivElement] has no size and location
  (Session info: chrome=100.0.4896.127)
Build info: version: '3.4.0', revision: 'unknown', time: 'unknown'
System info: host: 'IN-BLR-L008', ip: '192.168.56.1', os.name: 'Windows 10', os.arch: 'amd64', os.version: '10.0', java.version: '1.8.0_202'
Driver info: org.openqa.selenium.chrome.ChromeDriver
Capabilities [{networkConnectionEnabled=false, chrome={chromedriverVersion=100.0.4896.20 (f9d71f93d32a6487809d6f35a9670c879fe97dfe-refs/branch-heads/4896@{#203}), userDataDir=C:\Users\nmaduru\AppData\Local\Temp\scoped_dir25204_68894798}, timeouts={implicit=0.0, pageLoad=300000.0, script=30000.0}, pageLoadStrategy=normal, unhandledPromptBehavior=dismiss and notify, strictFileInteractability=false, platform=ANY, proxy=Proxy(), goog:chromeOptions={debuggerAddress=localhost:51822}, webauthn:extension:credBlob=true, acceptInsecureCerts=true, browserVersion=100.0.4896.127, browserName=chrome, javascriptEnabled=true, platformName=windows, setWindowRect=true, webauthn:extension:largeBlob=true, webauthn:virtualAuthenticators=true}]
Session ID: e41acd55a0a50493257d4fe11d926283
	at sun.reflect.NativeConstructorAccessorImpl.newInstance0(Native Method)
	at sun.reflect.NativeConstructorAccessorImpl.newInstance(NativeConstructorAccessorImpl.java:62)
	at sun.reflect.DelegatingConstructorAccessorImpl.newInstance(DelegatingConstructorAccessorImpl.java:45)
	at java.lang.reflect.Constructor.newInstance(Constructor.java:423)
	at org.openqa.selenium.remote.http.W3CHttpResponseCodec.createException(W3CHttpResponseCodec.java:150)
	at org.openqa.selenium.remote.http.W3CHttpResponseCodec.decode(W3CHttpResponseCodec.java:115)
	at org.openqa.selenium.remote.http.W3CHttpResponseCodec.decode(W3CHttpResponseCodec.java:45)
	at org.openqa.selenium.remote.HttpCommandExecutor.execute(HttpCommandExecutor.java:164)
	at org.openqa.selenium.remote.service.DriverCommandExecutor.execute(DriverCommandExecutor.java:82)
	at org.openqa.selenium.remote.RemoteWebDriver.execute(RemoteWebDriver.java:637)
	at org.openqa.selenium.remote.RemoteWebDriver.perform(RemoteWebDriver.java:703)
	at org.openqa.selenium.interactions.Actions$BuiltAction.perform(Actions.java:631)
	at CDMNext.StepDefinations.SeriesTab.user_Mouse_hover_on_icon(SeriesTab.java:1318)
	at ✽.When User Mouse hover on "See in Database" icon(SeriesTab.feature:199)
</pre></div>
			
		</li>
		<li test-id='103' class='node then skip' status='skip'>
			
			<b>Then</b>
			
			<span class="bdd-step-name">Then User can selects "Indonesia Premium Database"</span>
				<div class='pre'>skipped</div>
			
		</li>
		<li test-id='104' class='node then skip' status='skip'>
			
			<b>Then</b>
			
			<span class="bdd-step-name">Then User can see the selected database in Databases tab</span>
				<div class='pre'>skipped</div>
			
		</li>
	</ul>
</div>
<div class='scenario node' test-id='105' status='fail'>
	<div class='category-list'>
		<span class='category label white-text'>@SeriesTab1</span>
	</div>
	<span class='duration right label'>0h 1m 1s+756ms</span>
	<div class='desc'>
		<b>Scenario</b>
		<span class="desc-text">TC_SeriesTab_31:Verify 'Mouse over' icons for series level</span>
	</div>
	<ul class='steps'>
		<li test-id='106' class='node given pass' status='pass'>
			
			<b>Given</b>
			
			<span class="bdd-step-name">Given User enters "400841827"</span>
				<div class='pre'>passed</div>
			
		</li>
		<li test-id='107' class='node when pass' status='pass'>
			
			<b>When</b>
			
			<span class="bdd-step-name">When User Mouse hover on "See in Database" icon</span>
				<div class='pre'>passed</div>
			
		</li>
		<li test-id='108' class='node then fail' status='fail'>
			
			<b>Then</b>
			
			<span class="bdd-step-name">Then User can see the selected database in Databases tab</span>
				<div class='pre'><pre>org.openqa.selenium.StaleElementReferenceException: stale element reference: element is not attached to the page document
  (Session info: chrome=100.0.4896.127)
For documentation on this error, please visit: http://seleniumhq.org/exceptions/stale_element_reference.html
Build info: version: '3.4.0', revision: 'unknown', time: 'unknown'
System info: host: 'IN-BLR-L008', ip: '192.168.56.1', os.name: 'Windows 10', os.arch: 'amd64', os.version: '10.0', java.version: '1.8.0_202'
Driver info: org.openqa.selenium.chrome.ChromeDriver
Capabilities [{networkConnectionEnabled=false, chrome={chromedriverVersion=100.0.4896.20 (f9d71f93d32a6487809d6f35a9670c879fe97dfe-refs/branch-heads/4896@{#203}), userDataDir=C:\Users\nmaduru\AppData\Local\Temp\scoped_dir25204_68894798}, timeouts={implicit=0.0, pageLoad=300000.0, script=30000.0}, pageLoadStrategy=normal, unhandledPromptBehavior=dismiss and notify, strictFileInteractability=false, platform=ANY, proxy=Proxy(), goog:chromeOptions={debuggerAddress=localhost:51822}, webauthn:extension:credBlob=true, acceptInsecureCerts=true, browserVersion=100.0.4896.127, browserName=chrome, javascriptEnabled=true, platformName=windows, setWindowRect=true, webauthn:extension:largeBlob=true, webauthn:virtualAuthenticators=true}]
Session ID: e41acd55a0a50493257d4fe11d926283
	at sun.reflect.NativeConstructorAccessorImpl.newInstance0(Native Method)
	at sun.reflect.NativeConstructorAccessorImpl.newInstance(NativeConstructorAccessorImpl.java:62)
	at sun.reflect.DelegatingConstructorAccessorImpl.newInstance(DelegatingConstructorAccessorImpl.java:45)
	at java.lang.reflect.Constructor.newInstance(Constructor.java:423)
	at org.openqa.selenium.remote.http.W3CHttpResponseCodec.createException(W3CHttpResponseCodec.java:150)
	at org.openqa.selenium.remote.http.W3CHttpResponseCodec.decode(W3CHttpResponseCodec.java:115)
	at org.openqa.selenium.remote.http.W3CHttpResponseCodec.decode(W3CHttpResponseCodec.java:45)
	at org.openqa.selenium.remote.HttpCommandExecutor.execute(HttpCommandExecutor.java:164)
	at org.openqa.selenium.remote.service.DriverCommandExecutor.execute(DriverCommandExecutor.java:82)
	at org.openqa.selenium.remote.RemoteWebDriver.execute(RemoteWebDriver.java:637)
	at org.openqa.selenium.remote.RemoteWebDriver.executeScript(RemoteWebDriver.java:573)
	at CDMNext.StepDefinations.SeriesTab.user_can_see_the_selected_database_in_Databases_tab(SeriesTab.java:1372)
	at ✽.Then User can see the selected database in Databases tab(SeriesTab.feature:207)
</pre></div>
			
		</li>
	</ul>
</div>
<div class='scenario node' test-id='109' status='fail'>
	<div class='category-list'>
		<span class='category label white-text'>@SeriesTab1</span>
	</div>
	<span class='duration right label'>0h 1m 3s+994ms</span>
	<div class='desc'>
		<b>Scenario</b>
		<span class="desc-text">TC_SeriesTab_36:Verify 'Add and replace' from dropdown</span>
	</div>
	<ul class='steps'>
		<li test-id='110' class='node given pass' status='pass'>
			
			<b>Given</b>
			
			<span class="bdd-step-name">Given User enters seriesID "5724301;5958801"</span>
				<div class='pre'>passed</div>
			
		</li>
		<li test-id='111' class='node and pass' status='pass'>
			
			<b>And</b>
			
			<span class="bdd-step-name">And Create any visual</span>
				<div class='pre'>passed</div>
			
		</li>
		<li test-id='112' class='node and fail' status='fail'>
			
			<b>And</b>
			
			<span class="bdd-step-name">And Click on drop down icon next to +</span>
				<div class='pre'><pre>org.openqa.selenium.ElementNotInteractableException: element not interactable
  (Session info: chrome=100.0.4896.127)
Build info: version: '3.4.0', revision: 'unknown', time: 'unknown'
System info: host: 'IN-BLR-L008', ip: '192.168.56.1', os.name: 'Windows 10', os.arch: 'amd64', os.version: '10.0', java.version: '1.8.0_202'
Driver info: org.openqa.selenium.chrome.ChromeDriver
Capabilities [{networkConnectionEnabled=false, chrome={chromedriverVersion=100.0.4896.20 (f9d71f93d32a6487809d6f35a9670c879fe97dfe-refs/branch-heads/4896@{#203}), userDataDir=C:\Users\nmaduru\AppData\Local\Temp\scoped_dir25204_68894798}, timeouts={implicit=0.0, pageLoad=300000.0, script=30000.0}, pageLoadStrategy=normal, unhandledPromptBehavior=dismiss and notify, strictFileInteractability=false, platform=ANY, proxy=Proxy(), goog:chromeOptions={debuggerAddress=localhost:51822}, webauthn:extension:credBlob=true, acceptInsecureCerts=true, browserVersion=100.0.4896.127, browserName=chrome, javascriptEnabled=true, platformName=windows, setWindowRect=true, webauthn:extension:largeBlob=true, webauthn:virtualAuthenticators=true}]
Session ID: e41acd55a0a50493257d4fe11d926283
	at sun.reflect.NativeConstructorAccessorImpl.newInstance0(Native Method)
	at sun.reflect.NativeConstructorAccessorImpl.newInstance(NativeConstructorAccessorImpl.java:62)
	at sun.reflect.DelegatingConstructorAccessorImpl.newInstance(DelegatingConstructorAccessorImpl.java:45)
	at java.lang.reflect.Constructor.newInstance(Constructor.java:423)
	at org.openqa.selenium.remote.http.W3CHttpResponseCodec.createException(W3CHttpResponseCodec.java:150)
	at org.openqa.selenium.remote.http.W3CHttpResponseCodec.decode(W3CHttpResponseCodec.java:115)
	at org.openqa.selenium.remote.http.W3CHttpResponseCodec.decode(W3CHttpResponseCodec.java:45)
	at org.openqa.selenium.remote.HttpCommandExecutor.execute(HttpCommandExecutor.java:164)
	at org.openqa.selenium.remote.service.DriverCommandExecutor.execute(DriverCommandExecutor.java:82)
	at org.openqa.selenium.remote.RemoteWebDriver.execute(RemoteWebDriver.java:637)
	at org.openqa.selenium.remote.RemoteWebElement.execute(RemoteWebElement.java:272)
	at org.openqa.selenium.remote.RemoteWebElement.click(RemoteWebElement.java:82)
	at CDMNext.StepDefinations.SeriesTab.click_on_drop_down_icon_next_to(SeriesTab.java:1475)
	at ✽.And Click on drop down icon next to +(SeriesTab.feature:235)
</pre></div>
			
		</li>
		<li test-id='113' class='node and skip' status='skip'>
			
			<b>And</b>
			
			<span class="bdd-step-name">And Click on "Add and replace"</span>
				<div class='pre'>skipped</div>
			
		</li>
		<li test-id='114' class='node then skip' status='skip'>
			
			<b>Then</b>
			
			<span class="bdd-step-name">Then Highlighted visual series should be replaced new series</span>
				<div class='pre'>skipped</div>
			
		</li>
	</ul>
</div>
<div class='scenario node' test-id='115' status='fail'>
	<div class='category-list'>
		<span class='category label white-text'>@SeriesTab1</span>
	</div>
	<span class='duration right label'>0h 1m 5s+17ms</span>
	<div class='desc'>
		<b>Scenario</b>
		<span class="desc-text">TC_SeriesTab_41:Verify 'Add' series from dropdown</span>
	</div>
	<ul class='steps'>
		<li test-id='116' class='node given pass' status='pass'>
			
			<b>Given</b>
			
			<span class="bdd-step-name">Given User enters seriesID "368921927;371376337"</span>
				<div class='pre'>passed</div>
			
		</li>
		<li test-id='117' class='node and fail' status='fail'>
			
			<b>And</b>
			
			<span class="bdd-step-name">And Click on drop down icon next to +</span>
				<div class='pre'><pre>org.openqa.selenium.ElementNotInteractableException: element not interactable
  (Session info: chrome=100.0.4896.127)
Build info: version: '3.4.0', revision: 'unknown', time: 'unknown'
System info: host: 'IN-BLR-L008', ip: '192.168.56.1', os.name: 'Windows 10', os.arch: 'amd64', os.version: '10.0', java.version: '1.8.0_202'
Driver info: org.openqa.selenium.chrome.ChromeDriver
Capabilities [{networkConnectionEnabled=false, chrome={chromedriverVersion=100.0.4896.20 (f9d71f93d32a6487809d6f35a9670c879fe97dfe-refs/branch-heads/4896@{#203}), userDataDir=C:\Users\nmaduru\AppData\Local\Temp\scoped_dir25204_68894798}, timeouts={implicit=0.0, pageLoad=300000.0, script=30000.0}, pageLoadStrategy=normal, unhandledPromptBehavior=dismiss and notify, strictFileInteractability=false, platform=ANY, proxy=Proxy(), goog:chromeOptions={debuggerAddress=localhost:51822}, webauthn:extension:credBlob=true, acceptInsecureCerts=true, browserVersion=100.0.4896.127, browserName=chrome, javascriptEnabled=true, platformName=windows, setWindowRect=true, webauthn:extension:largeBlob=true, webauthn:virtualAuthenticators=true}]
Session ID: e41acd55a0a50493257d4fe11d926283
	at sun.reflect.NativeConstructorAccessorImpl.newInstance0(Native Method)
	at sun.reflect.NativeConstructorAccessorImpl.newInstance(NativeConstructorAccessorImpl.java:62)
	at sun.reflect.DelegatingConstructorAccessorImpl.newInstance(DelegatingConstructorAccessorImpl.java:45)
	at java.lang.reflect.Constructor.newInstance(Constructor.java:423)
	at org.openqa.selenium.remote.http.W3CHttpResponseCodec.createException(W3CHttpResponseCodec.java:150)
	at org.openqa.selenium.remote.http.W3CHttpResponseCodec.decode(W3CHttpResponseCodec.java:115)
	at org.openqa.selenium.remote.http.W3CHttpResponseCodec.decode(W3CHttpResponseCodec.java:45)
	at org.openqa.selenium.remote.HttpCommandExecutor.execute(HttpCommandExecutor.java:164)
	at org.openqa.selenium.remote.service.DriverCommandExecutor.execute(DriverCommandExecutor.java:82)
	at org.openqa.selenium.remote.RemoteWebDriver.execute(RemoteWebDriver.java:637)
	at org.openqa.selenium.remote.RemoteWebElement.execute(RemoteWebElement.java:272)
	at org.openqa.selenium.remote.RemoteWebElement.click(RemoteWebElement.java:82)
	at CDMNext.StepDefinations.SeriesTab.click_on_drop_down_icon_next_to(SeriesTab.java:1475)
	at ✽.And Click on drop down icon next to +(SeriesTab.feature:265)
</pre></div>
			
		</li>
		<li test-id='118' class='node and skip' status='skip'>
			
			<b>And</b>
			
			<span class="bdd-step-name">And Click on "Add"</span>
				<div class='pre'>skipped</div>
			
		</li>
		<li test-id='119' class='node then skip' status='skip'>
			
			<b>Then</b>
			
			<span class="bdd-step-name">Then The series should be added to Data tab</span>
				<div class='pre'>skipped</div>
			
		</li>
	</ul>
</div>
<div class='scenario node' test-id='120' status='fail'>
	<div class='category-list'>
		<span class='category label white-text'>@SeriesTab1</span>
	</div>
	<span class='duration right label'>0h 1m 9s+592ms</span>
	<div class='desc'>
		<b>Scenario</b>
		<span class="desc-text">TC_SeriesTab_42:Verify 'Add to recent insight' in dropdown</span>
	</div>
	<ul class='steps'>
		<li test-id='121' class='node given pass' status='pass'>
			
			<b>Given</b>
			
			<span class="bdd-step-name">Given User enters seriesID "368921927;371376337"</span>
				<div class='pre'>passed</div>
			
		</li>
		<li test-id='122' class='node and fail' status='fail'>
			
			<b>And</b>
			
			<span class="bdd-step-name">And Click on drop down icon next to +</span>
				<div class='pre'><pre>org.openqa.selenium.ElementNotInteractableException: element not interactable
  (Session info: chrome=100.0.4896.127)
Build info: version: '3.4.0', revision: 'unknown', time: 'unknown'
System info: host: 'IN-BLR-L008', ip: '192.168.56.1', os.name: 'Windows 10', os.arch: 'amd64', os.version: '10.0', java.version: '1.8.0_202'
Driver info: org.openqa.selenium.chrome.ChromeDriver
Capabilities [{networkConnectionEnabled=false, chrome={chromedriverVersion=100.0.4896.20 (f9d71f93d32a6487809d6f35a9670c879fe97dfe-refs/branch-heads/4896@{#203}), userDataDir=C:\Users\nmaduru\AppData\Local\Temp\scoped_dir25204_68894798}, timeouts={implicit=0.0, pageLoad=300000.0, script=30000.0}, pageLoadStrategy=normal, unhandledPromptBehavior=dismiss and notify, strictFileInteractability=false, platform=ANY, proxy=Proxy(), goog:chromeOptions={debuggerAddress=localhost:51822}, webauthn:extension:credBlob=true, acceptInsecureCerts=true, browserVersion=100.0.4896.127, browserName=chrome, javascriptEnabled=true, platformName=windows, setWindowRect=true, webauthn:extension:largeBlob=true, webauthn:virtualAuthenticators=true}]
Session ID: e41acd55a0a50493257d4fe11d926283
	at sun.reflect.NativeConstructorAccessorImpl.newInstance0(Native Method)
	at sun.reflect.NativeConstructorAccessorImpl.newInstance(NativeConstructorAccessorImpl.java:62)
	at sun.reflect.DelegatingConstructorAccessorImpl.newInstance(DelegatingConstructorAccessorImpl.java:45)
	at java.lang.reflect.Constructor.newInstance(Constructor.java:423)
	at org.openqa.selenium.remote.http.W3CHttpResponseCodec.createException(W3CHttpResponseCodec.java:150)
	at org.openqa.selenium.remote.http.W3CHttpResponseCodec.decode(W3CHttpResponseCodec.java:115)
	at org.openqa.selenium.remote.http.W3CHttpResponseCodec.decode(W3CHttpResponseCodec.java:45)
	at org.openqa.selenium.remote.HttpCommandExecutor.execute(HttpCommandExecutor.java:164)
	at org.openqa.selenium.remote.service.DriverCommandExecutor.execute(DriverCommandExecutor.java:82)
	at org.openqa.selenium.remote.RemoteWebDriver.execute(RemoteWebDriver.java:637)
	at org.openqa.selenium.remote.RemoteWebElement.execute(RemoteWebElement.java:272)
	at org.openqa.selenium.remote.RemoteWebElement.click(RemoteWebElement.java:82)
	at CDMNext.StepDefinations.SeriesTab.click_on_drop_down_icon_next_to(SeriesTab.java:1475)
	at ✽.And Click on drop down icon next to +(SeriesTab.feature:272)
</pre></div>
			
		</li>
		<li test-id='123' class='node and skip' status='skip'>
			
			<b>And</b>
			
			<span class="bdd-step-name">And Click on "Add to recent insight"</span>
				<div class='pre'>skipped</div>
			
		</li>
		<li test-id='124' class='node and skip' status='skip'>
			
			<b>And</b>
			
			<span class="bdd-step-name">And Select any recent insight from the dropdown</span>
				<div class='pre'>skipped</div>
			
		</li>
		<li test-id='125' class='node and skip' status='skip'>
			
			<b>And</b>
			
			<span class="bdd-step-name">And Click on Apply</span>
				<div class='pre'>skipped</div>
			
		</li>
		<li test-id='126' class='node then skip' status='skip'>
			
			<b>Then</b>
			
			<span class="bdd-step-name">Then The series should be added to selected insight</span>
				<div class='pre'>skipped</div>
			
		</li>
	</ul>
</div>
<div class='scenario node' test-id='127' status='fail'>
	<div class='category-list'>
		<span class='category label white-text'>@SeriesTab1</span>
	</div>
	<span class='duration right label'>0h 1m 9s+455ms</span>
	<div class='desc'>
		<b>Scenario</b>
		<span class="desc-text">TC_SeriesTab_43:Verify 'Add to new insight' in dropdown</span>
	</div>
	<ul class='steps'>
		<li test-id='128' class='node given pass' status='pass'>
			
			<b>Given</b>
			
			<span class="bdd-step-name">Given User enters seriesID "53211802;386600807"</span>
				<div class='pre'>passed</div>
			
		</li>
		<li test-id='129' class='node and fail' status='fail'>
			
			<b>And</b>
			
			<span class="bdd-step-name">And Click on drop down icon next to +</span>
				<div class='pre'><pre>org.openqa.selenium.ElementNotInteractableException: element not interactable
  (Session info: chrome=100.0.4896.127)
Build info: version: '3.4.0', revision: 'unknown', time: 'unknown'
System info: host: 'IN-BLR-L008', ip: '192.168.56.1', os.name: 'Windows 10', os.arch: 'amd64', os.version: '10.0', java.version: '1.8.0_202'
Driver info: org.openqa.selenium.chrome.ChromeDriver
Capabilities [{networkConnectionEnabled=false, chrome={chromedriverVersion=100.0.4896.20 (f9d71f93d32a6487809d6f35a9670c879fe97dfe-refs/branch-heads/4896@{#203}), userDataDir=C:\Users\nmaduru\AppData\Local\Temp\scoped_dir25204_68894798}, timeouts={implicit=0.0, pageLoad=300000.0, script=30000.0}, pageLoadStrategy=normal, unhandledPromptBehavior=dismiss and notify, strictFileInteractability=false, platform=ANY, proxy=Proxy(), goog:chromeOptions={debuggerAddress=localhost:51822}, webauthn:extension:credBlob=true, acceptInsecureCerts=true, browserVersion=100.0.4896.127, browserName=chrome, javascriptEnabled=true, platformName=windows, setWindowRect=true, webauthn:extension:largeBlob=true, webauthn:virtualAuthenticators=true}]
Session ID: e41acd55a0a50493257d4fe11d926283
	at sun.reflect.NativeConstructorAccessorImpl.newInstance0(Native Method)
	at sun.reflect.NativeConstructorAccessorImpl.newInstance(NativeConstructorAccessorImpl.java:62)
	at sun.reflect.DelegatingConstructorAccessorImpl.newInstance(DelegatingConstructorAccessorImpl.java:45)
	at java.lang.reflect.Constructor.newInstance(Constructor.java:423)
	at org.openqa.selenium.remote.http.W3CHttpResponseCodec.createException(W3CHttpResponseCodec.java:150)
	at org.openqa.selenium.remote.http.W3CHttpResponseCodec.decode(W3CHttpResponseCodec.java:115)
	at org.openqa.selenium.remote.http.W3CHttpResponseCodec.decode(W3CHttpResponseCodec.java:45)
	at org.openqa.selenium.remote.HttpCommandExecutor.execute(HttpCommandExecutor.java:164)
	at org.openqa.selenium.remote.service.DriverCommandExecutor.execute(DriverCommandExecutor.java:82)
	at org.openqa.selenium.remote.RemoteWebDriver.execute(RemoteWebDriver.java:637)
	at org.openqa.selenium.remote.RemoteWebElement.execute(RemoteWebElement.java:272)
	at org.openqa.selenium.remote.RemoteWebElement.click(RemoteWebElement.java:82)
	at CDMNext.StepDefinations.SeriesTab.click_on_drop_down_icon_next_to(SeriesTab.java:1475)
	at ✽.And Click on drop down icon next to +(SeriesTab.feature:281)
</pre></div>
			
		</li>
		<li test-id='130' class='node and skip' status='skip'>
			
			<b>And</b>
			
			<span class="bdd-step-name">And Click on "Add to new insight"</span>
				<div class='pre'>skipped</div>
			
		</li>
		<li test-id='131' class='node then skip' status='skip'>
			
			<b>Then</b>
			
			<span class="bdd-step-name">Then New insight should be created and the series should be added to the insight</span>
				<div class='pre'>skipped</div>
			
		</li>
	</ul>
</div>
<div class='scenario node' test-id='132' status='fail'>
	<div class='category-list'>
		<span class='category label white-text'>@SeriesTab1</span>
	</div>
	<span class='duration right label'>0h 1m 9s+376ms</span>
	<div class='desc'>
		<b>Scenario</b>
		<span class="desc-text">TC_SeriesTab_44:Verify 'Add and group' from dropdown</span>
	</div>
	<ul class='steps'>
		<li test-id='133' class='node given pass' status='pass'>
			
			<b>Given</b>
			
			<span class="bdd-step-name">Given User enters seriesID "368921927;371376337"</span>
				<div class='pre'>passed</div>
			
		</li>
		<li test-id='134' class='node and fail' status='fail'>
			
			<b>And</b>
			
			<span class="bdd-step-name">And Click on drop down icon next to +</span>
				<div class='pre'><pre>org.openqa.selenium.ElementNotInteractableException: element not interactable
  (Session info: chrome=100.0.4896.127)
Build info: version: '3.4.0', revision: 'unknown', time: 'unknown'
System info: host: 'IN-BLR-L008', ip: '192.168.56.1', os.name: 'Windows 10', os.arch: 'amd64', os.version: '10.0', java.version: '1.8.0_202'
Driver info: org.openqa.selenium.chrome.ChromeDriver
Capabilities [{networkConnectionEnabled=false, chrome={chromedriverVersion=100.0.4896.20 (f9d71f93d32a6487809d6f35a9670c879fe97dfe-refs/branch-heads/4896@{#203}), userDataDir=C:\Users\nmaduru\AppData\Local\Temp\scoped_dir25204_68894798}, timeouts={implicit=0.0, pageLoad=300000.0, script=30000.0}, pageLoadStrategy=normal, unhandledPromptBehavior=dismiss and notify, strictFileInteractability=false, platform=ANY, proxy=Proxy(), goog:chromeOptions={debuggerAddress=localhost:51822}, webauthn:extension:credBlob=true, acceptInsecureCerts=true, browserVersion=100.0.4896.127, browserName=chrome, javascriptEnabled=true, platformName=windows, setWindowRect=true, webauthn:extension:largeBlob=true, webauthn:virtualAuthenticators=true}]
Session ID: e41acd55a0a50493257d4fe11d926283
	at sun.reflect.NativeConstructorAccessorImpl.newInstance0(Native Method)
	at sun.reflect.NativeConstructorAccessorImpl.newInstance(NativeConstructorAccessorImpl.java:62)
	at sun.reflect.DelegatingConstructorAccessorImpl.newInstance(DelegatingConstructorAccessorImpl.java:45)
	at java.lang.reflect.Constructor.newInstance(Constructor.java:423)
	at org.openqa.selenium.remote.http.W3CHttpResponseCodec.createException(W3CHttpResponseCodec.java:150)
	at org.openqa.selenium.remote.http.W3CHttpResponseCodec.decode(W3CHttpResponseCodec.java:115)
	at org.openqa.selenium.remote.http.W3CHttpResponseCodec.decode(W3CHttpResponseCodec.java:45)
	at org.openqa.selenium.remote.HttpCommandExecutor.execute(HttpCommandExecutor.java:164)
	at org.openqa.selenium.remote.service.DriverCommandExecutor.execute(DriverCommandExecutor.java:82)
	at org.openqa.selenium.remote.RemoteWebDriver.execute(RemoteWebDriver.java:637)
	at org.openqa.selenium.remote.RemoteWebElement.execute(RemoteWebElement.java:272)
	at org.openqa.selenium.remote.RemoteWebElement.click(RemoteWebElement.java:82)
	at CDMNext.StepDefinations.SeriesTab.click_on_drop_down_icon_next_to(SeriesTab.java:1475)
	at ✽.And Click on drop down icon next to +(SeriesTab.feature:288)
</pre></div>
			
		</li>
		<li test-id='135' class='node and skip' status='skip'>
			
			<b>And</b>
			
			<span class="bdd-step-name">And Click on "Add and group"</span>
				<div class='pre'>skipped</div>
			
		</li>
		<li test-id='136' class='node then skip' status='skip'>
			
			<b>Then</b>
			
			<span class="bdd-step-name">Then Selected series should be added as group in My series</span>
				<div class='pre'>skipped</div>
			
		</li>
	</ul>
</div>
<div class='scenario node' test-id='137' status='pass'>
	<div class='category-list'>
		<span class='category label white-text'>@SeriesTab1</span>
	</div>
	<span class='duration right label'>0h 2m 0s+649ms</span>
	<div class='desc'>
		<b>Scenario</b>
		<span class="desc-text">TC_SeriesTab_49:Verifying "New only" filter for series tab</span>
	</div>
	<ul class='steps'>
		<li test-id='138' class='node and pass' status='pass'>
			
			<b>And</b>
			
			<span class="bdd-step-name">And Open "Series" tab</span>
				<div class='pre'>passed</div>
			
		</li>
		<li test-id='139' class='node and pass' status='pass'>
			
			<b>And</b>
			
			<span class="bdd-step-name">And User has selects "More" as "New only"</span>
				<div class='pre'>passed</div>
			
		</li>
		<li test-id='140' class='node when pass' status='pass'>
			
			<b>When</b>
			
			<span class="bdd-step-name">When Click on "Apply filter"</span>
				<div class='pre'>passed</div>
			
		</li>
		<li test-id='141' class='node then pass' status='pass'>
			
			<b>Then</b>
			
			<span class="bdd-step-name">Then "new series" should be displayed</span>
				<div class='pre'>passed</div>
			
		</li>
	</ul>
</div>
<div class='scenario node' test-id='142' status='fail'>
	<div class='category-list'>
		<span class='category label white-text'>@SeriesTab1</span>
	</div>
	<span class='duration right label'>0h 34m 39s+141ms</span>
	<div class='desc'>
		<b>Scenario</b>
		<span class="desc-text">TC_SeriesTab_50:Verify results by World trend plus database</span>
	</div>
	<ul class='steps'>
		<li test-id='143' class='node and pass' status='pass'>
			
			<b>And</b>
			
			<span class="bdd-step-name">And User enters "GDP"</span>
				<div class='pre'>passed</div>
			
		</li>
		<li test-id='144' class='node and pass' status='pass'>
			
			<b>And</b>
			
			<span class="bdd-step-name">And Click on "More" filter</span>
				<div class='pre'>passed</div>
			
		</li>
		<li test-id='145' class='node and pass' status='pass'>
			
			<b>And</b>
			
			<span class="bdd-step-name">And User selected "Database" as "World Trend Plus"</span>
				<div class='pre'>passed</div>
			
		</li>
		<li test-id='146' class='node and pass' status='pass'>
			
			<b>And</b>
			
			<span class="bdd-step-name">And Click on "Apply filter"</span>
				<div class='pre'>passed</div>
			
		</li>
		<li test-id='147' class='node then fail' status='fail'>
			
			<b>Then</b>
			
			<span class="bdd-step-name">Then Search results should include series only from world trend plus DB</span>
				<div class='pre'><pre>org.openqa.selenium.TimeoutException: Expected condition failed: waiting for visibility of element located by By.xpath: (//*[@class='series-representation--list']/*//*[contains(@class,'series-search-list-item')])[6]//*[@title='Open footnote'] (tried for 2000 second(s) with 500 MILLISECONDS interval)
	at org.openqa.selenium.support.ui.WebDriverWait.timeoutException(WebDriverWait.java:80)
	at org.openqa.selenium.support.ui.FluentWait.until(FluentWait.java:232)
	at CDMNext.StepDefinations.SeriesTab.search_results_should_include_series_only_from_world_trend_plus_DB(SeriesTab.java:1826)
	at ✽.Then Search results should include series only from world trend plus DB(SeriesTab.feature:333)
Caused by: org.openqa.selenium.NoSuchElementException: Cannot locate an element using By.xpath: (//*[@class='series-representation--list']/*//*[contains(@class,'series-search-list-item')])[6]//*[@title='Open footnote']
For documentation on this error, please visit: http://seleniumhq.org/exceptions/no_such_element.html
Build info: version: '3.4.0', revision: 'unknown', time: 'unknown'
System info: host: 'IN-BLR-L008', ip: '192.168.56.1', os.name: 'Windows 10', os.arch: 'amd64', os.version: '10.0', java.version: '1.8.0_202'
Driver info: driver.version: unknown
	at org.openqa.selenium.support.ui.ExpectedConditions.lambda$findElement$0(ExpectedConditions.java:883)
	at java.util.Optional.orElseThrow(Optional.java:290)
	at org.openqa.selenium.support.ui.ExpectedConditions.findElement(ExpectedConditions.java:882)
	at org.openqa.selenium.support.ui.ExpectedConditions.access$000(ExpectedConditions.java:44)
	at org.openqa.selenium.support.ui.ExpectedConditions$7.apply(ExpectedConditions.java:206)
	at org.openqa.selenium.support.ui.ExpectedConditions$7.apply(ExpectedConditions.java:202)
	at org.openqa.selenium.support.ui.FluentWait.until(FluentWait.java:209)
	at CDMNext.StepDefinations.SeriesTab.search_results_should_include_series_only_from_world_trend_plus_DB(SeriesTab.java:1826)
	at sun.reflect.NativeMethodAccessorImpl.invoke0(Native Method)
	at sun.reflect.NativeMethodAccessorImpl.invoke(NativeMethodAccessorImpl.java:62)
	at sun.reflect.DelegatingMethodAccessorImpl.invoke(DelegatingMethodAccessorImpl.java:43)
	at java.lang.reflect.Method.invoke(Method.java:498)
	at cucumber.runtime.Utils$1.call(Utils.java:40)
	at cucumber.runtime.Timeout.timeout(Timeout.java:16)
	at cucumber.runtime.Utils.invoke(Utils.java:34)
	at cucumber.runtime.java.JavaStepDefinition.execute(JavaStepDefinition.java:38)
	at cucumber.runtime.StepDefinitionMatch.runStep(StepDefinitionMatch.java:37)
	at cucumber.runtime.Runtime.runStep(Runtime.java:300)
	at cucumber.runtime.model.StepContainer.runStep(StepContainer.java:44)
	at cucumber.runtime.model.StepContainer.runSteps(StepContainer.java:39)
	at cucumber.runtime.model.CucumberScenario.run(CucumberScenario.java:44)
	at cucumber.runtime.model.CucumberFeature.run(CucumberFeature.java:165)
	at cucumber.api.testng.TestNGCucumberRunner.runCucumber(TestNGCucumberRunner.java:63)
	at CDMNext.runner.TestRunner.feature(TestRunner.java:53)
	at sun.reflect.NativeMethodAccessorImpl.invoke0(Native Method)
	at sun.reflect.NativeMethodAccessorImpl.invoke(NativeMethodAccessorImpl.java:62)
	at sun.reflect.DelegatingMethodAccessorImpl.invoke(DelegatingMethodAccessorImpl.java:43)
	at java.lang.reflect.Method.invoke(Method.java:498)
	at org.testng.internal.MethodInvocationHelper.invokeMethod(MethodInvocationHelper.java:85)
	at org.testng.internal.Invoker.invokeMethod(Invoker.java:639)
	at org.testng.internal.Invoker.invokeTestMethod(Invoker.java:816)
	at org.testng.internal.Invoker.invokeTestMethods(Invoker.java:1124)
	at org.testng.internal.TestMethodWorker.invokeTestMethods(TestMethodWorker.java:125)
	at org.testng.internal.TestMethodWorker.run(TestMethodWorker.java:108)
	at org.testng.TestRunner.privateRun(TestRunner.java:774)
	at org.testng.TestRunner.run(TestRunner.java:624)
	at org.testng.SuiteRunner.runTest(SuiteRunner.java:359)
	at org.testng.SuiteRunner.runSequentially(SuiteRunner.java:354)
	at org.testng.SuiteRunner.privateRun(SuiteRunner.java:312)
	at org.testng.SuiteRunner.run(SuiteRunner.java:261)
	at org.testng.SuiteRunnerWorker.runSuite(SuiteRunnerWorker.java:52)
	at org.testng.SuiteRunnerWorker.run(SuiteRunnerWorker.java:86)
	at org.testng.TestNG.runSuitesSequentially(TestNG.java:1191)
	at org.testng.TestNG.runSuitesLocally(TestNG.java:1116)
	at org.testng.TestNG.run(TestNG.java:1024)
	at org.testng.remote.AbstractRemoteTestNG.run(AbstractRemoteTestNG.java:114)
	at org.testng.remote.RemoteTestNG.initAndRun(RemoteTestNG.java:251)
	at org.testng.remote.RemoteTestNG.main(RemoteTestNG.java:77)
</pre></div>
			
		</li>
	</ul>
</div>
<div class='scenario node' test-id='148' status='pass'>
	<div class='category-list'>
		<span class='category label white-text'>@SeriesTab1</span>
	</div>
	<span class='duration right label'>0h 1m 15s+225ms</span>
	<div class='desc'>
		<b>Scenario</b>
		<span class="desc-text">TC_SeriesTab_51:Verifying "View as Pie" option for series level</span>
	</div>
	<ul class='steps'>
		<li test-id='149' class='node given pass' status='pass'>
			
			<b>Given</b>
			
			<span class="bdd-step-name">Given User enters seriesID "7872901;7874601"</span>
				<div class='pre'>passed</div>
			
		</li>
		<li test-id='150' class='node when pass' status='pass'>
			
			<b>When</b>
			
			<span class="bdd-step-name">When User right click on any series</span>
				<div class='pre'>passed</div>
			
		</li>
		<li test-id='151' class='node then pass' status='pass'>
			
			<b>Then</b>
			
			<span class="bdd-step-name">Then User can able to see "View as Pie" option from dropdown menu</span>
				<div class='pre'>passed</div>
			
		</li>
	</ul>
</div>
<div class='scenario node' test-id='152' status='pass'>
	<div class='category-list'>
		<span class='category label white-text'>@SeriesTab1</span>
	</div>
	<span class='duration right label'>0h 0m 59s+877ms</span>
	<div class='desc'>
		<b>Scenario</b>
		<span class="desc-text">TC_SeriesTab_52:Verifying "View as Heat map" option for series level</span>
	</div>
	<ul class='steps'>
		<li test-id='153' class='node given pass' status='pass'>
			
			<b>Given</b>
			
			<span class="bdd-step-name">Given User enters seriesID "230798301;7027801"</span>
				<div class='pre'>passed</div>
			
		</li>
		<li test-id='154' class='node when pass' status='pass'>
			
			<b>When</b>
			
			<span class="bdd-step-name">When User right click on any series</span>
				<div class='pre'>passed</div>
			
		</li>
		<li test-id='155' class='node then pass' status='pass'>
			
			<b>Then</b>
			
			<span class="bdd-step-name">Then User can able to see "View as Heat map" option from dropdown menu</span>
				<div class='pre'>passed</div>
			
		</li>
	</ul>
</div>
<div class='scenario node' test-id='156' status='pass'>
	<div class='category-list'>
		<span class='category label white-text'>@SeriesTab1</span>
	</div>
	<span class='duration right label'>0h 0m 59s+15ms</span>
	<div class='desc'>
		<b>Scenario</b>
		<span class="desc-text">TC_SeriesTab_53:Verifying "View as Histogram" option for series level</span>
	</div>
	<ul class='steps'>
		<li test-id='157' class='node given pass' status='pass'>
			
			<b>Given</b>
			
			<span class="bdd-step-name">Given User enters seriesID "230798301"</span>
				<div class='pre'>passed</div>
			
		</li>
		<li test-id='158' class='node when pass' status='pass'>
			
			<b>When</b>
			
			<span class="bdd-step-name">When User right click on any series</span>
				<div class='pre'>passed</div>
			
		</li>
		<li test-id='159' class='node then pass' status='pass'>
			
			<b>Then</b>
			
			<span class="bdd-step-name">Then User can able to see "View as Histogram" option from dropdown menu</span>
				<div class='pre'>passed</div>
			
		</li>
	</ul>
</div>
<div class='scenario node' test-id='160' status='pass'>
	<div class='category-list'>
		<span class='category label white-text'>@SeriesTab1</span>
	</div>
	<span class='duration right label'>0h 0m 50s+224ms</span>
	<div class='desc'>
		<b>Scenario</b>
		<span class="desc-text">TC_SeriesTab_54:Verifying "Download" option for selected series</span>
	</div>
	<ul class='steps'>
		<li test-id='161' class='node given pass' status='pass'>
			
			<b>Given</b>
			
			<span class="bdd-step-name">Given User enters seriesID "7872901;7874601"</span>
				<div class='pre'>passed</div>
			
		</li>
		<li test-id='162' class='node and pass' status='pass'>
			
			<b>And</b>
			
			<span class="bdd-step-name">And Select series</span>
				<div class='pre'>passed</div>
			
		</li>
		<li test-id='163' class='node when pass' status='pass'>
			
			<b>When</b>
			
			<span class="bdd-step-name">When Click on "Download"</span>
				<div class='pre'>passed</div>
			
		</li>
		<li test-id='164' class='node then pass' status='pass'>
			
			<b>Then</b>
			
			<span class="bdd-step-name">Then "Download" window should be appeared for selected series</span>
				<div class='pre'>passed</div>
			
		</li>
	</ul>
</div>
<div class='scenario node' test-id='165' status='pass'>
	<div class='category-list'>
		<span class='category label white-text'>@SeriesTab1</span>
	</div>
	<span class='duration right label'>0h 1m 20s+795ms</span>
	<div class='desc'>
		<b>Scenario</b>
		<span class="desc-text">TC_SeriesTab_55:Verify "View as Chart" from More actions</span>
	</div>
	<ul class='steps'>
		<li test-id='166' class='node given pass' status='pass'>
			
			<b>Given</b>
			
			<span class="bdd-step-name">Given User enters seriesID "239796903;69851501"</span>
				<div class='pre'>passed</div>
			
		</li>
		<li test-id='167' class='node and pass' status='pass'>
			
			<b>And</b>
			
			<span class="bdd-step-name">And Select series and Click on More actions</span>
				<div class='pre'>passed</div>
			
		</li>
		<li test-id='168' class='node and pass' status='pass'>
			
			<b>And</b>
			
			<span class="bdd-step-name">And Select "View as Chart"</span>
				<div class='pre'>passed</div>
			
		</li>
		<li test-id='169' class='node then pass' status='pass'>
			
			<b>Then</b>
			
			<span class="bdd-step-name">Then Visual should be created with "Edit Chart"</span>
				<div class='pre'>passed</div>
			
		</li>
	</ul>
</div>
<div class='scenario node' test-id='170' status='pass'>
	<div class='category-list'>
		<span class='category label white-text'>@SeriesTab1</span>
	</div>
	<span class='duration right label'>0h 0m 57s+850ms</span>
	<div class='desc'>
		<b>Scenario</b>
		<span class="desc-text">TC_SeriesTab_56:Verify "View as Map" from More actions</span>
	</div>
	<ul class='steps'>
		<li test-id='171' class='node given pass' status='pass'>
			
			<b>Given</b>
			
			<span class="bdd-step-name">Given User enters seriesID "7027801;292514701"</span>
				<div class='pre'>passed</div>
			
		</li>
		<li test-id='172' class='node and pass' status='pass'>
			
			<b>And</b>
			
			<span class="bdd-step-name">And Select series and Click on More actions</span>
				<div class='pre'>passed</div>
			
		</li>
		<li test-id='173' class='node and pass' status='pass'>
			
			<b>And</b>
			
			<span class="bdd-step-name">And Select "View as Map" as "China"</span>
				<div class='pre'>passed</div>
			
		</li>
		<li test-id='174' class='node then pass' status='pass'>
			
			<b>Then</b>
			
			<span class="bdd-step-name">Then Visual should be created with "Edit Map"</span>
				<div class='pre'>passed</div>
			
		</li>
	</ul>
</div>
<div class='scenario node' test-id='175' status='pass'>
	<div class='category-list'>
		<span class='category label white-text'>@SeriesTab1</span>
	</div>
	<span class='duration right label'>0h 0m 53s+734ms</span>
	<div class='desc'>
		<b>Scenario</b>
		<span class="desc-text">TC_SeriesTab_57:Verify "Unselect all" from More actions</span>
	</div>
	<ul class='steps'>
		<li test-id='176' class='node given pass' status='pass'>
			
			<b>Given</b>
			
			<span class="bdd-step-name">Given User enters seriesID "356530077;2121301"</span>
				<div class='pre'>passed</div>
			
		</li>
		<li test-id='177' class='node and pass' status='pass'>
			
			<b>And</b>
			
			<span class="bdd-step-name">And Select series and Click on More actions</span>
				<div class='pre'>passed</div>
			
		</li>
		<li test-id='178' class='node and pass' status='pass'>
			
			<b>And</b>
			
			<span class="bdd-step-name">And Click on "Unselect all"</span>
				<div class='pre'>passed</div>
			
		</li>
		<li test-id='179' class='node then pass' status='pass'>
			
			<b>Then</b>
			
			<span class="bdd-step-name">Then The selected series should be unselected</span>
				<div class='pre'>passed</div>
			
		</li>
	</ul>
</div>
<div class='scenario node' test-id='180' status='pass'>
	<div class='category-list'>
		<span class='category label white-text'>@SeriesTab1</span>
	</div>
	<span class='duration right label'>0h 1m 15s+77ms</span>
	<div class='desc'>
		<b>Scenario</b>
		<span class="desc-text">TC_SeriesTab_58:Verify Download option for selected series from More actions</span>
	</div>
	<ul class='steps'>
		<li test-id='181' class='node given pass' status='pass'>
			
			<b>Given</b>
			
			<span class="bdd-step-name">Given User enters seriesID "7027601;6273401"</span>
				<div class='pre'>passed</div>
			
		</li>
		<li test-id='182' class='node and pass' status='pass'>
			
			<b>And</b>
			
			<span class="bdd-step-name">And Select series and Click on More actions</span>
				<div class='pre'>passed</div>
			
		</li>
		<li test-id='183' class='node and pass' status='pass'>
			
			<b>And</b>
			
			<span class="bdd-step-name">And Select "Download"</span>
				<div class='pre'>passed</div>
			
		</li>
		<li test-id='184' class='node then pass' status='pass'>
			
			<b>Then</b>
			
			<span class="bdd-step-name">Then Download window should be appeared with selected series count</span>
				<div class='pre'>passed</div>
			
		</li>
	</ul>
</div>
<div class='scenario node' test-id='185' status='fail'>
	<div class='category-list'>
		<span class='category label white-text'>@SeriesTab1</span>
	</div>
	<span class='duration right label'>0h 0m 56s+60ms</span>
	<div class='desc'>
		<b>Scenario</b>
		<span class="desc-text">TC_SeriesTab_59:Verify Footnotes option for series from right pane from More actions</span>
	</div>
	<ul class='steps'>
		<li test-id='186' class='node given pass' status='pass'>
			
			<b>Given</b>
			
			<span class="bdd-step-name">Given User enters seriesID "7876001;6231201"</span>
				<div class='pre'>passed</div>
			
		</li>
		<li test-id='187' class='node and pass' status='pass'>
			
			<b>And</b>
			
			<span class="bdd-step-name">And Select series and Click on More actions</span>
				<div class='pre'>passed</div>
			
		</li>
		<li test-id='188' class='node and pass' status='pass'>
			
			<b>And</b>
			
			<span class="bdd-step-name">And Select "Footnotes"</span>
				<div class='pre'>passed</div>
			
		</li>
		<li test-id='189' class='node then fail' status='fail'>
			
			<b>Then</b>
			
			<span class="bdd-step-name">Then Footnotes should be opened for selected series</span>
				<div class='pre'><pre>java.lang.NullPointerException
	at CDMNext.StepDefinations.SeriesTab.footnotes_should_be_opened_for_selected_series(SeriesTab.java:1994)
	at ✽.Then Footnotes should be opened for selected series(SeriesTab.feature:409)
</pre></div>
			
		</li>
	</ul>
</div>
<div class='scenario node' test-id='190' status='pass'>
	<div class='category-list'>
		<span class='category label white-text'>@SeriesTab1</span>
	</div>
	<span class='duration right label'>0h 1m 14s+312ms</span>
	<div class='desc'>
		<b>Scenario</b>
		<span class="desc-text">TC_SeriesTab_60:Verify "View as Pie" for series from More actions</span>
	</div>
	<ul class='steps'>
		<li test-id='191' class='node given pass' status='pass'>
			
			<b>Given</b>
			
			<span class="bdd-step-name">Given User enters seriesID "261975301;237211603"</span>
				<div class='pre'>passed</div>
			
		</li>
		<li test-id='192' class='node and pass' status='pass'>
			
			<b>And</b>
			
			<span class="bdd-step-name">And Select series and Click on More actions</span>
				<div class='pre'>passed</div>
			
		</li>
		<li test-id='193' class='node and pass' status='pass'>
			
			<b>And</b>
			
			<span class="bdd-step-name">And Select "Pie"</span>
				<div class='pre'>passed</div>
			
		</li>
		<li test-id='194' class='node then pass' status='pass'>
			
			<b>Then</b>
			
			<span class="bdd-step-name">Then Visual should be created with "Edit Pie"</span>
				<div class='pre'>passed</div>
			
		</li>
	</ul>
</div>
<div class='scenario node' test-id='195' status='pass'>
	<div class='category-list'>
		<span class='category label white-text'>@SeriesTab1</span>
	</div>
	<span class='duration right label'>0h 1m 10s+63ms</span>
	<div class='desc'>
		<b>Scenario</b>
		<span class="desc-text">TC_SeriesTab_61:Verify "View as Heat map" for series from More actions</span>
	</div>
	<ul class='steps'>
		<li test-id='196' class='node given pass' status='pass'>
			
			<b>Given</b>
			
			<span class="bdd-step-name">Given User enters seriesID "108107001;213834902"</span>
				<div class='pre'>passed</div>
			
		</li>
		<li test-id='197' class='node and pass' status='pass'>
			
			<b>And</b>
			
			<span class="bdd-step-name">And Select series and Click on More actions</span>
				<div class='pre'>passed</div>
			
		</li>
		<li test-id='198' class='node and pass' status='pass'>
			
			<b>And</b>
			
			<span class="bdd-step-name">And Select "Heat map"</span>
				<div class='pre'>passed</div>
			
		</li>
		<li test-id='199' class='node then pass' status='pass'>
			
			<b>Then</b>
			
			<span class="bdd-step-name">Then Visual should be created with "Edit Heat map"</span>
				<div class='pre'>passed</div>
			
		</li>
	</ul>
</div>
<div class='scenario node' test-id='200' status='pass'>
	<div class='category-list'>
		<span class='category label white-text'>@SeriesTab1</span>
	</div>
	<span class='duration right label'>0h 1m 28s+124ms</span>
	<div class='desc'>
		<b>Scenario</b>
		<span class="desc-text">TC_SeriesTab_62:Verify "View as Histogram" for series from More actions</span>
	</div>
	<ul class='steps'>
		<li test-id='201' class='node given pass' status='pass'>
			
			<b>Given</b>
			
			<span class="bdd-step-name">Given User enters seriesID "6249001"</span>
				<div class='pre'>passed</div>
			
		</li>
		<li test-id='202' class='node and pass' status='pass'>
			
			<b>And</b>
			
			<span class="bdd-step-name">And Select series and Click on More actions</span>
				<div class='pre'>passed</div>
			
		</li>
		<li test-id='203' class='node and pass' status='pass'>
			
			<b>And</b>
			
			<span class="bdd-step-name">And Select "Histogram"</span>
				<div class='pre'>passed</div>
			
		</li>
		<li test-id='204' class='node then pass' status='pass'>
			
			<b>Then</b>
			
			<span class="bdd-step-name">Then Visual should be created with "Edit Histogram"</span>
				<div class='pre'>passed</div>
			
		</li>
	</ul>
</div>
<div class='scenario node' test-id='205' status='pass'>
	<div class='category-list'>
		<span class='category label white-text'>@SeriesTab1</span>
	</div>
	<span class='duration right label'>0h 0m 53s+809ms</span>
	<div class='desc'>
		<b>Scenario</b>
		<span class="desc-text">TC_SeriesTab_63:Verify 'Copy data' from More actions</span>
	</div>
	<ul class='steps'>
		<li test-id='206' class='node given pass' status='pass'>
			
			<b>Given</b>
			
			<span class="bdd-step-name">Given User enters seriesID "261975301;237211603"</span>
				<div class='pre'>passed</div>
			
		</li>
		<li test-id='207' class='node and pass' status='pass'>
			
			<b>And</b>
			
			<span class="bdd-step-name">And Select series and Click on More actions</span>
				<div class='pre'>passed</div>
			
		</li>
		<li test-id='208' class='node and pass' status='pass'>
			
			<b>And</b>
			
			<span class="bdd-step-name">And Select "Copy data"</span>
				<div class='pre'>passed</div>
			
		</li>
		<li test-id='209' class='node then pass' status='pass'>
			
			<b>Then</b>
			
			<span class="bdd-step-name">Then The download popup should be opened</span>
				<div class='pre'>passed</div>
			
		</li>
	</ul>
</div>
<div class='scenario node' test-id='210' status='pass'>
	<div class='category-list'>
		<span class='category label white-text'>@SeriesTab1</span>
	</div>
	<span class='duration right label'>0h 1m 20s+623ms</span>
	<div class='desc'>
		<b>Scenario</b>
		<span class="desc-text">TC_SeriesTab_64:Verify "View as Table" for series level from More actions</span>
	</div>
	<ul class='steps'>
		<li test-id='211' class='node given pass' status='pass'>
			
			<b>Given</b>
			
			<span class="bdd-step-name">Given User enters seriesID "239796903;69851501"</span>
				<div class='pre'>passed</div>
			
		</li>
		<li test-id='212' class='node and pass' status='pass'>
			
			<b>And</b>
			
			<span class="bdd-step-name">And Select series and Click on More actions</span>
				<div class='pre'>passed</div>
			
		</li>
		<li test-id='213' class='node and pass' status='pass'>
			
			<b>And</b>
			
			<span class="bdd-step-name">And Select "View as Table"</span>
				<div class='pre'>passed</div>
			
		</li>
		<li test-id='214' class='node then pass' status='pass'>
			
			<b>Then</b>
			
			<span class="bdd-step-name">Then Visual should be created with "Edit Table"</span>
				<div class='pre'>passed</div>
			
		</li>
	</ul>
</div>
<div class='scenario node' test-id='215' status='pass'>
	<div class='category-list'>
		<span class='category label white-text'>@SeriesTab1</span>
	</div>
	<span class='duration right label'>0h 1m 10s+664ms</span>
	<div class='desc'>
		<b>Scenario</b>
		<span class="desc-text">TC_SeriesTab_65:Verify Download option for series level from More actions</span>
	</div>
	<ul class='steps'>
		<li test-id='216' class='node given pass' status='pass'>
			
			<b>Given</b>
			
			<span class="bdd-step-name">Given User enters seriesID "1380601;245178303"</span>
				<div class='pre'>passed</div>
			
		</li>
		<li test-id='217' class='node and pass' status='pass'>
			
			<b>And</b>
			
			<span class="bdd-step-name">And Select series and Click on More actions</span>
				<div class='pre'>passed</div>
			
		</li>
		<li test-id='218' class='node and pass' status='pass'>
			
			<b>And</b>
			
			<span class="bdd-step-name">And Select "Download"</span>
				<div class='pre'>passed</div>
			
		</li>
		<li test-id='219' class='node then pass' status='pass'>
			
			<b>Then</b>
			
			<span class="bdd-step-name">Then Download window should be appeared with selected series count</span>
				<div class='pre'>passed</div>
			
		</li>
	</ul>
</div>
<div class='scenario node' test-id='220' status='pass'>
	<div class='category-list'>
		<span class='category label white-text'>@SeriesTab1</span>
	</div>
	<span class='duration right label'>0h 1m 0s+155ms</span>
	<div class='desc'>
		<b>Scenario</b>
		<span class="desc-text">TC_SeriesTab_66:Verify ' Show Dataset' option from More actions</span>
	</div>
	<ul class='steps'>
		<li test-id='221' class='node given pass' status='pass'>
			
			<b>Given</b>
			
			<span class="bdd-step-name">Given User enters seriesID "239796903;69851501"</span>
				<div class='pre'>passed</div>
			
		</li>
		<li test-id='222' class='node and pass' status='pass'>
			
			<b>And</b>
			
			<span class="bdd-step-name">And Select series and Click on More actions</span>
				<div class='pre'>passed</div>
			
		</li>
		<li test-id='223' class='node and pass' status='pass'>
			
			<b>And</b>
			
			<span class="bdd-step-name">And Select "Show Dataset"</span>
				<div class='pre'>passed</div>
			
		</li>
		<li test-id='224' class='node and pass' status='pass'>
			
			<b>And</b>
			
			<span class="bdd-step-name">And Click on Back button</span>
				<div class='pre'>passed</div>
			
		</li>
		<li test-id='225' class='node then pass' status='pass'>
			
			<b>Then</b>
			
			<span class="bdd-step-name">Then Should redirect to database tab</span>
				<div class='pre'>passed</div>
			
		</li>
	</ul>
</div>
<div class='scenario node' test-id='226' status='pass'>
	<div class='category-list'>
		<span class='category label white-text'>@SeriesTab1</span>
	</div>
	<span class='duration right label'>0h 1m 2s+394ms</span>
	<div class='desc'>
		<b>Scenario</b>
		<span class="desc-text">TC_SeriesTab_67:Verify 'See in Database' option from More actions</span>
	</div>
	<ul class='steps'>
		<li test-id='227' class='node given pass' status='pass'>
			
			<b>Given</b>
			
			<span class="bdd-step-name">Given User enters seriesID "1380601;245178303"</span>
				<div class='pre'>passed</div>
			
		</li>
		<li test-id='228' class='node and pass' status='pass'>
			
			<b>And</b>
			
			<span class="bdd-step-name">And Select series and Click on More actions</span>
				<div class='pre'>passed</div>
			
		</li>
		<li test-id='229' class='node and pass' status='pass'>
			
			<b>And</b>
			
			<span class="bdd-step-name">And Select "See in Database"</span>
				<div class='pre'>passed</div>
			
		</li>
		<li test-id='230' class='node then pass' status='pass'>
			
			<b>Then</b>
			
			<span class="bdd-step-name">Then Navigate to the series from db tab</span>
				<div class='pre'>passed</div>
			
		</li>
	</ul>
</div>
<div class='scenario node' test-id='231' status='fail'>
	<div class='category-list'>
		<span class='category label white-text'>@SeriesTab1</span>
	</div>
	<span class='duration right label'>0h 1m 3s+545ms</span>
	<div class='desc'>
		<b>Scenario</b>
		<span class="desc-text">TC_SeriesTab_68:Verify 'Copy' option from More actions</span>
	</div>
	<ul class='steps'>
		<li test-id='232' class='node given pass' status='pass'>
			
			<b>Given</b>
			
			<span class="bdd-step-name">Given User enters seriesID "261975301;237211603"</span>
				<div class='pre'>passed</div>
			
		</li>
		<li test-id='233' class='node and fail' status='fail'>
			
			<b>And</b>
			
			<span class="bdd-step-name">And Select series and Click on More actions</span>
				<div class='pre'><pre>org.openqa.selenium.NoSuchElementException: no such element: Unable to locate element: {"method":"xpath","selector":"(//*[@unselectable='on'])[2]//div[@class='series-list-item--content']//span[@title='More actions']"}
  (Session info: chrome=100.0.4896.127)
For documentation on this error, please visit: http://seleniumhq.org/exceptions/no_such_element.html
Build info: version: '3.4.0', revision: 'unknown', time: 'unknown'
System info: host: 'IN-BLR-L008', ip: '192.168.56.1', os.name: 'Windows 10', os.arch: 'amd64', os.version: '10.0', java.version: '1.8.0_202'
Driver info: org.openqa.selenium.chrome.ChromeDriver
Capabilities [{networkConnectionEnabled=false, chrome={chromedriverVersion=100.0.4896.20 (f9d71f93d32a6487809d6f35a9670c879fe97dfe-refs/branch-heads/4896@{#203}), userDataDir=C:\Users\nmaduru\AppData\Local\Temp\scoped_dir25204_68894798}, timeouts={implicit=0.0, pageLoad=300000.0, script=30000.0}, pageLoadStrategy=normal, unhandledPromptBehavior=dismiss and notify, strictFileInteractability=false, platform=ANY, proxy=Proxy(), goog:chromeOptions={debuggerAddress=localhost:51822}, webauthn:extension:credBlob=true, acceptInsecureCerts=true, browserVersion=100.0.4896.127, browserName=chrome, javascriptEnabled=true, platformName=windows, setWindowRect=true, webauthn:extension:largeBlob=true, webauthn:virtualAuthenticators=true}]
Session ID: e41acd55a0a50493257d4fe11d926283
*** Element info: {Using=xpath, value=(//*[@unselectable='on'])[2]//div[@class='series-list-item--content']//span[@title='More actions']}
	at sun.reflect.GeneratedConstructorAccessor17.newInstance(Unknown Source)
	at sun.reflect.DelegatingConstructorAccessorImpl.newInstance(DelegatingConstructorAccessorImpl.java:45)
	at java.lang.reflect.Constructor.newInstance(Constructor.java:423)
	at org.openqa.selenium.remote.http.W3CHttpResponseCodec.createException(W3CHttpResponseCodec.java:150)
	at org.openqa.selenium.remote.http.W3CHttpResponseCodec.decode(W3CHttpResponseCodec.java:115)
	at org.openqa.selenium.remote.http.W3CHttpResponseCodec.decode(W3CHttpResponseCodec.java:45)
	at org.openqa.selenium.remote.HttpCommandExecutor.execute(HttpCommandExecutor.java:164)
	at org.openqa.selenium.remote.service.DriverCommandExecutor.execute(DriverCommandExecutor.java:82)
	at org.openqa.selenium.remote.RemoteWebDriver.execute(RemoteWebDriver.java:637)
	at org.openqa.selenium.remote.RemoteWebDriver.findElement(RemoteWebDriver.java:410)
	at org.openqa.selenium.remote.RemoteWebDriver.findElementByXPath(RemoteWebDriver.java:509)
	at org.openqa.selenium.By$ByXPath.findElement(By.java:361)
	at org.openqa.selenium.remote.RemoteWebDriver.findElement(RemoteWebDriver.java:402)
	at CDMNext.StepDefinations.SeriesTab.select_series_and_Click_on_More_actions(SeriesTab.java:1983)
	at ✽.And Select series and Click on More actions(SeriesTab.feature:471)
</pre></div>
			
		</li>
		<li test-id='234' class='node and skip' status='skip'>
			
			<b>And</b>
			
			<span class="bdd-step-name">And Click on "Copy"</span>
				<div class='pre'>skipped</div>
			
		</li>
		<li test-id='235' class='node then skip' status='skip'>
			
			<b>Then</b>
			
			<span class="bdd-step-name">Then The message should be in growl popup as "Selected series copied."</span>
				<div class='pre'>skipped</div>
			
		</li>
		<li test-id='236' class='node then skip' status='skip'>
			
			<b>Then</b>
			
			<span class="bdd-step-name">Then Series should be pasted in excel as refreshable links</span>
				<div class='pre'>skipped</div>
			
		</li>
	</ul>
</div>
<div class='scenario node' test-id='237' status='fail'>
	<div class='category-list'>
		<span class='category label white-text'>@SeriesTab1</span>
	</div>
	<span class='duration right label'>0h 0m 57s+264ms</span>
	<div class='desc'>
		<b>Scenario</b>
		<span class="desc-text">TC_SeriesTab_69:Verify showing results per page</span>
	</div>
	<ul class='steps'>
		<li test-id='238' class='node and fail' status='fail'>
			
			<b>And</b>
			
			<span class="bdd-step-name">And Scroll down and set showing results as "50" per page</span>
				<div class='pre'><pre>org.openqa.selenium.NoSuchElementException: no such element: Unable to locate element: {"method":"xpath","selector":"//div[@class='search-series-pagination-count']//select"}
  (Session info: chrome=100.0.4896.127)
For documentation on this error, please visit: http://seleniumhq.org/exceptions/no_such_element.html
Build info: version: '3.4.0', revision: 'unknown', time: 'unknown'
System info: host: 'IN-BLR-L008', ip: '192.168.56.1', os.name: 'Windows 10', os.arch: 'amd64', os.version: '10.0', java.version: '1.8.0_202'
Driver info: org.openqa.selenium.chrome.ChromeDriver
Capabilities [{networkConnectionEnabled=false, chrome={chromedriverVersion=100.0.4896.20 (f9d71f93d32a6487809d6f35a9670c879fe97dfe-refs/branch-heads/4896@{#203}), userDataDir=C:\Users\nmaduru\AppData\Local\Temp\scoped_dir25204_68894798}, timeouts={implicit=0.0, pageLoad=300000.0, script=30000.0}, pageLoadStrategy=normal, unhandledPromptBehavior=dismiss and notify, strictFileInteractability=false, platform=ANY, proxy=Proxy(), goog:chromeOptions={debuggerAddress=localhost:51822}, webauthn:extension:credBlob=true, acceptInsecureCerts=true, browserVersion=100.0.4896.127, browserName=chrome, javascriptEnabled=true, platformName=windows, setWindowRect=true, webauthn:extension:largeBlob=true, webauthn:virtualAuthenticators=true}]
Session ID: e41acd55a0a50493257d4fe11d926283
*** Element info: {Using=xpath, value=//div[@class='search-series-pagination-count']//select}
	at sun.reflect.GeneratedConstructorAccessor17.newInstance(Unknown Source)
	at sun.reflect.DelegatingConstructorAccessorImpl.newInstance(DelegatingConstructorAccessorImpl.java:45)
	at java.lang.reflect.Constructor.newInstance(Constructor.java:423)
	at org.openqa.selenium.remote.http.W3CHttpResponseCodec.createException(W3CHttpResponseCodec.java:150)
	at org.openqa.selenium.remote.http.W3CHttpResponseCodec.decode(W3CHttpResponseCodec.java:115)
	at org.openqa.selenium.remote.http.W3CHttpResponseCodec.decode(W3CHttpResponseCodec.java:45)
	at org.openqa.selenium.remote.HttpCommandExecutor.execute(HttpCommandExecutor.java:164)
	at org.openqa.selenium.remote.service.DriverCommandExecutor.execute(DriverCommandExecutor.java:82)
	at org.openqa.selenium.remote.RemoteWebDriver.execute(RemoteWebDriver.java:637)
	at org.openqa.selenium.remote.RemoteWebDriver.findElement(RemoteWebDriver.java:410)
	at org.openqa.selenium.remote.RemoteWebDriver.findElementByXPath(RemoteWebDriver.java:509)
	at org.openqa.selenium.By$ByXPath.findElement(By.java:361)
	at org.openqa.selenium.remote.RemoteWebDriver.findElement(RemoteWebDriver.java:402)
	at CDMNext.StepDefinations.SeriesTab.scroll_down_and_set_showing_results_as_per_page(SeriesTab.java:2038)
	at ✽.And Scroll down and set showing results as "50" per page(SeriesTab.feature:478)
</pre></div>
			
		</li>
		<li test-id='239' class='node then skip' status='skip'>
			
			<b>Then</b>
			
			<span class="bdd-step-name">Then "50" results should display in a page</span>
				<div class='pre'>skipped</div>
			
		</li>
	</ul>
</div>
<div class='scenario node' test-id='240' status='pass'>
	<div class='category-list'>
		<span class='category label white-text'>@SeriesTab1</span>
	</div>
	<span class='duration right label'>0h 2m 13s+835ms</span>
	<div class='desc'>
		<b>Scenario</b>
		<span class="desc-text">TC_SeriesTab_75:Verify selected Region results</span>
	</div>
	<ul class='steps'>
		<li test-id='241' class='node and pass' status='pass'>
			
			<b>And</b>
			
			<span class="bdd-step-name">And User selects "All Regions" as "Albania;Japan"</span>
				<div class='pre'>passed</div>
			
		</li>
		<li test-id='242' class='node when pass' status='pass'>
			
			<b>When</b>
			
			<span class="bdd-step-name">When Click on "Apply filter"</span>
				<div class='pre'>passed</div>
			
		</li>
		<li test-id='243' class='node then pass' status='pass'>
			
			<b>Then</b>
			
			<span class="bdd-step-name">Then User verify the search results</span>
				<div class='pre'>passed</div>
			
		</li>
	</ul>
</div>
<div class='scenario node' test-id='244' status='pass'>
	<div class='category-list'>
		<span class='category label white-text'>@SeriesTab1</span>
	</div>
	<span class='duration right label'>0h 2m 12s+168ms</span>
	<div class='desc'>
		<b>Scenario</b>
		<span class="desc-text">TC_SeriesTab_76:Verify selected frequency results</span>
	</div>
	<ul class='steps'>
		<li test-id='245' class='node and pass' status='pass'>
			
			<b>And</b>
			
			<span class="bdd-step-name">And User selects "Frequency" as "Monthly;Semiannually"</span>
				<div class='pre'>passed</div>
			
		</li>
		<li test-id='246' class='node when pass' status='pass'>
			
			<b>When</b>
			
			<span class="bdd-step-name">When Click on "Apply filter"</span>
				<div class='pre'>passed</div>
			
		</li>
		<li test-id='247' class='node then pass' status='pass'>
			
			<b>Then</b>
			
			<span class="bdd-step-name">Then User verify the search results</span>
				<div class='pre'>passed</div>
			
		</li>
	</ul>
</div>
<div class='scenario node' test-id='248' status='pass'>
	<div class='category-list'>
		<span class='category label white-text'>@SeriesTab1</span>
	</div>
	<span class='duration right label'>0h 2m 15s+712ms</span>
	<div class='desc'>
		<b>Scenario</b>
		<span class="desc-text">TC_SeriesTab_77:Verify selected unit results</span>
	</div>
	<ul class='steps'>
		<li test-id='249' class='node and pass' status='pass'>
			
			<b>And</b>
			
			<span class="bdd-step-name">And Click on "More" filter</span>
				<div class='pre'>passed</div>
			
		</li>
		<li test-id='250' class='node and pass' status='pass'>
			
			<b>And</b>
			
			<span class="bdd-step-name">And User selects "Unit" as "IDR;kg"</span>
				<div class='pre'>passed</div>
			
		</li>
		<li test-id='251' class='node when pass' status='pass'>
			
			<b>When</b>
			
			<span class="bdd-step-name">When Click on "Apply filter"</span>
				<div class='pre'>passed</div>
			
		</li>
		<li test-id='252' class='node then pass' status='pass'>
			
			<b>Then</b>
			
			<span class="bdd-step-name">Then User verify the search results</span>
				<div class='pre'>passed</div>
			
		</li>
	</ul>
</div>
<div class='scenario node' test-id='253' status='fail'>
	<div class='category-list'>
		<span class='category label white-text'>@SeriesTab1</span>
	</div>
	<span class='duration right label'>0h 1m 12s+874ms</span>
	<div class='desc'>
		<b>Scenario</b>
		<span class="desc-text">TC_SeriesTab_78:Verify selected First obs before and Last ob after results</span>
	</div>
	<ul class='steps'>
		<li test-id='254' class='node and pass' status='pass'>
			
			<b>And</b>
			
			<span class="bdd-step-name">And Click on "More" filter</span>
				<div class='pre'>passed</div>
			
		</li>
		<li test-id='255' class='node and pass' status='pass'>
			
			<b>And</b>
			
			<span class="bdd-step-name">And User selects "Date" as "First observation before;Last observation after"</span>
				<div class='pre'>passed</div>
			
		</li>
		<li test-id='256' class='node and pass' status='pass'>
			
			<b>And</b>
			
			<span class="bdd-step-name">And User has clicked on "Apply filter"</span>
				<div class='pre'>passed</div>
			
		</li>
		<li test-id='257' class='node then fail' status='fail'>
			
			<b>Then</b>
			
			<span class="bdd-step-name">Then User verify the search results</span>
				<div class='pre'><pre>java.lang.NullPointerException
	at CDMNext.StepDefinations.Filters.user_verify_the_search_results(Filters.java:636)
	at ✽.Then User verify the search results(SeriesTab.feature:542)
</pre></div>
			
		</li>
	</ul>
</div>
<div class='scenario node' test-id='258' status='pass'>
	<div class='category-list'>
		<span class='category label white-text'>@SeriesTab1</span>
	</div>
	<span class='duration right label'>0h 1m 0s+300ms</span>
	<div class='desc'>
		<b>Scenario</b>
		<span class="desc-text">TC_SeriesTab_81: Verify series id search</span>
	</div>
	<ul class='steps'>
		<li test-id='259' class='node given pass' status='pass'>
			
			<b>Given</b>
			
			<span class="bdd-step-name">Given User enters "2113401"</span>
				<div class='pre'>passed</div>
			
		</li>
		<li test-id='260' class='node then pass' status='pass'>
			
			<b>Then</b>
			
			<span class="bdd-step-name">Then User verify the search results</span>
				<div class='pre'>passed</div>
			
		</li>
	</ul>
</div>
<div class='scenario node' test-id='261' status='pass'>
	<div class='category-list'>
		<span class='category label white-text'>@SeriesTab1</span>
	</div>
	<span class='duration right label'>0h 0m 58s+521ms</span>
	<div class='desc'>
		<b>Scenario</b>
		<span class="desc-text">TC_SeriesTab_84:Verify 'Series info' option from More actions</span>
	</div>
	<ul class='steps'>
		<li test-id='262' class='node given pass' status='pass'>
			
			<b>Given</b>
			
			<span class="bdd-step-name">Given User enters seriesID "146381801;228912101"</span>
				<div class='pre'>passed</div>
			
		</li>
		<li test-id='263' class='node and pass' status='pass'>
			
			<b>And</b>
			
			<span class="bdd-step-name">And Select series and Click on More actions</span>
				<div class='pre'>passed</div>
			
		</li>
		<li test-id='264' class='node and pass' status='pass'>
			
			<b>And</b>
			
			<span class="bdd-step-name">And Select "Series Info"</span>
				<div class='pre'>passed</div>
			
		</li>
		<li test-id='265' class='node then pass' status='pass'>
			
			<b>Then</b>
			
			<span class="bdd-step-name">Then The SSP window should be opened</span>
				<div class='pre'>passed</div>
			
		</li>
	</ul>
</div>
					</div>
				</li>
			</ul>
		</div>
	</div>
	<!-- subview left -->

	<div class='subview-right left'>
		<div class='view-summary'>
			<h5 class='test-name'></h5>

			<div id='step-filters' class="right">
				<span class="blue-text" status="info" alt="info" title="info"><i class="material-icons">info_outline</i></span>
				<span class="green-text" status="pass" alt="pass" title="pass"><i class="material-icons">check_circle</i></span>
				<span class="red-text" status="fail" alt="fail" title="fail"><i class="material-icons">cancel</i></span>
				<span class="red-text text-darken-4" status="fatal" alt="fatal" title="fatal"><i class="material-icons">cancel</i></span>
				<span class="pink-text text-lighten-1" status="error" alt="error" title="error"><i class="material-icons">error</i></span>
				<span class="orange-text" alt="warning" status="warning" title="warning"><i class="material-icons">warning</i></span>
				<span class="teal-text" status="skip" alt="skip" title="skip"><i class="material-icons">redo</i></span>
				<span status="clear" alt="Clear filters" title="Clear filters"><i class="material-icons">clear</i></span>
			</div>
		</div>
	</div>
	<!-- subview right -->

</div>
<!-- test view -->
<div id='category-view' class='view hide'>

	<section id='controls'>
		<div class='controls grey lighten-4'>
			<!-- search -->
			<div class='chip transparent' alt='Search Tests' title='Search Tests'>
				<a href="#" class='search-div'>
					<i class='material-icons'>search</i> Search
				</a>
				
				<div class='input-field left hide'>
					<input id='search-tests' type='text' class='validate browser-default' placeholder='Search Tests...'>
				</div>
				
			</div>
			<!-- search -->
		</div>
	</section>

	<div class='subview-left left'>
		
		<div class='view-summary'>
			<h5>Categories</h3>
			<ul id='category-collection' class='category-collection'>
				
				<li class='category displayed active'>
					<div class='category-heading'>
						<span class='category-name'>@SeriesTab1</span>
						<span class='category-status right'>
							<span class='label pass'>39</span>
							<span class='label fail'>17</span>
						</span>
					</div>
					<div class='category-content hide'>
						<div class='category-status-counts'>
							<span class='label green accent-4 white-text'>Passed: 39</span>
							<span class='label red lighten-1 white-text'>Failed: 17</span>
							
						</div>
					
						<div class='category-tests'>
							<table class='bordered table-results'>
								<thead>
									<tr>
										<th>Timestamp</th>
										<th>TestName</th>
										<th>Status</th>
									</tr>
								</thead>
								<tbody>
									<tr>
										<td>May 4, 2022 07:26:53 PM</td>
										<td class='linked' test-id='2'>Verifying SeriesTab functionality.TC_SeriesTab_01:Verify indicator filter  for series tab</td>
										<td><span class='test-status fail'>fail</span></td>
									</tr>
									<tr>
										<td>May 4, 2022 07:28:33 PM</td>
										<td class='linked' test-id='7'>Verifying SeriesTab functionality.TC_SeriesTab_03:Verifying "Unselect all" option for series level</td>
										<td><span class='test-status pass'>pass</span></td>
									</tr>
									<tr>
										<td>May 4, 2022 07:29:38 PM</td>
										<td class='linked' test-id='11'>Verifying SeriesTab functionality.TC_SeriesTab_05:Verifying "Copy" option for series level</td>
										<td><span class='test-status pass'>pass</span></td>
									</tr>
									<tr>
										<td>May 4, 2022 07:30:42 PM</td>
										<td class='linked' test-id='15'>Verifying SeriesTab functionality.TC_SeriesTab_06:Verifying "Copy data" option for series level</td>
										<td><span class='test-status pass'>pass</span></td>
									</tr>
									<tr>
										<td>May 4, 2022 07:31:53 PM</td>
										<td class='linked' test-id='19'>Verifying SeriesTab functionality.TC_SeriesTab_07:Verifying "Series Info" option for series level</td>
										<td><span class='test-status pass'>pass</span></td>
									</tr>
									<tr>
										<td>May 4, 2022 07:33:00 PM</td>
										<td class='linked' test-id='23'>Verifying SeriesTab functionality.TC_SeriesTab_08:Verifying "View as Chart" option for series level</td>
										<td><span class='test-status pass'>pass</span></td>
									</tr>
									<tr>
										<td>May 4, 2022 07:34:15 PM</td>
										<td class='linked' test-id='27'>Verifying SeriesTab functionality.TC_SeriesTab_09:Verifying "View as Map" option for series level</td>
										<td><span class='test-status pass'>pass</span></td>
									</tr>
									<tr>
										<td>May 4, 2022 07:35:37 PM</td>
										<td class='linked' test-id='31'>Verifying SeriesTab functionality.TC_SeriesTab_10:Verifying "View as Table" option for series level</td>
										<td><span class='test-status pass'>pass</span></td>
									</tr>
									<tr>
										<td>May 4, 2022 07:36:48 PM</td>
										<td class='linked' test-id='35'>Verifying SeriesTab functionality.TC_SeriesTab_11:Verifying "Download" option for series level</td>
										<td><span class='test-status pass'>pass</span></td>
									</tr>
									<tr>
										<td>May 4, 2022 07:37:57 PM</td>
										<td class='linked' test-id='39'>Verifying SeriesTab functionality.TC_SeriesTab_12:Verifying "Footnotes" option for series level</td>
										<td><span class='test-status pass'>pass</span></td>
									</tr>
									<tr>
										<td>May 4, 2022 07:39:04 PM</td>
										<td class='linked' test-id='43'>Verifying SeriesTab functionality.TC_SeriesTab_13:Verifying "Add to Watchlist" option for series level</td>
										<td><span class='test-status pass'>pass</span></td>
									</tr>
									<tr>
										<td>May 4, 2022 07:40:19 PM</td>
										<td class='linked' test-id='47'>Verifying SeriesTab functionality.TC_SeriesTab_14:Verifying "Copy selected links" option for series level</td>
										<td><span class='test-status pass'>pass</span></td>
									</tr>
									<tr>
										<td>May 4, 2022 07:41:33 PM</td>
										<td class='linked' test-id='51'>Verifying SeriesTab functionality.TC_SeriesTab_15:Verifying "Show Dataset" option for series level</td>
										<td><span class='test-status pass'>pass</span></td>
									</tr>
									<tr>
										<td>May 4, 2022 07:42:39 PM</td>
										<td class='linked' test-id='55'>Verifying SeriesTab functionality.TC_SeriesTab_16:Verifying "See in Database" option for series level</td>
										<td><span class='test-status pass'>pass</span></td>
									</tr>
									<tr>
										<td>May 4, 2022 07:43:42 PM</td>
										<td class='linked' test-id='59'>Verifying SeriesTab functionality.TC_SeriesTab_19:Verifying "with release schedule" filter for series tab</td>
										<td><span class='test-status pass'>pass</span></td>
									</tr>
									<tr>
										<td>May 4, 2022 07:46:35 PM</td>
										<td class='linked' test-id='64'>Verifying SeriesTab functionality.TC_SeriesTab_20:Verifying "with suggestions for rebased/discontinued series " filter for series tab</td>
										<td><span class='test-status pass'>pass</span></td>
									</tr>
									<tr>
										<td>May 4, 2022 07:49:14 PM</td>
										<td class='linked' test-id='69'>Verifying SeriesTab functionality.TC_SeriesTab_21:Verifying "Forecast" filter for series tab</td>
										<td><span class='test-status pass'>pass</span></td>
									</tr>
									<tr>
										<td>May 4, 2022 07:51:22 PM</td>
										<td class='linked' test-id='75'>Verifying SeriesTab functionality.TC_SeriesTab_22:Verify 'Mouse over' icons for series level</td>
										<td><span class='test-status pass'>pass</span></td>
									</tr>
									<tr>
										<td>May 4, 2022 07:52:37 PM</td>
										<td class='linked' test-id='80'>Verifying SeriesTab functionality.TC_SeriesTab_23:Verify 'Mouse over' icons for series level</td>
										<td><span class='test-status fail'>fail</span></td>
									</tr>
									<tr>
										<td>May 4, 2022 07:53:45 PM</td>
										<td class='linked' test-id='85'>Verifying SeriesTab functionality.TC_SeriesTab_25:Verify 'Mouse over' icons for series level</td>
										<td><span class='test-status fail'>fail</span></td>
									</tr>
									<tr>
										<td>May 4, 2022 07:54:59 PM</td>
										<td class='linked' test-id='90'>Verifying SeriesTab functionality.TC_SeriesTab_27:Verify 'Mouse over' icons for series level</td>
										<td><span class='test-status fail'>fail</span></td>
									</tr>
									<tr>
										<td>May 4, 2022 07:56:07 PM</td>
										<td class='linked' test-id='95'>Verifying SeriesTab functionality.TC_SeriesTab_29:Verify 'Mouse over' icons for series level</td>
										<td><span class='test-status fail'>fail</span></td>
									</tr>
									<tr>
										<td>May 4, 2022 07:57:21 PM</td>
										<td class='linked' test-id='100'>Verifying SeriesTab functionality.TC_SeriesTab_30:Verify 'Mouse over' icons for series level</td>
										<td><span class='test-status fail'>fail</span></td>
									</tr>
									<tr>
										<td>May 4, 2022 07:58:29 PM</td>
										<td class='linked' test-id='105'>Verifying SeriesTab functionality.TC_SeriesTab_31:Verify 'Mouse over' icons for series level</td>
										<td><span class='test-status fail'>fail</span></td>
									</tr>
									<tr>
										<td>May 4, 2022 07:59:41 PM</td>
										<td class='linked' test-id='109'>Verifying SeriesTab functionality.TC_SeriesTab_36:Verify 'Add and replace' from dropdown</td>
										<td><span class='test-status fail'>fail</span></td>
									</tr>
									<tr>
										<td>May 4, 2022 08:00:55 PM</td>
										<td class='linked' test-id='115'>Verifying SeriesTab functionality.TC_SeriesTab_41:Verify 'Add' series from dropdown</td>
										<td><span class='test-status fail'>fail</span></td>
									</tr>
									<tr>
										<td>May 4, 2022 08:02:11 PM</td>
										<td class='linked' test-id='120'>Verifying SeriesTab functionality.TC_SeriesTab_42:Verify 'Add to recent insight' in dropdown</td>
										<td><span class='test-status fail'>fail</span></td>
									</tr>
									<tr>
										<td>May 4, 2022 08:03:30 PM</td>
										<td class='linked' test-id='127'>Verifying SeriesTab functionality.TC_SeriesTab_43:Verify 'Add to new insight' in dropdown</td>
										<td><span class='test-status fail'>fail</span></td>
									</tr>
									<tr>
										<td>May 4, 2022 08:04:50 PM</td>
										<td class='linked' test-id='132'>Verifying SeriesTab functionality.TC_SeriesTab_44:Verify 'Add and group' from dropdown</td>
										<td><span class='test-status fail'>fail</span></td>
									</tr>
									<tr>
										<td>May 4, 2022 08:06:10 PM</td>
										<td class='linked' test-id='137'>Verifying SeriesTab functionality.TC_SeriesTab_49:Verifying "New only" filter for series tab</td>
										<td><span class='test-status pass'>pass</span></td>
									</tr>
									<tr>
										<td>May 4, 2022 08:08:20 PM</td>
										<td class='linked' test-id='142'>Verifying SeriesTab functionality.TC_SeriesTab_50:Verify results by World trend plus database</td>
										<td><span class='test-status fail'>fail</span></td>
									</tr>
									<tr>
										<td>May 4, 2022 08:43:10 PM</td>
										<td class='linked' test-id='148'>Verifying SeriesTab functionality.TC_SeriesTab_51:Verifying "View as Pie" option for series level</td>
										<td><span class='test-status pass'>pass</span></td>
									</tr>
									<tr>
										<td>May 4, 2022 08:44:35 PM</td>
										<td class='linked' test-id='152'>Verifying SeriesTab functionality.TC_SeriesTab_52:Verifying "View as Heat map" option for series level</td>
										<td><span class='test-status pass'>pass</span></td>
									</tr>
									<tr>
										<td>May 4, 2022 08:45:45 PM</td>
										<td class='linked' test-id='156'>Verifying SeriesTab functionality.TC_SeriesTab_53:Verifying "View as Histogram" option for series level</td>
										<td><span class='test-status pass'>pass</span></td>
									</tr>
									<tr>
										<td>May 4, 2022 08:46:55 PM</td>
										<td class='linked' test-id='160'>Verifying SeriesTab functionality.TC_SeriesTab_54:Verifying "Download" option for selected series</td>
										<td><span class='test-status pass'>pass</span></td>
									</tr>
									<tr>
										<td>May 4, 2022 08:47:55 PM</td>
										<td class='linked' test-id='165'>Verifying SeriesTab functionality.TC_SeriesTab_55:Verify "View as Chart" from More actions</td>
										<td><span class='test-status pass'>pass</span></td>
									</tr>
									<tr>
										<td>May 4, 2022 08:49:26 PM</td>
										<td class='linked' test-id='170'>Verifying SeriesTab functionality.TC_SeriesTab_56:Verify "View as Map" from More actions</td>
										<td><span class='test-status pass'>pass</span></td>
									</tr>
									<tr>
										<td>May 4, 2022 08:50:34 PM</td>
										<td class='linked' test-id='175'>Verifying SeriesTab functionality.TC_SeriesTab_57:Verify "Unselect all" from More actions</td>
										<td><span class='test-status pass'>pass</span></td>
									</tr>
									<tr>
										<td>May 4, 2022 08:51:37 PM</td>
										<td class='linked' test-id='180'>Verifying SeriesTab functionality.TC_SeriesTab_58:Verify Download option for selected series from More actions</td>
										<td><span class='test-status pass'>pass</span></td>
									</tr>
									<tr>
										<td>May 4, 2022 08:53:03 PM</td>
										<td class='linked' test-id='185'>Verifying SeriesTab functionality.TC_SeriesTab_59:Verify Footnotes option for series from right pane from More actions</td>
										<td><span class='test-status fail'>fail</span></td>
									</tr>
									<tr>
										<td>May 4, 2022 08:54:09 PM</td>
										<td class='linked' test-id='190'>Verifying SeriesTab functionality.TC_SeriesTab_60:Verify "View as Pie" for series from More actions</td>
										<td><span class='test-status pass'>pass</span></td>
									</tr>
									<tr>
										<td>May 4, 2022 08:55:33 PM</td>
										<td class='linked' test-id='195'>Verifying SeriesTab functionality.TC_SeriesTab_61:Verify "View as Heat map" for series from More actions</td>
										<td><span class='test-status pass'>pass</span></td>
									</tr>
									<tr>
										<td>May 4, 2022 08:56:53 PM</td>
										<td class='linked' test-id='200'>Verifying SeriesTab functionality.TC_SeriesTab_62:Verify "View as Histogram" for series from More actions</td>
										<td><span class='test-status pass'>pass</span></td>
									</tr>
									<tr>
										<td>May 4, 2022 08:58:32 PM</td>
										<td class='linked' test-id='205'>Verifying SeriesTab functionality.TC_SeriesTab_63:Verify 'Copy data' from More actions</td>
										<td><span class='test-status pass'>pass</span></td>
									</tr>
									<tr>
										<td>May 4, 2022 08:59:36 PM</td>
										<td class='linked' test-id='210'>Verifying SeriesTab functionality.TC_SeriesTab_64:Verify "View as Table" for series level from More actions</td>
										<td><span class='test-status pass'>pass</span></td>
									</tr>
									<tr>
										<td>May 4, 2022 09:01:06 PM</td>
										<td class='linked' test-id='215'>Verifying SeriesTab functionality.TC_SeriesTab_65:Verify Download option for series level from More actions</td>
										<td><span class='test-status pass'>pass</span></td>
									</tr>
									<tr>
										<td>May 4, 2022 09:02:27 PM</td>
										<td class='linked' test-id='220'>Verifying SeriesTab functionality.TC_SeriesTab_66:Verify ' Show Dataset' option from More actions</td>
										<td><span class='test-status pass'>pass</span></td>
									</tr>
									<tr>
										<td>May 4, 2022 09:03:37 PM</td>
										<td class='linked' test-id='226'>Verifying SeriesTab functionality.TC_SeriesTab_67:Verify 'See in Database' option from More actions</td>
										<td><span class='test-status pass'>pass</span></td>
									</tr>
									<tr>
										<td>May 4, 2022 09:04:50 PM</td>
										<td class='linked' test-id='231'>Verifying SeriesTab functionality.TC_SeriesTab_68:Verify 'Copy' option from More actions</td>
										<td><span class='test-status fail'>fail</span></td>
									</tr>
									<tr>
										<td>May 4, 2022 09:06:04 PM</td>
										<td class='linked' test-id='237'>Verifying SeriesTab functionality.TC_SeriesTab_69:Verify showing results per page</td>
										<td><span class='test-status fail'>fail</span></td>
									</tr>
									<tr>
										<td>May 4, 2022 09:07:11 PM</td>
										<td class='linked' test-id='240'>Verifying SeriesTab functionality.TC_SeriesTab_75:Verify selected Region results</td>
										<td><span class='test-status pass'>pass</span></td>
									</tr>
									<tr>
										<td>May 4, 2022 09:09:35 PM</td>
										<td class='linked' test-id='244'>Verifying SeriesTab functionality.TC_SeriesTab_76:Verify selected frequency results</td>
										<td><span class='test-status pass'>pass</span></td>
									</tr>
									<tr>
										<td>May 4, 2022 09:11:57 PM</td>
										<td class='linked' test-id='248'>Verifying SeriesTab functionality.TC_SeriesTab_77:Verify selected unit results</td>
										<td><span class='test-status pass'>pass</span></td>
									</tr>
									<tr>
										<td>May 4, 2022 09:14:23 PM</td>
										<td class='linked' test-id='253'>Verifying SeriesTab functionality.TC_SeriesTab_78:Verify selected First obs before and Last ob after results</td>
										<td><span class='test-status fail'>fail</span></td>
									</tr>
									<tr>
										<td>May 4, 2022 09:15:46 PM</td>
										<td class='linked' test-id='258'>Verifying SeriesTab functionality.TC_SeriesTab_81: Verify series id search</td>
										<td><span class='test-status pass'>pass</span></td>
									</tr>
									<tr>
										<td>May 4, 2022 09:16:57 PM</td>
										<td class='linked' test-id='261'>Verifying SeriesTab functionality.TC_SeriesTab_84:Verify 'Series info' option from More actions</td>
										<td><span class='test-status pass'>pass</span></td>
									</tr>
								</tbody>
							</table>
						</div>
					</div>
				</li>

			</ul>
		</div>
	</div>

	<div class='subview-right left'>
		<div class='view-summary'>
			<h5 class='category-name'></h5>
		</div>
	</div>
</div>
<!-- category view -->
<div id='exception-view' class='view hide'>

    <section id='controls'>
        <div class='controls grey lighten-4'>
            <!-- search -->
            <div class='chip transparent' alt='Search Tests' title='Search Tests'>
                <a href="#" class='search-div'>
                    <i class='material-icons'>search</i> Search
                </a>

                <div class='input-field left hide'>
                    <input id='search-tests' type='text' class='validate browser-default' placeholder='Search Tests...'>
                </div>

            </div>
            <!-- search -->
        </div>
    </section>

    <div class='subview-left left'>

        <div class='view-summary'>
            <h5>Exceptions</h3>
                <ul id='exception-collection' class='exception-collection'>

                        <li class='exception displayed active'>
                            <div class='exception-heading'>
                                <span class='exception-name'>java.lang.AssertionError</span>
                                <span class='exception-count right'><span class='label red lighten-1 white-text'>1</span></span>
                            </div>
                            <div class='exception-content hide'>
                                <div class='exception-tests'>
                                    <table class='bordered table-results'>
                                        <thead>
                                        <tr>
                                            <th>Timestamp</th>
                                            <th>TestName</th>
                                            <th>Status</th>
                                        </tr>
                                        </thead>
                                        <tbody>
                                                    <tr>
                                                        <td>May 4, 2022 07:28:14 PM</td>
                                                        <td class='linked' test-id='6'>Verifying SeriesTab functionality.TC_SeriesTab_01:Verify indicator filter  for series tab.Then Result should be displayed as per selection</td>
                                                        <td><pre><textarea>java.lang.AssertionError: Steel Production OR Tourism Revenue does not exists in Region
Greece
Name
Travel Revenue: 2009 Price
Unit
EUR mn
Frequency
Monthly
First obs. date
11/01/2011
Last obs. date
12/01/2021
Observations 122
Last value
155.90
Last update time
03/14/2022
Source
Bank of Greece
Series id
284444604
Indicator
Tourism Sector > Tourism Income and Spending
More
(K) Key series
	at org.testng.Assert.fail(Assert.java:94)
	at CDMNext.StepDefinations.SeriesTab.result_should_be_displayed_as_per_selection(SeriesTab.java:1000)
	at ✽.Then Result should be displayed as per selection(SeriesTab.feature:8)
</textarea></pre></td>
                                                    </tr>
                                        </tbody>
                                    </table>
                                </div>
                            </div>
                        </li>
                        <li class='exception displayed active'>
                            <div class='exception-heading'>
                                <span class='exception-name'>org.openqa.selenium.ElementNotInteractableException</span>
                                <span class='exception-count right'><span class='label red lighten-1 white-text'>8</span></span>
                            </div>
                            <div class='exception-content hide'>
                                <div class='exception-tests'>
                                    <table class='bordered table-results'>
                                        <thead>
                                        <tr>
                                            <th>Timestamp</th>
                                            <th>TestName</th>
                                            <th>Status</th>
                                        </tr>
                                        </thead>
                                        <tbody>
                                                    <tr>
                                                        <td>May 4, 2022 07:53:21 PM</td>
                                                        <td class='linked' test-id='82'>Verifying SeriesTab functionality.TC_SeriesTab_23:Verify 'Mouse over' icons for series level.When User Mouse hover on "See in Database" icon</td>
                                                        <td><pre><pre>org.openqa.selenium.ElementNotInteractableException: element not interactable: [object HTMLDivElement] has no size and location
  (Session info: chrome=100.0.4896.127)
Build info: version: '3.4.0', revision: 'unknown', time: 'unknown'
System info: host: 'IN-BLR-L008', ip: '192.168.56.1', os.name: 'Windows 10', os.arch: 'amd64', os.version: '10.0', java.version: '1.8.0_202'
Driver info: org.openqa.selenium.chrome.ChromeDriver
Capabilities [{networkConnectionEnabled=false, chrome={chromedriverVersion=100.0.4896.20 (f9d71f93d32a6487809d6f35a9670c879fe97dfe-refs/branch-heads/4896@{#203}), userDataDir=C:\Users\nmaduru\AppData\Local\Temp\scoped_dir25204_68894798}, timeouts={implicit=0.0, pageLoad=300000.0, script=30000.0}, pageLoadStrategy=normal, unhandledPromptBehavior=dismiss and notify, strictFileInteractability=false, platform=ANY, proxy=Proxy(), goog:chromeOptions={debuggerAddress=localhost:51822}, webauthn:extension:credBlob=true, acceptInsecureCerts=true, browserVersion=100.0.4896.127, browserName=chrome, javascriptEnabled=true, platformName=windows, setWindowRect=true, webauthn:extension:largeBlob=true, webauthn:virtualAuthenticators=true}]
Session ID: e41acd55a0a50493257d4fe11d926283
	at sun.reflect.NativeConstructorAccessorImpl.newInstance0(Native Method)
	at sun.reflect.NativeConstructorAccessorImpl.newInstance(NativeConstructorAccessorImpl.java:62)
	at sun.reflect.DelegatingConstructorAccessorImpl.newInstance(DelegatingConstructorAccessorImpl.java:45)
	at java.lang.reflect.Constructor.newInstance(Constructor.java:423)
	at org.openqa.selenium.remote.http.W3CHttpResponseCodec.createException(W3CHttpResponseCodec.java:150)
	at org.openqa.selenium.remote.http.W3CHttpResponseCodec.decode(W3CHttpResponseCodec.java:115)
	at org.openqa.selenium.remote.http.W3CHttpResponseCodec.decode(W3CHttpResponseCodec.java:45)
	at org.openqa.selenium.remote.HttpCommandExecutor.execute(HttpCommandExecutor.java:164)
	at org.openqa.selenium.remote.service.DriverCommandExecutor.execute(DriverCommandExecutor.java:82)
	at org.openqa.selenium.remote.RemoteWebDriver.execute(RemoteWebDriver.java:637)
	at org.openqa.selenium.remote.RemoteWebDriver.perform(RemoteWebDriver.java:703)
	at org.openqa.selenium.interactions.Actions$BuiltAction.perform(Actions.java:631)
	at CDMNext.StepDefinations.SeriesTab.user_Mouse_hover_on_icon(SeriesTab.java:1318)
	at ✽.When User Mouse hover on "See in Database" icon(SeriesTab.feature:150)
</pre></pre></td>
                                                    </tr>
                                                    <tr>
                                                        <td>May 4, 2022 07:55:43 PM</td>
                                                        <td class='linked' test-id='92'>Verifying SeriesTab functionality.TC_SeriesTab_27:Verify 'Mouse over' icons for series level.When User Mouse hover on "See in Database" icon</td>
                                                        <td><pre><pre>org.openqa.selenium.ElementNotInteractableException: element not interactable: [object HTMLDivElement] has no size and location
  (Session info: chrome=100.0.4896.127)
Build info: version: '3.4.0', revision: 'unknown', time: 'unknown'
System info: host: 'IN-BLR-L008', ip: '192.168.56.1', os.name: 'Windows 10', os.arch: 'amd64', os.version: '10.0', java.version: '1.8.0_202'
Driver info: org.openqa.selenium.chrome.ChromeDriver
Capabilities [{networkConnectionEnabled=false, chrome={chromedriverVersion=100.0.4896.20 (f9d71f93d32a6487809d6f35a9670c879fe97dfe-refs/branch-heads/4896@{#203}), userDataDir=C:\Users\nmaduru\AppData\Local\Temp\scoped_dir25204_68894798}, timeouts={implicit=0.0, pageLoad=300000.0, script=30000.0}, pageLoadStrategy=normal, unhandledPromptBehavior=dismiss and notify, strictFileInteractability=false, platform=ANY, proxy=Proxy(), goog:chromeOptions={debuggerAddress=localhost:51822}, webauthn:extension:credBlob=true, acceptInsecureCerts=true, browserVersion=100.0.4896.127, browserName=chrome, javascriptEnabled=true, platformName=windows, setWindowRect=true, webauthn:extension:largeBlob=true, webauthn:virtualAuthenticators=true}]
Session ID: e41acd55a0a50493257d4fe11d926283
	at sun.reflect.NativeConstructorAccessorImpl.newInstance0(Native Method)
	at sun.reflect.NativeConstructorAccessorImpl.newInstance(NativeConstructorAccessorImpl.java:62)
	at sun.reflect.DelegatingConstructorAccessorImpl.newInstance(DelegatingConstructorAccessorImpl.java:45)
	at java.lang.reflect.Constructor.newInstance(Constructor.java:423)
	at org.openqa.selenium.remote.http.W3CHttpResponseCodec.createException(W3CHttpResponseCodec.java:150)
	at org.openqa.selenium.remote.http.W3CHttpResponseCodec.decode(W3CHttpResponseCodec.java:115)
	at org.openqa.selenium.remote.http.W3CHttpResponseCodec.decode(W3CHttpResponseCodec.java:45)
	at org.openqa.selenium.remote.HttpCommandExecutor.execute(HttpCommandExecutor.java:164)
	at org.openqa.selenium.remote.service.DriverCommandExecutor.execute(DriverCommandExecutor.java:82)
	at org.openqa.selenium.remote.RemoteWebDriver.execute(RemoteWebDriver.java:637)
	at org.openqa.selenium.remote.RemoteWebDriver.perform(RemoteWebDriver.java:703)
	at org.openqa.selenium.interactions.Actions$BuiltAction.perform(Actions.java:631)
	at CDMNext.StepDefinations.SeriesTab.user_Mouse_hover_on_icon(SeriesTab.java:1318)
	at ✽.When User Mouse hover on "See in Database" icon(SeriesTab.feature:178)
</pre></pre></td>
                                                    </tr>
                                                    <tr>
                                                        <td>May 4, 2022 07:58:05 PM</td>
                                                        <td class='linked' test-id='102'>Verifying SeriesTab functionality.TC_SeriesTab_30:Verify 'Mouse over' icons for series level.When User Mouse hover on "See in Database" icon</td>
                                                        <td><pre><pre>org.openqa.selenium.ElementNotInteractableException: element not interactable: [object HTMLDivElement] has no size and location
  (Session info: chrome=100.0.4896.127)
Build info: version: '3.4.0', revision: 'unknown', time: 'unknown'
System info: host: 'IN-BLR-L008', ip: '192.168.56.1', os.name: 'Windows 10', os.arch: 'amd64', os.version: '10.0', java.version: '1.8.0_202'
Driver info: org.openqa.selenium.chrome.ChromeDriver
Capabilities [{networkConnectionEnabled=false, chrome={chromedriverVersion=100.0.4896.20 (f9d71f93d32a6487809d6f35a9670c879fe97dfe-refs/branch-heads/4896@{#203}), userDataDir=C:\Users\nmaduru\AppData\Local\Temp\scoped_dir25204_68894798}, timeouts={implicit=0.0, pageLoad=300000.0, script=30000.0}, pageLoadStrategy=normal, unhandledPromptBehavior=dismiss and notify, strictFileInteractability=false, platform=ANY, proxy=Proxy(), goog:chromeOptions={debuggerAddress=localhost:51822}, webauthn:extension:credBlob=true, acceptInsecureCerts=true, browserVersion=100.0.4896.127, browserName=chrome, javascriptEnabled=true, platformName=windows, setWindowRect=true, webauthn:extension:largeBlob=true, webauthn:virtualAuthenticators=true}]
Session ID: e41acd55a0a50493257d4fe11d926283
	at sun.reflect.NativeConstructorAccessorImpl.newInstance0(Native Method)
	at sun.reflect.NativeConstructorAccessorImpl.newInstance(NativeConstructorAccessorImpl.java:62)
	at sun.reflect.DelegatingConstructorAccessorImpl.newInstance(DelegatingConstructorAccessorImpl.java:45)
	at java.lang.reflect.Constructor.newInstance(Constructor.java:423)
	at org.openqa.selenium.remote.http.W3CHttpResponseCodec.createException(W3CHttpResponseCodec.java:150)
	at org.openqa.selenium.remote.http.W3CHttpResponseCodec.decode(W3CHttpResponseCodec.java:115)
	at org.openqa.selenium.remote.http.W3CHttpResponseCodec.decode(W3CHttpResponseCodec.java:45)
	at org.openqa.selenium.remote.HttpCommandExecutor.execute(HttpCommandExecutor.java:164)
	at org.openqa.selenium.remote.service.DriverCommandExecutor.execute(DriverCommandExecutor.java:82)
	at org.openqa.selenium.remote.RemoteWebDriver.execute(RemoteWebDriver.java:637)
	at org.openqa.selenium.remote.RemoteWebDriver.perform(RemoteWebDriver.java:703)
	at org.openqa.selenium.interactions.Actions$BuiltAction.perform(Actions.java:631)
	at CDMNext.StepDefinations.SeriesTab.user_Mouse_hover_on_icon(SeriesTab.java:1318)
	at ✽.When User Mouse hover on "See in Database" icon(SeriesTab.feature:199)
</pre></pre></td>
                                                    </tr>
                                                    <tr>
                                                        <td>May 4, 2022 08:00:27 PM</td>
                                                        <td class='linked' test-id='112'>Verifying SeriesTab functionality.TC_SeriesTab_36:Verify 'Add and replace' from dropdown.And Click on drop down icon next to +</td>
                                                        <td><pre><pre>org.openqa.selenium.ElementNotInteractableException: element not interactable
  (Session info: chrome=100.0.4896.127)
Build info: version: '3.4.0', revision: 'unknown', time: 'unknown'
System info: host: 'IN-BLR-L008', ip: '192.168.56.1', os.name: 'Windows 10', os.arch: 'amd64', os.version: '10.0', java.version: '1.8.0_202'
Driver info: org.openqa.selenium.chrome.ChromeDriver
Capabilities [{networkConnectionEnabled=false, chrome={chromedriverVersion=100.0.4896.20 (f9d71f93d32a6487809d6f35a9670c879fe97dfe-refs/branch-heads/4896@{#203}), userDataDir=C:\Users\nmaduru\AppData\Local\Temp\scoped_dir25204_68894798}, timeouts={implicit=0.0, pageLoad=300000.0, script=30000.0}, pageLoadStrategy=normal, unhandledPromptBehavior=dismiss and notify, strictFileInteractability=false, platform=ANY, proxy=Proxy(), goog:chromeOptions={debuggerAddress=localhost:51822}, webauthn:extension:credBlob=true, acceptInsecureCerts=true, browserVersion=100.0.4896.127, browserName=chrome, javascriptEnabled=true, platformName=windows, setWindowRect=true, webauthn:extension:largeBlob=true, webauthn:virtualAuthenticators=true}]
Session ID: e41acd55a0a50493257d4fe11d926283
	at sun.reflect.NativeConstructorAccessorImpl.newInstance0(Native Method)
	at sun.reflect.NativeConstructorAccessorImpl.newInstance(NativeConstructorAccessorImpl.java:62)
	at sun.reflect.DelegatingConstructorAccessorImpl.newInstance(DelegatingConstructorAccessorImpl.java:45)
	at java.lang.reflect.Constructor.newInstance(Constructor.java:423)
	at org.openqa.selenium.remote.http.W3CHttpResponseCodec.createException(W3CHttpResponseCodec.java:150)
	at org.openqa.selenium.remote.http.W3CHttpResponseCodec.decode(W3CHttpResponseCodec.java:115)
	at org.openqa.selenium.remote.http.W3CHttpResponseCodec.decode(W3CHttpResponseCodec.java:45)
	at org.openqa.selenium.remote.HttpCommandExecutor.execute(HttpCommandExecutor.java:164)
	at org.openqa.selenium.remote.service.DriverCommandExecutor.execute(DriverCommandExecutor.java:82)
	at org.openqa.selenium.remote.RemoteWebDriver.execute(RemoteWebDriver.java:637)
	at org.openqa.selenium.remote.RemoteWebElement.execute(RemoteWebElement.java:272)
	at org.openqa.selenium.remote.RemoteWebElement.click(RemoteWebElement.java:82)
	at CDMNext.StepDefinations.SeriesTab.click_on_drop_down_icon_next_to(SeriesTab.java:1475)
	at ✽.And Click on drop down icon next to +(SeriesTab.feature:235)
</pre></pre></td>
                                                    </tr>
                                                    <tr>
                                                        <td>May 4, 2022 08:01:32 PM</td>
                                                        <td class='linked' test-id='117'>Verifying SeriesTab functionality.TC_SeriesTab_41:Verify 'Add' series from dropdown.And Click on drop down icon next to +</td>
                                                        <td><pre><pre>org.openqa.selenium.ElementNotInteractableException: element not interactable
  (Session info: chrome=100.0.4896.127)
Build info: version: '3.4.0', revision: 'unknown', time: 'unknown'
System info: host: 'IN-BLR-L008', ip: '192.168.56.1', os.name: 'Windows 10', os.arch: 'amd64', os.version: '10.0', java.version: '1.8.0_202'
Driver info: org.openqa.selenium.chrome.ChromeDriver
Capabilities [{networkConnectionEnabled=false, chrome={chromedriverVersion=100.0.4896.20 (f9d71f93d32a6487809d6f35a9670c879fe97dfe-refs/branch-heads/4896@{#203}), userDataDir=C:\Users\nmaduru\AppData\Local\Temp\scoped_dir25204_68894798}, timeouts={implicit=0.0, pageLoad=300000.0, script=30000.0}, pageLoadStrategy=normal, unhandledPromptBehavior=dismiss and notify, strictFileInteractability=false, platform=ANY, proxy=Proxy(), goog:chromeOptions={debuggerAddress=localhost:51822}, webauthn:extension:credBlob=true, acceptInsecureCerts=true, browserVersion=100.0.4896.127, browserName=chrome, javascriptEnabled=true, platformName=windows, setWindowRect=true, webauthn:extension:largeBlob=true, webauthn:virtualAuthenticators=true}]
Session ID: e41acd55a0a50493257d4fe11d926283
	at sun.reflect.NativeConstructorAccessorImpl.newInstance0(Native Method)
	at sun.reflect.NativeConstructorAccessorImpl.newInstance(NativeConstructorAccessorImpl.java:62)
	at sun.reflect.DelegatingConstructorAccessorImpl.newInstance(DelegatingConstructorAccessorImpl.java:45)
	at java.lang.reflect.Constructor.newInstance(Constructor.java:423)
	at org.openqa.selenium.remote.http.W3CHttpResponseCodec.createException(W3CHttpResponseCodec.java:150)
	at org.openqa.selenium.remote.http.W3CHttpResponseCodec.decode(W3CHttpResponseCodec.java:115)
	at org.openqa.selenium.remote.http.W3CHttpResponseCodec.decode(W3CHttpResponseCodec.java:45)
	at org.openqa.selenium.remote.HttpCommandExecutor.execute(HttpCommandExecutor.java:164)
	at org.openqa.selenium.remote.service.DriverCommandExecutor.execute(DriverCommandExecutor.java:82)
	at org.openqa.selenium.remote.RemoteWebDriver.execute(RemoteWebDriver.java:637)
	at org.openqa.selenium.remote.RemoteWebElement.execute(RemoteWebElement.java:272)
	at org.openqa.selenium.remote.RemoteWebElement.click(RemoteWebElement.java:82)
	at CDMNext.StepDefinations.SeriesTab.click_on_drop_down_icon_next_to(SeriesTab.java:1475)
	at ✽.And Click on drop down icon next to +(SeriesTab.feature:265)
</pre></pre></td>
                                                    </tr>
                                                    <tr>
                                                        <td>May 4, 2022 08:02:52 PM</td>
                                                        <td class='linked' test-id='122'>Verifying SeriesTab functionality.TC_SeriesTab_42:Verify 'Add to recent insight' in dropdown.And Click on drop down icon next to +</td>
                                                        <td><pre><pre>org.openqa.selenium.ElementNotInteractableException: element not interactable
  (Session info: chrome=100.0.4896.127)
Build info: version: '3.4.0', revision: 'unknown', time: 'unknown'
System info: host: 'IN-BLR-L008', ip: '192.168.56.1', os.name: 'Windows 10', os.arch: 'amd64', os.version: '10.0', java.version: '1.8.0_202'
Driver info: org.openqa.selenium.chrome.ChromeDriver
Capabilities [{networkConnectionEnabled=false, chrome={chromedriverVersion=100.0.4896.20 (f9d71f93d32a6487809d6f35a9670c879fe97dfe-refs/branch-heads/4896@{#203}), userDataDir=C:\Users\nmaduru\AppData\Local\Temp\scoped_dir25204_68894798}, timeouts={implicit=0.0, pageLoad=300000.0, script=30000.0}, pageLoadStrategy=normal, unhandledPromptBehavior=dismiss and notify, strictFileInteractability=false, platform=ANY, proxy=Proxy(), goog:chromeOptions={debuggerAddress=localhost:51822}, webauthn:extension:credBlob=true, acceptInsecureCerts=true, browserVersion=100.0.4896.127, browserName=chrome, javascriptEnabled=true, platformName=windows, setWindowRect=true, webauthn:extension:largeBlob=true, webauthn:virtualAuthenticators=true}]
Session ID: e41acd55a0a50493257d4fe11d926283
	at sun.reflect.NativeConstructorAccessorImpl.newInstance0(Native Method)
	at sun.reflect.NativeConstructorAccessorImpl.newInstance(NativeConstructorAccessorImpl.java:62)
	at sun.reflect.DelegatingConstructorAccessorImpl.newInstance(DelegatingConstructorAccessorImpl.java:45)
	at java.lang.reflect.Constructor.newInstance(Constructor.java:423)
	at org.openqa.selenium.remote.http.W3CHttpResponseCodec.createException(W3CHttpResponseCodec.java:150)
	at org.openqa.selenium.remote.http.W3CHttpResponseCodec.decode(W3CHttpResponseCodec.java:115)
	at org.openqa.selenium.remote.http.W3CHttpResponseCodec.decode(W3CHttpResponseCodec.java:45)
	at org.openqa.selenium.remote.HttpCommandExecutor.execute(HttpCommandExecutor.java:164)
	at org.openqa.selenium.remote.service.DriverCommandExecutor.execute(DriverCommandExecutor.java:82)
	at org.openqa.selenium.remote.RemoteWebDriver.execute(RemoteWebDriver.java:637)
	at org.openqa.selenium.remote.RemoteWebElement.execute(RemoteWebElement.java:272)
	at org.openqa.selenium.remote.RemoteWebElement.click(RemoteWebElement.java:82)
	at CDMNext.StepDefinations.SeriesTab.click_on_drop_down_icon_next_to(SeriesTab.java:1475)
	at ✽.And Click on drop down icon next to +(SeriesTab.feature:272)
</pre></pre></td>
                                                    </tr>
                                                    <tr>
                                                        <td>May 4, 2022 08:04:12 PM</td>
                                                        <td class='linked' test-id='129'>Verifying SeriesTab functionality.TC_SeriesTab_43:Verify 'Add to new insight' in dropdown.And Click on drop down icon next to +</td>
                                                        <td><pre><pre>org.openqa.selenium.ElementNotInteractableException: element not interactable
  (Session info: chrome=100.0.4896.127)
Build info: version: '3.4.0', revision: 'unknown', time: 'unknown'
System info: host: 'IN-BLR-L008', ip: '192.168.56.1', os.name: 'Windows 10', os.arch: 'amd64', os.version: '10.0', java.version: '1.8.0_202'
Driver info: org.openqa.selenium.chrome.ChromeDriver
Capabilities [{networkConnectionEnabled=false, chrome={chromedriverVersion=100.0.4896.20 (f9d71f93d32a6487809d6f35a9670c879fe97dfe-refs/branch-heads/4896@{#203}), userDataDir=C:\Users\nmaduru\AppData\Local\Temp\scoped_dir25204_68894798}, timeouts={implicit=0.0, pageLoad=300000.0, script=30000.0}, pageLoadStrategy=normal, unhandledPromptBehavior=dismiss and notify, strictFileInteractability=false, platform=ANY, proxy=Proxy(), goog:chromeOptions={debuggerAddress=localhost:51822}, webauthn:extension:credBlob=true, acceptInsecureCerts=true, browserVersion=100.0.4896.127, browserName=chrome, javascriptEnabled=true, platformName=windows, setWindowRect=true, webauthn:extension:largeBlob=true, webauthn:virtualAuthenticators=true}]
Session ID: e41acd55a0a50493257d4fe11d926283
	at sun.reflect.NativeConstructorAccessorImpl.newInstance0(Native Method)
	at sun.reflect.NativeConstructorAccessorImpl.newInstance(NativeConstructorAccessorImpl.java:62)
	at sun.reflect.DelegatingConstructorAccessorImpl.newInstance(DelegatingConstructorAccessorImpl.java:45)
	at java.lang.reflect.Constructor.newInstance(Constructor.java:423)
	at org.openqa.selenium.remote.http.W3CHttpResponseCodec.createException(W3CHttpResponseCodec.java:150)
	at org.openqa.selenium.remote.http.W3CHttpResponseCodec.decode(W3CHttpResponseCodec.java:115)
	at org.openqa.selenium.remote.http.W3CHttpResponseCodec.decode(W3CHttpResponseCodec.java:45)
	at org.openqa.selenium.remote.HttpCommandExecutor.execute(HttpCommandExecutor.java:164)
	at org.openqa.selenium.remote.service.DriverCommandExecutor.execute(DriverCommandExecutor.java:82)
	at org.openqa.selenium.remote.RemoteWebDriver.execute(RemoteWebDriver.java:637)
	at org.openqa.selenium.remote.RemoteWebElement.execute(RemoteWebElement.java:272)
	at org.openqa.selenium.remote.RemoteWebElement.click(RemoteWebElement.java:82)
	at CDMNext.StepDefinations.SeriesTab.click_on_drop_down_icon_next_to(SeriesTab.java:1475)
	at ✽.And Click on drop down icon next to +(SeriesTab.feature:281)
</pre></pre></td>
                                                    </tr>
                                                    <tr>
                                                        <td>May 4, 2022 08:05:31 PM</td>
                                                        <td class='linked' test-id='134'>Verifying SeriesTab functionality.TC_SeriesTab_44:Verify 'Add and group' from dropdown.And Click on drop down icon next to +</td>
                                                        <td><pre><pre>org.openqa.selenium.ElementNotInteractableException: element not interactable
  (Session info: chrome=100.0.4896.127)
Build info: version: '3.4.0', revision: 'unknown', time: 'unknown'
System info: host: 'IN-BLR-L008', ip: '192.168.56.1', os.name: 'Windows 10', os.arch: 'amd64', os.version: '10.0', java.version: '1.8.0_202'
Driver info: org.openqa.selenium.chrome.ChromeDriver
Capabilities [{networkConnectionEnabled=false, chrome={chromedriverVersion=100.0.4896.20 (f9d71f93d32a6487809d6f35a9670c879fe97dfe-refs/branch-heads/4896@{#203}), userDataDir=C:\Users\nmaduru\AppData\Local\Temp\scoped_dir25204_68894798}, timeouts={implicit=0.0, pageLoad=300000.0, script=30000.0}, pageLoadStrategy=normal, unhandledPromptBehavior=dismiss and notify, strictFileInteractability=false, platform=ANY, proxy=Proxy(), goog:chromeOptions={debuggerAddress=localhost:51822}, webauthn:extension:credBlob=true, acceptInsecureCerts=true, browserVersion=100.0.4896.127, browserName=chrome, javascriptEnabled=true, platformName=windows, setWindowRect=true, webauthn:extension:largeBlob=true, webauthn:virtualAuthenticators=true}]
Session ID: e41acd55a0a50493257d4fe11d926283
	at sun.reflect.NativeConstructorAccessorImpl.newInstance0(Native Method)
	at sun.reflect.NativeConstructorAccessorImpl.newInstance(NativeConstructorAccessorImpl.java:62)
	at sun.reflect.DelegatingConstructorAccessorImpl.newInstance(DelegatingConstructorAccessorImpl.java:45)
	at java.lang.reflect.Constructor.newInstance(Constructor.java:423)
	at org.openqa.selenium.remote.http.W3CHttpResponseCodec.createException(W3CHttpResponseCodec.java:150)
	at org.openqa.selenium.remote.http.W3CHttpResponseCodec.decode(W3CHttpResponseCodec.java:115)
	at org.openqa.selenium.remote.http.W3CHttpResponseCodec.decode(W3CHttpResponseCodec.java:45)
	at org.openqa.selenium.remote.HttpCommandExecutor.execute(HttpCommandExecutor.java:164)
	at org.openqa.selenium.remote.service.DriverCommandExecutor.execute(DriverCommandExecutor.java:82)
	at org.openqa.selenium.remote.RemoteWebDriver.execute(RemoteWebDriver.java:637)
	at org.openqa.selenium.remote.RemoteWebElement.execute(RemoteWebElement.java:272)
	at org.openqa.selenium.remote.RemoteWebElement.click(RemoteWebElement.java:82)
	at CDMNext.StepDefinations.SeriesTab.click_on_drop_down_icon_next_to(SeriesTab.java:1475)
	at ✽.And Click on drop down icon next to +(SeriesTab.feature:288)
</pre></pre></td>
                                                    </tr>
                                        </tbody>
                                    </table>
                                </div>
                            </div>
                        </li>
                        <li class='exception displayed active'>
                            <div class='exception-heading'>
                                <span class='exception-name'>org.openqa.selenium.StaleElementReferenceException</span>
                                <span class='exception-count right'><span class='label red lighten-1 white-text'>3</span></span>
                            </div>
                            <div class='exception-content hide'>
                                <div class='exception-tests'>
                                    <table class='bordered table-results'>
                                        <thead>
                                        <tr>
                                            <th>Timestamp</th>
                                            <th>TestName</th>
                                            <th>Status</th>
                                        </tr>
                                        </thead>
                                        <tbody>
                                                    <tr>
                                                        <td>May 4, 2022 07:54:46 PM</td>
                                                        <td class='linked' test-id='89'>Verifying SeriesTab functionality.TC_SeriesTab_25:Verify 'Mouse over' icons for series level.Then User can see the selected database in Databases tab</td>
                                                        <td><pre><pre>org.openqa.selenium.StaleElementReferenceException: stale element reference: element is not attached to the page document
  (Session info: chrome=100.0.4896.127)
For documentation on this error, please visit: http://seleniumhq.org/exceptions/stale_element_reference.html
Build info: version: '3.4.0', revision: 'unknown', time: 'unknown'
System info: host: 'IN-BLR-L008', ip: '192.168.56.1', os.name: 'Windows 10', os.arch: 'amd64', os.version: '10.0', java.version: '1.8.0_202'
Driver info: org.openqa.selenium.chrome.ChromeDriver
Capabilities [{networkConnectionEnabled=false, chrome={chromedriverVersion=100.0.4896.20 (f9d71f93d32a6487809d6f35a9670c879fe97dfe-refs/branch-heads/4896@{#203}), userDataDir=C:\Users\nmaduru\AppData\Local\Temp\scoped_dir25204_68894798}, timeouts={implicit=0.0, pageLoad=300000.0, script=30000.0}, pageLoadStrategy=normal, unhandledPromptBehavior=dismiss and notify, strictFileInteractability=false, platform=ANY, proxy=Proxy(), goog:chromeOptions={debuggerAddress=localhost:51822}, webauthn:extension:credBlob=true, acceptInsecureCerts=true, browserVersion=100.0.4896.127, browserName=chrome, javascriptEnabled=true, platformName=windows, setWindowRect=true, webauthn:extension:largeBlob=true, webauthn:virtualAuthenticators=true}]
Session ID: e41acd55a0a50493257d4fe11d926283
	at sun.reflect.NativeConstructorAccessorImpl.newInstance0(Native Method)
	at sun.reflect.NativeConstructorAccessorImpl.newInstance(NativeConstructorAccessorImpl.java:62)
	at sun.reflect.DelegatingConstructorAccessorImpl.newInstance(DelegatingConstructorAccessorImpl.java:45)
	at java.lang.reflect.Constructor.newInstance(Constructor.java:423)
	at org.openqa.selenium.remote.http.W3CHttpResponseCodec.createException(W3CHttpResponseCodec.java:150)
	at org.openqa.selenium.remote.http.W3CHttpResponseCodec.decode(W3CHttpResponseCodec.java:115)
	at org.openqa.selenium.remote.http.W3CHttpResponseCodec.decode(W3CHttpResponseCodec.java:45)
	at org.openqa.selenium.remote.HttpCommandExecutor.execute(HttpCommandExecutor.java:164)
	at org.openqa.selenium.remote.service.DriverCommandExecutor.execute(DriverCommandExecutor.java:82)
	at org.openqa.selenium.remote.RemoteWebDriver.execute(RemoteWebDriver.java:637)
	at org.openqa.selenium.remote.RemoteWebDriver.executeScript(RemoteWebDriver.java:573)
	at CDMNext.StepDefinations.SeriesTab.user_can_see_the_selected_database_in_Databases_tab(SeriesTab.java:1372)
	at ✽.Then User can see the selected database in Databases tab(SeriesTab.feature:166)
</pre></pre></td>
                                                    </tr>
                                                    <tr>
                                                        <td>May 4, 2022 07:57:08 PM</td>
                                                        <td class='linked' test-id='99'>Verifying SeriesTab functionality.TC_SeriesTab_29:Verify 'Mouse over' icons for series level.Then User can see the selected database in Databases tab</td>
                                                        <td><pre><pre>org.openqa.selenium.StaleElementReferenceException: stale element reference: element is not attached to the page document
  (Session info: chrome=100.0.4896.127)
For documentation on this error, please visit: http://seleniumhq.org/exceptions/stale_element_reference.html
Build info: version: '3.4.0', revision: 'unknown', time: 'unknown'
System info: host: 'IN-BLR-L008', ip: '192.168.56.1', os.name: 'Windows 10', os.arch: 'amd64', os.version: '10.0', java.version: '1.8.0_202'
Driver info: org.openqa.selenium.chrome.ChromeDriver
Capabilities [{networkConnectionEnabled=false, chrome={chromedriverVersion=100.0.4896.20 (f9d71f93d32a6487809d6f35a9670c879fe97dfe-refs/branch-heads/4896@{#203}), userDataDir=C:\Users\nmaduru\AppData\Local\Temp\scoped_dir25204_68894798}, timeouts={implicit=0.0, pageLoad=300000.0, script=30000.0}, pageLoadStrategy=normal, unhandledPromptBehavior=dismiss and notify, strictFileInteractability=false, platform=ANY, proxy=Proxy(), goog:chromeOptions={debuggerAddress=localhost:51822}, webauthn:extension:credBlob=true, acceptInsecureCerts=true, browserVersion=100.0.4896.127, browserName=chrome, javascriptEnabled=true, platformName=windows, setWindowRect=true, webauthn:extension:largeBlob=true, webauthn:virtualAuthenticators=true}]
Session ID: e41acd55a0a50493257d4fe11d926283
	at sun.reflect.NativeConstructorAccessorImpl.newInstance0(Native Method)
	at sun.reflect.NativeConstructorAccessorImpl.newInstance(NativeConstructorAccessorImpl.java:62)
	at sun.reflect.DelegatingConstructorAccessorImpl.newInstance(DelegatingConstructorAccessorImpl.java:45)
	at java.lang.reflect.Constructor.newInstance(Constructor.java:423)
	at org.openqa.selenium.remote.http.W3CHttpResponseCodec.createException(W3CHttpResponseCodec.java:150)
	at org.openqa.selenium.remote.http.W3CHttpResponseCodec.decode(W3CHttpResponseCodec.java:115)
	at org.openqa.selenium.remote.http.W3CHttpResponseCodec.decode(W3CHttpResponseCodec.java:45)
	at org.openqa.selenium.remote.HttpCommandExecutor.execute(HttpCommandExecutor.java:164)
	at org.openqa.selenium.remote.service.DriverCommandExecutor.execute(DriverCommandExecutor.java:82)
	at org.openqa.selenium.remote.RemoteWebDriver.execute(RemoteWebDriver.java:637)
	at org.openqa.selenium.remote.RemoteWebDriver.executeScript(RemoteWebDriver.java:573)
	at CDMNext.StepDefinations.SeriesTab.user_can_see_the_selected_database_in_Databases_tab(SeriesTab.java:1372)
	at ✽.Then User can see the selected database in Databases tab(SeriesTab.feature:194)
</pre></pre></td>
                                                    </tr>
                                                    <tr>
                                                        <td>May 4, 2022 07:59:28 PM</td>
                                                        <td class='linked' test-id='108'>Verifying SeriesTab functionality.TC_SeriesTab_31:Verify 'Mouse over' icons for series level.Then User can see the selected database in Databases tab</td>
                                                        <td><pre><pre>org.openqa.selenium.StaleElementReferenceException: stale element reference: element is not attached to the page document
  (Session info: chrome=100.0.4896.127)
For documentation on this error, please visit: http://seleniumhq.org/exceptions/stale_element_reference.html
Build info: version: '3.4.0', revision: 'unknown', time: 'unknown'
System info: host: 'IN-BLR-L008', ip: '192.168.56.1', os.name: 'Windows 10', os.arch: 'amd64', os.version: '10.0', java.version: '1.8.0_202'
Driver info: org.openqa.selenium.chrome.ChromeDriver
Capabilities [{networkConnectionEnabled=false, chrome={chromedriverVersion=100.0.4896.20 (f9d71f93d32a6487809d6f35a9670c879fe97dfe-refs/branch-heads/4896@{#203}), userDataDir=C:\Users\nmaduru\AppData\Local\Temp\scoped_dir25204_68894798}, timeouts={implicit=0.0, pageLoad=300000.0, script=30000.0}, pageLoadStrategy=normal, unhandledPromptBehavior=dismiss and notify, strictFileInteractability=false, platform=ANY, proxy=Proxy(), goog:chromeOptions={debuggerAddress=localhost:51822}, webauthn:extension:credBlob=true, acceptInsecureCerts=true, browserVersion=100.0.4896.127, browserName=chrome, javascriptEnabled=true, platformName=windows, setWindowRect=true, webauthn:extension:largeBlob=true, webauthn:virtualAuthenticators=true}]
Session ID: e41acd55a0a50493257d4fe11d926283
	at sun.reflect.NativeConstructorAccessorImpl.newInstance0(Native Method)
	at sun.reflect.NativeConstructorAccessorImpl.newInstance(NativeConstructorAccessorImpl.java:62)
	at sun.reflect.DelegatingConstructorAccessorImpl.newInstance(DelegatingConstructorAccessorImpl.java:45)
	at java.lang.reflect.Constructor.newInstance(Constructor.java:423)
	at org.openqa.selenium.remote.http.W3CHttpResponseCodec.createException(W3CHttpResponseCodec.java:150)
	at org.openqa.selenium.remote.http.W3CHttpResponseCodec.decode(W3CHttpResponseCodec.java:115)
	at org.openqa.selenium.remote.http.W3CHttpResponseCodec.decode(W3CHttpResponseCodec.java:45)
	at org.openqa.selenium.remote.HttpCommandExecutor.execute(HttpCommandExecutor.java:164)
	at org.openqa.selenium.remote.service.DriverCommandExecutor.execute(DriverCommandExecutor.java:82)
	at org.openqa.selenium.remote.RemoteWebDriver.execute(RemoteWebDriver.java:637)
	at org.openqa.selenium.remote.RemoteWebDriver.executeScript(RemoteWebDriver.java:573)
	at CDMNext.StepDefinations.SeriesTab.user_can_see_the_selected_database_in_Databases_tab(SeriesTab.java:1372)
	at ✽.Then User can see the selected database in Databases tab(SeriesTab.feature:207)
</pre></pre></td>
                                                    </tr>
                                        </tbody>
                                    </table>
                                </div>
                            </div>
                        </li>
                        <li class='exception displayed active'>
                            <div class='exception-heading'>
                                <span class='exception-name'>org.openqa.selenium.TimeoutException</span>
                                <span class='exception-count right'><span class='label red lighten-1 white-text'>1</span></span>
                            </div>
                            <div class='exception-content hide'>
                                <div class='exception-tests'>
                                    <table class='bordered table-results'>
                                        <thead>
                                        <tr>
                                            <th>Timestamp</th>
                                            <th>TestName</th>
                                            <th>Status</th>
                                        </tr>
                                        </thead>
                                        <tbody>
                                                    <tr>
                                                        <td>May 4, 2022 08:09:09 PM</td>
                                                        <td class='linked' test-id='147'>Verifying SeriesTab functionality.TC_SeriesTab_50:Verify results by World trend plus database.Then Search results should include series only from world trend plus DB</td>
                                                        <td><pre><pre>org.openqa.selenium.TimeoutException: Expected condition failed: waiting for visibility of element located by By.xpath: (//*[@class='series-representation--list']/*//*[contains(@class,'series-search-list-item')])[6]//*[@title='Open footnote'] (tried for 2000 second(s) with 500 MILLISECONDS interval)
	at org.openqa.selenium.support.ui.WebDriverWait.timeoutException(WebDriverWait.java:80)
	at org.openqa.selenium.support.ui.FluentWait.until(FluentWait.java:232)
	at CDMNext.StepDefinations.SeriesTab.search_results_should_include_series_only_from_world_trend_plus_DB(SeriesTab.java:1826)
	at ✽.Then Search results should include series only from world trend plus DB(SeriesTab.feature:333)
Caused by: org.openqa.selenium.NoSuchElementException: Cannot locate an element using By.xpath: (//*[@class='series-representation--list']/*//*[contains(@class,'series-search-list-item')])[6]//*[@title='Open footnote']
For documentation on this error, please visit: http://seleniumhq.org/exceptions/no_such_element.html
Build info: version: '3.4.0', revision: 'unknown', time: 'unknown'
System info: host: 'IN-BLR-L008', ip: '192.168.56.1', os.name: 'Windows 10', os.arch: 'amd64', os.version: '10.0', java.version: '1.8.0_202'
Driver info: driver.version: unknown
	at org.openqa.selenium.support.ui.ExpectedConditions.lambda$findElement$0(ExpectedConditions.java:883)
	at java.util.Optional.orElseThrow(Optional.java:290)
	at org.openqa.selenium.support.ui.ExpectedConditions.findElement(ExpectedConditions.java:882)
	at org.openqa.selenium.support.ui.ExpectedConditions.access$000(ExpectedConditions.java:44)
	at org.openqa.selenium.support.ui.ExpectedConditions$7.apply(ExpectedConditions.java:206)
	at org.openqa.selenium.support.ui.ExpectedConditions$7.apply(ExpectedConditions.java:202)
	at org.openqa.selenium.support.ui.FluentWait.until(FluentWait.java:209)
	at CDMNext.StepDefinations.SeriesTab.search_results_should_include_series_only_from_world_trend_plus_DB(SeriesTab.java:1826)
	at sun.reflect.NativeMethodAccessorImpl.invoke0(Native Method)
	at sun.reflect.NativeMethodAccessorImpl.invoke(NativeMethodAccessorImpl.java:62)
	at sun.reflect.DelegatingMethodAccessorImpl.invoke(DelegatingMethodAccessorImpl.java:43)
	at java.lang.reflect.Method.invoke(Method.java:498)
	at cucumber.runtime.Utils$1.call(Utils.java:40)
	at cucumber.runtime.Timeout.timeout(Timeout.java:16)
	at cucumber.runtime.Utils.invoke(Utils.java:34)
	at cucumber.runtime.java.JavaStepDefinition.execute(JavaStepDefinition.java:38)
	at cucumber.runtime.StepDefinitionMatch.runStep(StepDefinitionMatch.java:37)
	at cucumber.runtime.Runtime.runStep(Runtime.java:300)
	at cucumber.runtime.model.StepContainer.runStep(StepContainer.java:44)
	at cucumber.runtime.model.StepContainer.runSteps(StepContainer.java:39)
	at cucumber.runtime.model.CucumberScenario.run(CucumberScenario.java:44)
	at cucumber.runtime.model.CucumberFeature.run(CucumberFeature.java:165)
	at cucumber.api.testng.TestNGCucumberRunner.runCucumber(TestNGCucumberRunner.java:63)
	at CDMNext.runner.TestRunner.feature(TestRunner.java:53)
	at sun.reflect.NativeMethodAccessorImpl.invoke0(Native Method)
	at sun.reflect.NativeMethodAccessorImpl.invoke(NativeMethodAccessorImpl.java:62)
	at sun.reflect.DelegatingMethodAccessorImpl.invoke(DelegatingMethodAccessorImpl.java:43)
	at java.lang.reflect.Method.invoke(Method.java:498)
	at org.testng.internal.MethodInvocationHelper.invokeMethod(MethodInvocationHelper.java:85)
	at org.testng.internal.Invoker.invokeMethod(Invoker.java:639)
	at org.testng.internal.Invoker.invokeTestMethod(Invoker.java:816)
	at org.testng.internal.Invoker.invokeTestMethods(Invoker.java:1124)
	at org.testng.internal.TestMethodWorker.invokeTestMethods(TestMethodWorker.java:125)
	at org.testng.internal.TestMethodWorker.run(TestMethodWorker.java:108)
	at org.testng.TestRunner.privateRun(TestRunner.java:774)
	at org.testng.TestRunner.run(TestRunner.java:624)
	at org.testng.SuiteRunner.runTest(SuiteRunner.java:359)
	at org.testng.SuiteRunner.runSequentially(SuiteRunner.java:354)
	at org.testng.SuiteRunner.privateRun(SuiteRunner.java:312)
	at org.testng.SuiteRunner.run(SuiteRunner.java:261)
	at org.testng.SuiteRunnerWorker.runSuite(SuiteRunnerWorker.java:52)
	at org.testng.SuiteRunnerWorker.run(SuiteRunnerWorker.java:86)
	at org.testng.TestNG.runSuitesSequentially(TestNG.java:1191)
	at org.testng.TestNG.runSuitesLocally(TestNG.java:1116)
	at org.testng.TestNG.run(TestNG.java:1024)
	at org.testng.remote.AbstractRemoteTestNG.run(AbstractRemoteTestNG.java:114)
	at org.testng.remote.RemoteTestNG.initAndRun(RemoteTestNG.java:251)
	at org.testng.remote.RemoteTestNG.main(RemoteTestNG.java:77)
</pre></pre></td>
                                                    </tr>
                                        </tbody>
                                    </table>
                                </div>
                            </div>
                        </li>
                        <li class='exception displayed active'>
                            <div class='exception-heading'>
                                <span class='exception-name'>java.lang.NullPointerException</span>
                                <span class='exception-count right'><span class='label red lighten-1 white-text'>2</span></span>
                            </div>
                            <div class='exception-content hide'>
                                <div class='exception-tests'>
                                    <table class='bordered table-results'>
                                        <thead>
                                        <tr>
                                            <th>Timestamp</th>
                                            <th>TestName</th>
                                            <th>Status</th>
                                        </tr>
                                        </thead>
                                        <tbody>
                                                    <tr>
                                                        <td>May 4, 2022 08:53:57 PM</td>
                                                        <td class='linked' test-id='189'>Verifying SeriesTab functionality.TC_SeriesTab_59:Verify Footnotes option for series from right pane from More actions.Then Footnotes should be opened for selected series</td>
                                                        <td><pre><pre>java.lang.NullPointerException
	at CDMNext.StepDefinations.SeriesTab.footnotes_should_be_opened_for_selected_series(SeriesTab.java:1994)
	at ✽.Then Footnotes should be opened for selected series(SeriesTab.feature:409)
</pre></pre></td>
                                                    </tr>
                                                    <tr>
                                                        <td>May 4, 2022 09:15:20 PM</td>
                                                        <td class='linked' test-id='257'>Verifying SeriesTab functionality.TC_SeriesTab_78:Verify selected First obs before and Last ob after results.Then User verify the search results</td>
                                                        <td><pre><pre>java.lang.NullPointerException
	at CDMNext.StepDefinations.Filters.user_verify_the_search_results(Filters.java:636)
	at ✽.Then User verify the search results(SeriesTab.feature:542)
</pre></pre></td>
                                                    </tr>
                                        </tbody>
                                    </table>
                                </div>
                            </div>
                        </li>
                        <li class='exception displayed active'>
                            <div class='exception-heading'>
                                <span class='exception-name'>org.openqa.selenium.NoSuchElementException</span>
                                <span class='exception-count right'><span class='label red lighten-1 white-text'>2</span></span>
                            </div>
                            <div class='exception-content hide'>
                                <div class='exception-tests'>
                                    <table class='bordered table-results'>
                                        <thead>
                                        <tr>
                                            <th>Timestamp</th>
                                            <th>TestName</th>
                                            <th>Status</th>
                                        </tr>
                                        </thead>
                                        <tbody>
                                                    <tr>
                                                        <td>May 4, 2022 09:05:31 PM</td>
                                                        <td class='linked' test-id='233'>Verifying SeriesTab functionality.TC_SeriesTab_68:Verify 'Copy' option from More actions.And Select series and Click on More actions</td>
                                                        <td><pre><pre>org.openqa.selenium.NoSuchElementException: no such element: Unable to locate element: {"method":"xpath","selector":"(//*[@unselectable='on'])[2]//div[@class='series-list-item--content']//span[@title='More actions']"}
  (Session info: chrome=100.0.4896.127)
For documentation on this error, please visit: http://seleniumhq.org/exceptions/no_such_element.html
Build info: version: '3.4.0', revision: 'unknown', time: 'unknown'
System info: host: 'IN-BLR-L008', ip: '192.168.56.1', os.name: 'Windows 10', os.arch: 'amd64', os.version: '10.0', java.version: '1.8.0_202'
Driver info: org.openqa.selenium.chrome.ChromeDriver
Capabilities [{networkConnectionEnabled=false, chrome={chromedriverVersion=100.0.4896.20 (f9d71f93d32a6487809d6f35a9670c879fe97dfe-refs/branch-heads/4896@{#203}), userDataDir=C:\Users\nmaduru\AppData\Local\Temp\scoped_dir25204_68894798}, timeouts={implicit=0.0, pageLoad=300000.0, script=30000.0}, pageLoadStrategy=normal, unhandledPromptBehavior=dismiss and notify, strictFileInteractability=false, platform=ANY, proxy=Proxy(), goog:chromeOptions={debuggerAddress=localhost:51822}, webauthn:extension:credBlob=true, acceptInsecureCerts=true, browserVersion=100.0.4896.127, browserName=chrome, javascriptEnabled=true, platformName=windows, setWindowRect=true, webauthn:extension:largeBlob=true, webauthn:virtualAuthenticators=true}]
Session ID: e41acd55a0a50493257d4fe11d926283
*** Element info: {Using=xpath, value=(//*[@unselectable='on'])[2]//div[@class='series-list-item--content']//span[@title='More actions']}
	at sun.reflect.GeneratedConstructorAccessor17.newInstance(Unknown Source)
	at sun.reflect.DelegatingConstructorAccessorImpl.newInstance(DelegatingConstructorAccessorImpl.java:45)
	at java.lang.reflect.Constructor.newInstance(Constructor.java:423)
	at org.openqa.selenium.remote.http.W3CHttpResponseCodec.createException(W3CHttpResponseCodec.java:150)
	at org.openqa.selenium.remote.http.W3CHttpResponseCodec.decode(W3CHttpResponseCodec.java:115)
	at org.openqa.selenium.remote.http.W3CHttpResponseCodec.decode(W3CHttpResponseCodec.java:45)
	at org.openqa.selenium.remote.HttpCommandExecutor.execute(HttpCommandExecutor.java:164)
	at org.openqa.selenium.remote.service.DriverCommandExecutor.execute(DriverCommandExecutor.java:82)
	at org.openqa.selenium.remote.RemoteWebDriver.execute(RemoteWebDriver.java:637)
	at org.openqa.selenium.remote.RemoteWebDriver.findElement(RemoteWebDriver.java:410)
	at org.openqa.selenium.remote.RemoteWebDriver.findElementByXPath(RemoteWebDriver.java:509)
	at org.openqa.selenium.By$ByXPath.findElement(By.java:361)
	at org.openqa.selenium.remote.RemoteWebDriver.findElement(RemoteWebDriver.java:402)
	at CDMNext.StepDefinations.SeriesTab.select_series_and_Click_on_More_actions(SeriesTab.java:1983)
	at ✽.And Select series and Click on More actions(SeriesTab.feature:471)
</pre></pre></td>
                                                    </tr>
                                                    <tr>
                                                        <td>May 4, 2022 09:06:45 PM</td>
                                                        <td class='linked' test-id='238'>Verifying SeriesTab functionality.TC_SeriesTab_69:Verify showing results per page.And Scroll down and set showing results as "50" per page</td>
                                                        <td><pre><pre>org.openqa.selenium.NoSuchElementException: no such element: Unable to locate element: {"method":"xpath","selector":"//div[@class='search-series-pagination-count']//select"}
  (Session info: chrome=100.0.4896.127)
For documentation on this error, please visit: http://seleniumhq.org/exceptions/no_such_element.html
Build info: version: '3.4.0', revision: 'unknown', time: 'unknown'
System info: host: 'IN-BLR-L008', ip: '192.168.56.1', os.name: 'Windows 10', os.arch: 'amd64', os.version: '10.0', java.version: '1.8.0_202'
Driver info: org.openqa.selenium.chrome.ChromeDriver
Capabilities [{networkConnectionEnabled=false, chrome={chromedriverVersion=100.0.4896.20 (f9d71f93d32a6487809d6f35a9670c879fe97dfe-refs/branch-heads/4896@{#203}), userDataDir=C:\Users\nmaduru\AppData\Local\Temp\scoped_dir25204_68894798}, timeouts={implicit=0.0, pageLoad=300000.0, script=30000.0}, pageLoadStrategy=normal, unhandledPromptBehavior=dismiss and notify, strictFileInteractability=false, platform=ANY, proxy=Proxy(), goog:chromeOptions={debuggerAddress=localhost:51822}, webauthn:extension:credBlob=true, acceptInsecureCerts=true, browserVersion=100.0.4896.127, browserName=chrome, javascriptEnabled=true, platformName=windows, setWindowRect=true, webauthn:extension:largeBlob=true, webauthn:virtualAuthenticators=true}]
Session ID: e41acd55a0a50493257d4fe11d926283
*** Element info: {Using=xpath, value=//div[@class='search-series-pagination-count']//select}
	at sun.reflect.GeneratedConstructorAccessor17.newInstance(Unknown Source)
	at sun.reflect.DelegatingConstructorAccessorImpl.newInstance(DelegatingConstructorAccessorImpl.java:45)
	at java.lang.reflect.Constructor.newInstance(Constructor.java:423)
	at org.openqa.selenium.remote.http.W3CHttpResponseCodec.createException(W3CHttpResponseCodec.java:150)
	at org.openqa.selenium.remote.http.W3CHttpResponseCodec.decode(W3CHttpResponseCodec.java:115)
	at org.openqa.selenium.remote.http.W3CHttpResponseCodec.decode(W3CHttpResponseCodec.java:45)
	at org.openqa.selenium.remote.HttpCommandExecutor.execute(HttpCommandExecutor.java:164)
	at org.openqa.selenium.remote.service.DriverCommandExecutor.execute(DriverCommandExecutor.java:82)
	at org.openqa.selenium.remote.RemoteWebDriver.execute(RemoteWebDriver.java:637)
	at org.openqa.selenium.remote.RemoteWebDriver.findElement(RemoteWebDriver.java:410)
	at org.openqa.selenium.remote.RemoteWebDriver.findElementByXPath(RemoteWebDriver.java:509)
	at org.openqa.selenium.By$ByXPath.findElement(By.java:361)
	at org.openqa.selenium.remote.RemoteWebDriver.findElement(RemoteWebDriver.java:402)
	at CDMNext.StepDefinations.SeriesTab.scroll_down_and_set_showing_results_as_per_page(SeriesTab.java:2038)
	at ✽.And Scroll down and set showing results as "50" per page(SeriesTab.feature:478)
</pre></pre></td>
                                                    </tr>
                                        </tbody>
                                    </table>
                                </div>
                            </div>
                        </li>
                </ul>
        </div>
    </div>

    <div class='subview-right left'>
        <div class='view-summary'>
            <h5 class='exception-name'></h5>
        </div>
    </div>
</div>
<!-- exception view -->
<div id='dashboard-view' class='view hide'>
	<div class='card-panel transparent np-v'>
		<h5>Dashboard</h5>

		<div class='row'>
			<div class='col s2'>
				<div class='card-panel r'>
					Features
					<div class='panel-lead'>1</div>
				</div>
			</div>
			<div class='col s2'>
				<div class='card-panel r'>
					Scenarios
					<div class='panel-lead'>56</div>
				</div>
			</div>
			<div class='col s2'>
				<div class='card-panel r'>
					Steps
					<div class='panel-lead'>208</div>
				</div>
			</div>
			<div class='col s2'>
				<div class='card-panel r'>
					Start
					<div class='panel-lead'>May 4, 2022 07:26:53 PM</div>
				</div>
			</div>
			<div class='col s2'>
				<div class='card-panel r'>
			 		End
			 		<div class='panel-lead'>May 4, 2022 09:18:05 PM</div>
				</div>
			</div>
			<div class='col s2'>
				<div class='card-panel r'>
					Time Taken
					<div class='panel-lead'>1h 51m 12s+535ms</div>
				</div>
			</div>
			<div class='col s6'>
				<div class='card-panel dashboard-categories'>
					<span class='right label cyan white-text'>Categories</span><p>&nbsp;</p>
					
					<table>
						<tr>
							<th>Name</th>
							<th>Passed</th>
							<th>Failed</th>
							<th>Others</th>
							<th>Passed %</th>
						</tr>
						<tr>
							<td>@SeriesTab1</td>
							<td>39</td>
							<td>17</td>
							<td>0</td>
							<td>
									69.643%
							</td>
						</tr>
					</table>
				</div>
			</div>
		</div>
	</div>
</div>
<!-- dashboard view -->
<!-- testrunner-logs view -->
		</div>
		<!-- container -->

		<script>
			var statusGroup = {
				passParent: 0,
				failParent: 1,
				fatalParent: 0,
				errorParent: 0,
				warningParent: 0,
				skipParent: 0,
				exceptionsParent: 1,
				
				passChild: 39,
				failChild: 17,
				fatalChild: 0,
				errorChild: 0,
				warningChild: 0,
				skipChild: 0,
				infoChild: 0,
				exceptionsChild: 17,
				
				passGrandChild: 169,
				failGrandChild: 17,
				fatalGrandChild: 0,
				errorGrandChild: 0,
				warningGrandChild: 0,
				skipGrandChild: 22,
				infoGrandChild: 0,
				exceptionsGrandChild: 39,
			};
		</script>
		
			<script src='https://cdn.rawgit.com/anshooarora/extentreports-java/fca20fb7653aade98810546ab96a2a4360e3e712/dist/js/extent.js' type='text/javascript'></script>
		
		
 		<script type='text/javascript'>
 		</script>
	</body>
	
</html>
