<?xml version="1.0" encoding="UTF-8"?>
<!-- Generated by org.testng.reporters.JUnitReportReporter -->
<testsuite hostname="IN-BLR-SHRVSL1" name="CDMNext.runner.TestRunner" tests="1" failures="0" timestamp="14 Nov 2018 09:48:06 GMT" time="409.426" errors="1">
  <testcase name="feature" time="409.426" classname="CDMNext.runner.TestRunner">
    <error type="cucumber.runtime.CucumberException" message="java.lang.AssertionError: consumer keyword doesn&#039;t exists DATASETS
China Securities Index 300
Global Database
&gt;
China
&gt;
China: Financial Market
Equity Market Index, Asia
World Trend Plus
&gt;
Global Economic Monitor
&gt;
Financial Market
China Securities Index
China Premium Database
&gt;
Financial Market
&gt;
Securities Market
Banking and Financial Sector
Asia Forecasting Service
&gt;
China
&gt;
Financial Indicators">
      <![CDATA[cucumber.runtime.CucumberException: java.lang.AssertionError: consumer keyword doesn't exists DATASETS
China Securities Index 300
Global Database
>
China
>
China: Financial Market
Equity Market Index, Asia
World Trend Plus
>
Global Economic Monitor
>
Financial Market
China Securities Index
China Premium Database
>
Financial Market
>
Securities Market
Banking and Financial Sector
Asia Forecasting Service
>
China
>
Financial Indicators
	at cucumber.api.testng.TestNGCucumberRunner.runCucumber(TestNGCucumberRunner.java:69)
	at CDMNext.runner.TestRunner.feature(TestRunner.java:33)
	at sun.reflect.NativeMethodAccessorImpl.invoke0(Native Method)
	at sun.reflect.NativeMethodAccessorImpl.invoke(NativeMethodAccessorImpl.java:62)
	at sun.reflect.DelegatingMethodAccessorImpl.invoke(DelegatingMethodAccessorImpl.java:43)
	at java.lang.reflect.Method.invoke(Method.java:498)
	at org.testng.internal.MethodInvocationHelper.invokeMethod(MethodInvocationHelper.java:85)
	at org.testng.internal.Invoker.invokeMethod(Invoker.java:639)
	at org.testng.internal.Invoker.invokeTestMethod(Invoker.java:816)
	at org.testng.internal.Invoker.invokeTestMethods(Invoker.java:1124)
	at org.testng.internal.TestMethodWorker.invokeTestMethods(TestMethodWorker.java:125)
	at org.testng.internal.TestMethodWorker.run(TestMethodWorker.java:108)
	at org.testng.TestRunner.privateRun(TestRunner.java:774)
	at org.testng.TestRunner.run(TestRunner.java:624)
	at org.testng.SuiteRunner.runTest(SuiteRunner.java:359)
	at org.testng.SuiteRunner.runSequentially(SuiteRunner.java:354)
	at org.testng.SuiteRunner.privateRun(SuiteRunner.java:312)
	at org.testng.SuiteRunner.run(SuiteRunner.java:261)
	at org.testng.SuiteRunnerWorker.runSuite(SuiteRunnerWorker.java:52)
	at org.testng.SuiteRunnerWorker.run(SuiteRunnerWorker.java:86)
	at org.testng.TestNG.runSuitesSequentially(TestNG.java:1191)
	at org.testng.TestNG.runSuitesLocally(TestNG.java:1116)
	at org.testng.TestNG.run(TestNG.java:1024)
	at org.testng.remote.AbstractRemoteTestNG.run(AbstractRemoteTestNG.java:114)
	at org.testng.remote.RemoteTestNG.initAndRun(RemoteTestNG.java:251)
	at org.testng.remote.RemoteTestNG.main(RemoteTestNG.java:77)
Caused by: java.lang.AssertionError: consumer keyword doesn't exists DATASETS
China Securities Index 300
Global Database
>
China
>
China: Financial Market
Equity Market Index, Asia
World Trend Plus
>
Global Economic Monitor
>
Financial Market
China Securities Index
China Premium Database
>
Financial Market
>
Securities Market
Banking and Financial Sector
Asia Forecasting Service
>
China
>
Financial Indicators
	at org.testng.Assert.fail(Assert.java:94)
	at CDMNext.StepDefinations.Filters.user_verify_the_search_results(Filters.java:291)
	at ✽.Then User verify the search results(CDMNext/Features/Filters.feature:374)
]]>
    </error>
  </testcase> <!-- feature -->
</testsuite> <!-- CDMNext.runner.TestRunner -->
